<?xml version="1.0" encoding="UTF-8" ?>
<<<<<<< HEAD
<testsuite errors="4" failures="3" hostname="UPChiapas-PC" name="edu.uag.iidis.scec.pruebas.VehiculoDAOTest" skipped="0" tests="10" time="2.198" timestamp="2017-04-03T18:53:28">
=======
<<<<<<< HEAD
<testsuite errors="0" failures="0" hostname="ERIDE" name="edu.uag.iidis.scec.pruebas.VehiculoDAOTest" skipped="0" tests="1" time="4.93" timestamp="2017-04-02T21:19:22">
=======
<testsuite errors="7" failures="0" hostname="UPChiapas-PC" name="edu.uag.iidis.scec.pruebas.VehiculoDAOTest" skipped="0" tests="9" time="2.049" timestamp="2017-04-02T23:50:48">
>>>>>>> 43e17c3d83292f04fe3b4937ee7f12a705823dfe
>>>>>>> 32a716c4088eb5d32f742b4fffeaa397a15a92b7
  <properties>
    <property name="java.vendor" value="Oracle Corporation" />
    <property name="sun.java.launcher" value="SUN_STANDARD" />
    <property name="sun.management.compiler" value="HotSpot 64-Bit Tiered Compilers" />
    <property name="os.name" value="Windows 8.1" />
    <property name="sun.boot.class.path" value="C:\Program Files\Java\jdk1.8.0_92\jre\lib\resources.jar;C:\Program Files\Java\jdk1.8.0_92\jre\lib\rt.jar;C:\Program Files\Java\jdk1.8.0_92\jre\lib\sunrsasign.jar;C:\Program Files\Java\jdk1.8.0_92\jre\lib\jsse.jar;C:\Program Files\Java\jdk1.8.0_92\jre\lib\jce.jar;C:\Program Files\Java\jdk1.8.0_92\jre\lib\charsets.jar;C:\Program Files\Java\jdk1.8.0_92\jre\lib\jfr.jar;C:\Program Files\Java\jdk1.8.0_92\jre\classes" />
    <property name="sun.desktop" value="windows" />
    <property name="java.vm.specification.vendor" value="Oracle Corporation" />
    <property name="ant.home" value="C:\apache-ant-1.10.0" />
    <property name="java.runtime.version" value="1.8.0_92-b14" />
    <property name="src.home" value="C:\Users\ERIDE21\Desktop\JEJEManto/src" />
    <property name="user.name" value="ERIDE21" />
    <property name="web.home" value="C:\Users\ERIDE21\Desktop\JEJEManto/web" />
    <property name="ant.file.type.USJ" value="file" />
    <property name="manager.password" value="root" />
    <property name="test.out.dir" value="C:\Users\ERIDE21\Desktop\JEJEManto/testout" />
    <property name="user.language" value="es" />
    <property name="sun.boot.library.path" value="C:\Program Files\Java\jdk1.8.0_92\jre\bin" />
    <property name="ant.project.default-target" value="build" />
    <property name="docs.home" value="C:\Users\ERIDE21\Desktop\JEJEManto/docs" />
    <property name="ant.project.name" value="USJ" />
    <property name="java.version" value="1.8.0_92" />
    <property name="lib.home" value="C:\Users\ERIDE21\Desktop\JEJEManto/build/WEB-INF/lib" />
    <property name="user.timezone" value="" />
    <property name="sun.arch.data.model" value="64" />
    <property name="compile.optimize" value="true" />
    <property name="java.endorsed.dirs" value="C:\Program Files\Java\jdk1.8.0_92\jre\lib\endorsed" />
    <property name="sun.cpu.isalist" value="amd64" />
    <property name="sun.jnu.encoding" value="Cp1252" />
    <property name="file.encoding.pkg" value="sun.io" />
    <property name="file.separator" value="\" />
    <property name="java.specification.name" value="Java Platform API Specification" />
    <property name="java.class.version" value="52.0" />
    <property name="build.home" value="C:\Users\ERIDE21\Desktop\JEJEManto/build" />
    <property name="manager.username" value="root" />
    <property name="user.country" value="MX" />
    <property name="java.home" value="C:\Program Files\Java\jdk1.8.0_92\jre" />
    <property name="java.vm.info" value="mixed mode" />
    <property name="ant.file" value="C:\Users\ERIDE21\Desktop\JEJEManto\build.xml" />
    <property name="os.version" value="6.3" />
    <property name="classes.home" value="C:\Users\ERIDE21\Desktop\JEJEManto/build/WEB-INF/classes" />
    <property name="path.separator" value=";" />
    <property name="manager.url" value="http://127.0.0.1:8080/manager/text" />
    <property name="java.vm.version" value="25.92-b14" />
    <property name="user.variant" value="" />
    <property name="ant.library.dir" value="C:\apache-ant-1.10.0\lib" />
    <property name="java.awt.printerjob" value="sun.awt.windows.WPrinterJob" />
    <property name="sun.io.unicode.encoding" value="UnicodeLittle" />
    <property name="awt.toolkit" value="sun.awt.windows.WToolkit" />
    <property name="sun.stdout.encoding" value="cp850" />
    <property name="user.script" value="" />
    <property name="user.home" value="C:\Users\ERIDE21" />
    <property name="java.specification.vendor" value="Oracle Corporation" />
    <property name="app.path" value="/JEJEv0.3" />
    <property name="java.library.path" value="C:\Program Files\Java\jdk1.8.0_92\bin;C:\WINDOWS\Sun\Java\bin;C:\WINDOWS\system32;C:\WINDOWS;C:\Program Files (x86)\Embarcadero\Studio\19.0\bin;C:\Users\Public\Documents\Embarcadero\Studio\19.0\Bpl;C:\Program Files (x86)\Embarcadero\Studio\19.0\bin64;C:\Users\Public\Documents\Embarcadero\Studio\19.0\Bpl\Win64;C:\ProgramData\Oracle\Java\javapath;C:\WINDOWS\system32;C:\WINDOWS;C:\WINDOWS\System32\Wbem;C:\WINDOWS\System32\WindowsPowerShell\v1.0\;C:\Program Files\Hewlett-Packard\SimplePass\;C:\Program Files (x86)\ATI Technologies\ATI.ACE\Core-Static;C:\Program Files\Java;C:\apache-ant-1.10.0\bin;C:\Program Files\Git\cmd;C:\Program Files\Java\jdk1.8.0_92\bin;C:\Program Files\Java\jre1.8.0_92;C:\Program Files\MATLAB\MATLAB Production Server\R2015a\runtime\win64;C:\Program Files\MATLAB\MATLAB Production Server\R2015a\bin;C:\Program Files\MATLAB\MATLAB Production Server\R2015a\polyspace\bin;C:\Program Files (x86)\Windows Kits\10\Windows Performance Toolkit\;C:\Program Files\Microsoft SQL Server\130\Tools\Binn\;C:\Program Files\dotnet\;C:\Users\ERIDE21\.dnx\bin;C:\Program Files\Microsoft DNX\Dnvm\;C:\Apache Tomcat 8.0.27\bin;." />
    <property name="java.vendor.url" value="http://java.oracle.com/" />
    <property name="java.vm.vendor" value="Oracle Corporation" />
    <property name="java.runtime.name" value="Java(TM) SE Runtime Environment" />
<<<<<<< HEAD
    <property name="sun.java.command" value="org.apache.tools.ant.launch.Launcher -cp C:\Program Files\Java\jdk1.8.0_92\bin; junitreport" />
    <property name="java.class.path" value="C:\apache-ant-1.10.0\lib\ant-launcher.jar;C:\Program Files\Java\jdk1.8.0_92\bin\;C:\apache-ant-1.10.0\lib\ant-antlr.jar;C:\apache-ant-1.10.0\lib\ant-apache-bcel.jar;C:\apache-ant-1.10.0\lib\ant-apache-bsf.jar;C:\apache-ant-1.10.0\lib\ant-apache-log4j.jar;C:\apache-ant-1.10.0\lib\ant-apache-oro.jar;C:\apache-ant-1.10.0\lib\ant-apache-regexp.jar;C:\apache-ant-1.10.0\lib\ant-apache-resolver.jar;C:\apache-ant-1.10.0\lib\ant-apache-xalan2.jar;C:\apache-ant-1.10.0\lib\ant-commons-logging.jar;C:\apache-ant-1.10.0\lib\ant-commons-net.jar;C:\apache-ant-1.10.0\lib\ant-jai.jar;C:\apache-ant-1.10.0\lib\ant-javamail.jar;C:\apache-ant-1.10.0\lib\ant-jdepend.jar;C:\apache-ant-1.10.0\lib\ant-jmf.jar;C:\apache-ant-1.10.0\lib\ant-jsch.jar;C:\apache-ant-1.10.0\lib\ant-junit.jar;C:\apache-ant-1.10.0\lib\ant-junit4.jar;C:\apache-ant-1.10.0\lib\ant-launcher.jar;C:\apache-ant-1.10.0\lib\ant-netrexx.jar;C:\apache-ant-1.10.0\lib\ant-swing.jar;C:\apache-ant-1.10.0\lib\ant-testutil.jar;C:\apache-ant-1.10.0\lib\ant.jar;C:\Program Files\Java\jdk1.8.0_92\lib\tools.jar" />
    <property name="ant.version" value="Apache Ant(TM) version 1.10.0 compiled on December 27 2016" />
=======
    <property name="sun.java.command" value="org.apache.tools.ant.launch.Launcher -cp C:\Program Files\Java\jdk1.8.0_121\src.zip; junitreportVehiculo" />
    <property name="java.class.path" value="C:\apache-ant-1.9.9\lib\ant-launcher.jar;C:\Program Files\Java\jdk1.8.0_121\src.zip;C:\apache-ant-1.9.9\lib\ant-antlr.jar;C:\apache-ant-1.9.9\lib\ant-apache-bcel.jar;C:\apache-ant-1.9.9\lib\ant-apache-bsf.jar;C:\apache-ant-1.9.9\lib\ant-apache-log4j.jar;C:\apache-ant-1.9.9\lib\ant-apache-oro.jar;C:\apache-ant-1.9.9\lib\ant-apache-regexp.jar;C:\apache-ant-1.9.9\lib\ant-apache-resolver.jar;C:\apache-ant-1.9.9\lib\ant-apache-xalan2.jar;C:\apache-ant-1.9.9\lib\ant-commons-logging.jar;C:\apache-ant-1.9.9\lib\ant-commons-net.jar;C:\apache-ant-1.9.9\lib\ant-jai.jar;C:\apache-ant-1.9.9\lib\ant-javamail.jar;C:\apache-ant-1.9.9\lib\ant-jdepend.jar;C:\apache-ant-1.9.9\lib\ant-jmf.jar;C:\apache-ant-1.9.9\lib\ant-jsch.jar;C:\apache-ant-1.9.9\lib\ant-junit.jar;C:\apache-ant-1.9.9\lib\ant-junit4.jar;C:\apache-ant-1.9.9\lib\ant-launcher.jar;C:\apache-ant-1.9.9\lib\ant-netrexx.jar;C:\apache-ant-1.9.9\lib\ant-swing.jar;C:\apache-ant-1.9.9\lib\ant-testutil.jar;C:\apache-ant-1.9.9\lib\ant.jar;C:\Program Files\Java\jdk1.8.0_121\lib\tools.jar" />
    <property name="ant.version" value="Apache Ant(TM) version 1.9.9 compiled on February 2 2017" />
>>>>>>> 43e17c3d83292f04fe3b4937ee7f12a705823dfe
    <property name="app.name" value="JEJE" />
    <property name="java.vm.specification.name" value="Java Virtual Machine Specification" />
    <property name="ant.file.type" value="file" />
    <property name="java.vm.specification.version" value="1.8" />
    <property name="catalina.home" value="C:\Apache Tomcat 8.0.27" />
    <property name="sun.cpu.endian" value="little" />
    <property name="sun.os.patch.level" value="" />
    <property name="compile.debug" value="true" />
    <property name="java.io.tmpdir" value="C:\Users\ERIDE21\AppData\Local\Temp\" />
    <property name="dist.home" value="C:\Users\ERIDE21\Desktop\JEJEManto/dist" />
    <property name="java.vendor.url.bug" value="http://bugreport.sun.com/bugreport/" />
    <property name="java.awt.graphicsenv" value="sun.awt.Win32GraphicsEnvironment" />
    <property name="os.arch" value="amd64" />
    <property name="java.ext.dirs" value="C:\Program Files\Java\jdk1.8.0_92\jre\lib\ext;C:\WINDOWS\Sun\Java\lib\ext" />
    <property name="user.dir" value="C:\Users\ERIDE21\Desktop\JEJEManto" />
    <property name="ant.file.USJ" value="C:\Users\ERIDE21\Desktop\JEJEManto\build.xml" />
    <property name="line.separator" value="&#xd;&#xa;" />
    <property name="java.vm.name" value="Java HotSpot(TM) 64-Bit Server VM" />
    <property name="app.version" value="0.3" />
    <property name="compile.deprecation" value="false" />
    <property name="basedir" value="C:\Users\ERIDE21\Desktop\JEJEManto" />
    <property name="ant.java.version" value="1.8" />
    <property name="ant.core.lib" value="C:\apache-ant-1.10.0\lib\ant.jar" />
    <property name="file.encoding" value="Cp1252" />
    <property name="sun.stderr.encoding" value="cp850" />
    <property name="java.specification.version" value="1.8" />
<<<<<<< HEAD
    <property name="ant.project.invoked-targets" value="junitreport" />
  </properties>
  <testcase classname="edu.uag.iidis.scec.pruebas.VehiculoDAOTest" name="testCrearVehiculo" time="4.838" />
  <system-out><![CDATA[[SCEC] 2017-04-02 16:19:23,084 DEBUG edu.uag.iidis.scec.persistencia.hibernate.HibernateUtil.<clinit>(69) : >creando sessionFactory
[SCEC] 2017-04-02 16:19:26,787 DEBUG edu.uag.iidis.scec.persistencia.hibernate.HibernateUtil.beginTransaction(230) : >beginTransaction()
[SCEC] 2017-04-02 16:19:26,791 DEBUG edu.uag.iidis.scec.persistencia.hibernate.HibernateUtil.beginTransaction(237) : -Iniciando una nueva transacción de base de datos en este thread.
[SCEC] 2017-04-02 16:19:26,791 DEBUG edu.uag.iidis.scec.persistencia.hibernate.HibernateUtil.getSession(160) : >getSession()
[SCEC] 2017-04-02 16:19:26,791 DEBUG edu.uag.iidis.scec.persistencia.hibernate.HibernateUtil.getSession(167) : -Abriendo una nueva sesión para el thread.
[SCEC] 2017-04-02 16:19:26,911 DEBUG edu.uag.iidis.scec.persistencia.VehiculoDAO.hazPersistente(103) : >hazPersistente(Vehiculo)
[SCEC] 2017-04-02 16:19:26,911 DEBUG edu.uag.iidis.scec.persistencia.hibernate.HibernateUtil.getSession(160) : >getSession()
Hibernate: select max(idVehiculo) from vehiculos
[SCEC] 2017-04-02 16:19:27,456 DEBUG edu.uag.iidis.scec.persistencia.hibernate.HibernateUtil.commitTransaction(256) : >commitTransaction()
[SCEC] 2017-04-02 16:19:27,460 DEBUG edu.uag.iidis.scec.persistencia.hibernate.HibernateUtil.commitTransaction(264) : -Comprometiendo la transacción de este thread.
Hibernate: insert into vehiculos (tipo, modelo, marca, placa, color, curp, idVehiculo) values (?, ?, ?, ?, ?, ?, ?)
[SCEC] 2017-04-02 16:19:27,654 DEBUG edu.uag.iidis.scec.persistencia.hibernate.HibernateUtil.closeSession(204) : >closeSession()
[SCEC] 2017-04-02 16:19:27,654 DEBUG edu.uag.iidis.scec.persistencia.hibernate.HibernateUtil.closeSession(212) : -Cerrando la sesión local al thread.
=======
    <property name="ant.project.invoked-targets" value="junitreportVehiculo" />
  </properties>
  <testcase classname="edu.uag.iidis.scec.pruebas.VehiculoDAOTest" name="testCrearVehiculoE" time="1.843">
    <error message="org.hibernate.exception.ConstraintViolationException: Duplicate key or integrity constraint violation,  message from server: &quot;Duplicate entry &apos;AHI98G&apos; for key &apos;placa_UNIQUE&apos;&quot;" type="edu.uag.iidis.scec.excepciones.ExcepcionInfraestructura">edu.uag.iidis.scec.excepciones.ExcepcionInfraestructura: org.hibernate.exception.ConstraintViolationException: Duplicate key or integrity constraint violation,  message from server: &quot;Duplicate entry &apos;AHI98G&apos; for key &apos;placa_UNIQUE&apos;&quot;
	at edu.uag.iidis.scec.persistencia.hibernate.HibernateUtil.commitTransaction(HibernateUtil.java:259)
	at edu.uag.iidis.scec.pruebas.VehiculoDAOTest.testCrearVehiculoE(VehiculoDAOTest.java:26)
Caused by: org.hibernate.exception.ConstraintViolationException: Duplicate key or integrity constraint violation,  message from server: &quot;Duplicate entry &apos;AHI98G&apos; for key &apos;placa_UNIQUE&apos;&quot;
	at org.hibernate.exception.internal.SQLStateConverter.convert(SQLStateConverter.java:104)
	at org.hibernate.engine.jdbc.spi.SqlExceptionHelper.convert(SqlExceptionHelper.java:125)
	at org.hibernate.engine.jdbc.spi.SqlExceptionHelper.convert(SqlExceptionHelper.java:110)
	at org.hibernate.engine.jdbc.internal.proxy.AbstractStatementProxyHandler.continueInvocation(AbstractStatementProxyHandler.java:129)
	at org.hibernate.engine.jdbc.internal.proxy.AbstractProxyHandler.invoke(AbstractProxyHandler.java:81)
	at com.sun.proxy.$Proxy5.executeUpdate(Unknown Source)
	at org.hibernate.engine.jdbc.batch.internal.NonBatchingBatch.addToBatch(NonBatchingBatch.java:56)
	at org.hibernate.persister.entity.AbstractEntityPersister.insert(AbstractEntityPersister.java:2849)
	at org.hibernate.persister.entity.AbstractEntityPersister.insert(AbstractEntityPersister.java:3290)
	at org.hibernate.action.internal.EntityInsertAction.execute(EntityInsertAction.java:80)
	at org.hibernate.engine.spi.ActionQueue.execute(ActionQueue.java:273)
	at org.hibernate.engine.spi.ActionQueue.executeActions(ActionQueue.java:265)
	at org.hibernate.engine.spi.ActionQueue.executeActions(ActionQueue.java:186)
	at org.hibernate.event.internal.AbstractFlushingEventListener.performExecutions(AbstractFlushingEventListener.java:323)
	at org.hibernate.event.internal.DefaultFlushEventListener.onFlush(DefaultFlushEventListener.java:52)
	at org.hibernate.internal.SessionImpl.flush(SessionImpl.java:1081)
	at org.hibernate.internal.SessionImpl.managedFlush(SessionImpl.java:315)
	at org.hibernate.engine.transaction.internal.jdbc.JdbcTransaction.beforeTransactionCommit(JdbcTransaction.java:101)
	at org.hibernate.engine.transaction.spi.AbstractTransactionImpl.commit(AbstractTransactionImpl.java:175)
	at edu.uag.iidis.scec.persistencia.hibernate.HibernateUtil.commitTransaction(HibernateUtil.java:250)
Caused by: java.sql.SQLException: Duplicate key or integrity constraint violation,  message from server: &quot;Duplicate entry &apos;AHI98G&apos; for key &apos;placa_UNIQUE&apos;&quot;
	at com.mysql.jdbc.MysqlIO.checkErrorPacket(MysqlIO.java:1977)
	at com.mysql.jdbc.MysqlIO.sendCommand(MysqlIO.java:1163)
	at com.mysql.jdbc.MysqlIO.sqlQueryDirect(MysqlIO.java:1272)
	at com.mysql.jdbc.Connection.execSQL(Connection.java:2236)
	at com.mysql.jdbc.PreparedStatement.executeUpdate(PreparedStatement.java:1741)
	at com.mysql.jdbc.PreparedStatement.executeUpdate(PreparedStatement.java:1588)
	at org.hibernate.engine.jdbc.internal.proxy.AbstractStatementProxyHandler.continueInvocation(AbstractStatementProxyHandler.java:122)
</error>
  </testcase>
  <testcase classname="edu.uag.iidis.scec.pruebas.VehiculoDAOTest" name="testCrearVehiculoF" time="0.007">
    <failure message="El vehiculo ya se encuentra registrado" type="junit.framework.AssertionFailedError">junit.framework.AssertionFailedError: El vehiculo ya se encuentra registrado
	at edu.uag.iidis.scec.pruebas.VehiculoDAOTest.testCrearVehiculoF(VehiculoDAOTest.java:52)
</failure>
  </testcase>
  <testcase classname="edu.uag.iidis.scec.pruebas.VehiculoDAOTest" name="test4ActualizarVehiculoF" time="0.13">
    <error type="java.lang.NullPointerException">java.lang.NullPointerException
	at edu.uag.iidis.scec.persistencia.VehiculoDAO.hazPersistenteP(VehiculoDAO.java:131)
	at edu.uag.iidis.scec.pruebas.VehiculoDAOTest.test4ActualizarVehiculoF(VehiculoDAOTest.java:87)
</error>
  </testcase>
  <testcase classname="edu.uag.iidis.scec.pruebas.VehiculoDAOTest" name="ordenarVehiculosPorE" time="0.013">
    <error message="org.hibernate.exception.ConstraintViolationException: Duplicate key or integrity constraint violation,  message from server: &quot;Duplicate entry &apos;OIUP2U3&apos; for key &apos;placa_UNIQUE&apos;&quot;" type="edu.uag.iidis.scec.excepciones.ExcepcionInfraestructura">edu.uag.iidis.scec.excepciones.ExcepcionInfraestructura: org.hibernate.exception.ConstraintViolationException: Duplicate key or integrity constraint violation,  message from server: &quot;Duplicate entry &apos;OIUP2U3&apos; for key &apos;placa_UNIQUE&apos;&quot;
	at edu.uag.iidis.scec.persistencia.VehiculoDAO.ordenarVehiculosPor(VehiculoDAO.java:365)
	at edu.uag.iidis.scec.pruebas.VehiculoDAOTest.ordenarVehiculosPorE(VehiculoDAOTest.java:192)
Caused by: org.hibernate.exception.ConstraintViolationException: Duplicate key or integrity constraint violation,  message from server: &quot;Duplicate entry &apos;OIUP2U3&apos; for key &apos;placa_UNIQUE&apos;&quot;
	at org.hibernate.exception.internal.SQLStateConverter.convert(SQLStateConverter.java:104)
	at org.hibernate.engine.jdbc.spi.SqlExceptionHelper.convert(SqlExceptionHelper.java:125)
	at org.hibernate.engine.jdbc.spi.SqlExceptionHelper.convert(SqlExceptionHelper.java:110)
	at org.hibernate.engine.jdbc.internal.proxy.AbstractStatementProxyHandler.continueInvocation(AbstractStatementProxyHandler.java:129)
	at org.hibernate.engine.jdbc.internal.proxy.AbstractProxyHandler.invoke(AbstractProxyHandler.java:81)
	at com.sun.proxy.$Proxy5.executeUpdate(Unknown Source)
	at org.hibernate.engine.jdbc.batch.internal.NonBatchingBatch.addToBatch(NonBatchingBatch.java:56)
	at org.hibernate.persister.entity.AbstractEntityPersister.insert(AbstractEntityPersister.java:2849)
	at org.hibernate.persister.entity.AbstractEntityPersister.insert(AbstractEntityPersister.java:3290)
	at org.hibernate.action.internal.EntityInsertAction.execute(EntityInsertAction.java:80)
	at org.hibernate.engine.spi.ActionQueue.execute(ActionQueue.java:273)
	at org.hibernate.engine.spi.ActionQueue.executeActions(ActionQueue.java:265)
	at org.hibernate.engine.spi.ActionQueue.executeActions(ActionQueue.java:186)
	at org.hibernate.event.internal.AbstractFlushingEventListener.performExecutions(AbstractFlushingEventListener.java:323)
	at org.hibernate.event.internal.DefaultAutoFlushEventListener.onAutoFlush(DefaultAutoFlushEventListener.java:59)
	at org.hibernate.internal.SessionImpl.autoFlushIfRequired(SessionImpl.java:1053)
	at org.hibernate.internal.SessionImpl.list(SessionImpl.java:1108)
	at org.hibernate.internal.QueryImpl.list(QueryImpl.java:101)
	at edu.uag.iidis.scec.persistencia.VehiculoDAO.ordenarVehiculosPor(VehiculoDAO.java:350)
Caused by: java.sql.SQLException: Duplicate key or integrity constraint violation,  message from server: &quot;Duplicate entry &apos;OIUP2U3&apos; for key &apos;placa_UNIQUE&apos;&quot;
	at com.mysql.jdbc.MysqlIO.checkErrorPacket(MysqlIO.java:1977)
	at com.mysql.jdbc.MysqlIO.sendCommand(MysqlIO.java:1163)
	at com.mysql.jdbc.MysqlIO.sqlQueryDirect(MysqlIO.java:1272)
	at com.mysql.jdbc.Connection.execSQL(Connection.java:2236)
	at com.mysql.jdbc.PreparedStatement.executeUpdate(PreparedStatement.java:1741)
	at com.mysql.jdbc.PreparedStatement.executeUpdate(PreparedStatement.java:1588)
	at org.hibernate.engine.jdbc.internal.proxy.AbstractStatementProxyHandler.continueInvocation(AbstractStatementProxyHandler.java:122)
</error>
  </testcase>
  <testcase classname="edu.uag.iidis.scec.pruebas.VehiculoDAOTest" name="ordenarVehiculosPorF" time="0.009">
    <failure message="No se pudo ordenar porque la columna no existe" type="junit.framework.AssertionFailedError">junit.framework.AssertionFailedError: No se pudo ordenar porque la columna no existe
	at edu.uag.iidis.scec.pruebas.VehiculoDAOTest.ordenarVehiculosPorF(VehiculoDAOTest.java:218)
</failure>
  </testcase>
  <testcase classname="edu.uag.iidis.scec.pruebas.VehiculoDAOTest" name="testActualizarVehiculo" time="0.021" />
  <testcase classname="edu.uag.iidis.scec.pruebas.VehiculoDAOTest" name="testEliminarVehiculo" time="0.07" />
  <testcase classname="edu.uag.iidis.scec.pruebas.VehiculoDAOTest" name="testBuscarTodos" time="0.025" />
  <testcase classname="edu.uag.iidis.scec.pruebas.VehiculoDAOTest" name="testExisteVehiculoE" time="0.039">
    <error message="org.hibernate.exception.ConstraintViolationException: Duplicate key or integrity constraint violation,  message from server: &quot;Duplicate entry &apos;QWER82&apos; for key &apos;placa_UNIQUE&apos;&quot;" type="edu.uag.iidis.scec.excepciones.ExcepcionInfraestructura">edu.uag.iidis.scec.excepciones.ExcepcionInfraestructura: org.hibernate.exception.ConstraintViolationException: Duplicate key or integrity constraint violation,  message from server: &quot;Duplicate entry &apos;QWER82&apos; for key &apos;placa_UNIQUE&apos;&quot;
	at edu.uag.iidis.scec.persistencia.VehiculoDAO.existeVehiculo(VehiculoDAO.java:220)
	at edu.uag.iidis.scec.pruebas.VehiculoDAOTest.testExisteVehiculoE(VehiculoDAOTest.java:130)
Caused by: org.hibernate.exception.ConstraintViolationException: Duplicate key or integrity constraint violation,  message from server: &quot;Duplicate entry &apos;QWER82&apos; for key &apos;placa_UNIQUE&apos;&quot;
	at org.hibernate.exception.internal.SQLStateConverter.convert(SQLStateConverter.java:104)
	at org.hibernate.engine.jdbc.spi.SqlExceptionHelper.convert(SqlExceptionHelper.java:125)
	at org.hibernate.engine.jdbc.spi.SqlExceptionHelper.convert(SqlExceptionHelper.java:110)
	at org.hibernate.engine.jdbc.internal.proxy.AbstractStatementProxyHandler.continueInvocation(AbstractStatementProxyHandler.java:129)
	at org.hibernate.engine.jdbc.internal.proxy.AbstractProxyHandler.invoke(AbstractProxyHandler.java:81)
	at com.sun.proxy.$Proxy5.executeUpdate(Unknown Source)
	at org.hibernate.engine.jdbc.batch.internal.NonBatchingBatch.addToBatch(NonBatchingBatch.java:56)
	at org.hibernate.persister.entity.AbstractEntityPersister.insert(AbstractEntityPersister.java:2849)
	at org.hibernate.persister.entity.AbstractEntityPersister.insert(AbstractEntityPersister.java:3290)
	at org.hibernate.action.internal.EntityInsertAction.execute(EntityInsertAction.java:80)
	at org.hibernate.engine.spi.ActionQueue.execute(ActionQueue.java:273)
	at org.hibernate.engine.spi.ActionQueue.executeActions(ActionQueue.java:265)
	at org.hibernate.engine.spi.ActionQueue.executeActions(ActionQueue.java:186)
	at org.hibernate.event.internal.AbstractFlushingEventListener.performExecutions(AbstractFlushingEventListener.java:323)
	at org.hibernate.event.internal.DefaultAutoFlushEventListener.onAutoFlush(DefaultAutoFlushEventListener.java:59)
	at org.hibernate.internal.SessionImpl.autoFlushIfRequired(SessionImpl.java:1053)
	at org.hibernate.internal.SessionImpl.list(SessionImpl.java:1108)
	at org.hibernate.internal.QueryImpl.list(QueryImpl.java:101)
	at edu.uag.iidis.scec.persistencia.VehiculoDAO.existeVehiculo(VehiculoDAO.java:205)
Caused by: java.sql.SQLException: Duplicate key or integrity constraint violation,  message from server: &quot;Duplicate entry &apos;QWER82&apos; for key &apos;placa_UNIQUE&apos;&quot;
	at com.mysql.jdbc.MysqlIO.checkErrorPacket(MysqlIO.java:1977)
	at com.mysql.jdbc.MysqlIO.sendCommand(MysqlIO.java:1163)
	at com.mysql.jdbc.MysqlIO.sqlQueryDirect(MysqlIO.java:1272)
	at com.mysql.jdbc.Connection.execSQL(Connection.java:2236)
	at com.mysql.jdbc.PreparedStatement.executeUpdate(PreparedStatement.java:1741)
	at com.mysql.jdbc.PreparedStatement.executeUpdate(PreparedStatement.java:1588)
	at org.hibernate.engine.jdbc.internal.proxy.AbstractStatementProxyHandler.continueInvocation(AbstractStatementProxyHandler.java:122)
</error>
  </testcase>
  <testcase classname="edu.uag.iidis.scec.pruebas.VehiculoDAOTest" name="testExisteVehiculoF" time="0.008">
    <failure message="El vehiculo no se encuentra registrado" type="junit.framework.AssertionFailedError">junit.framework.AssertionFailedError: El vehiculo no se encuentra registrado
	at edu.uag.iidis.scec.pruebas.VehiculoDAOTest.testExisteVehiculoF(VehiculoDAOTest.java:157)
</failure>
  </testcase>
  <system-out><![CDATA[[SCEC] 2017-04-03 13:53:28,138 DEBUG edu.uag.iidis.scec.persistencia.hibernate.HibernateUtil.<clinit>(69) : >creando sessionFactory
[SCEC] 2017-04-03 13:53:29,714 DEBUG edu.uag.iidis.scec.persistencia.hibernate.HibernateUtil.beginTransaction(217) : >beginTransaction()
[SCEC] 2017-04-03 13:53:29,715 DEBUG edu.uag.iidis.scec.persistencia.hibernate.HibernateUtil.beginTransaction(224) : -Iniciando una nueva transacción de base de datos en este thread.
[SCEC] 2017-04-03 13:53:29,715 DEBUG edu.uag.iidis.scec.persistencia.hibernate.HibernateUtil.getSession(153) : >getSession()
[SCEC] 2017-04-03 13:53:29,716 DEBUG edu.uag.iidis.scec.persistencia.hibernate.HibernateUtil.getSession(160) : -Abriendo una nueva sesión para el thread.
[SCEC] 2017-04-03 13:53:29,751 DEBUG edu.uag.iidis.scec.persistencia.VehiculoDAO.hazPersistente(103) : >hazPersistente(Vehiculo)
[SCEC] 2017-04-03 13:53:29,751 DEBUG edu.uag.iidis.scec.persistencia.hibernate.HibernateUtil.getSession(153) : >getSession()
Hibernate: select max(idVehiculo) from vehiculos
[SCEC] 2017-04-03 13:53:29,883 DEBUG edu.uag.iidis.scec.persistencia.hibernate.HibernateUtil.commitTransaction(240) : >commitTransaction()
[SCEC] 2017-04-03 13:53:29,883 DEBUG edu.uag.iidis.scec.persistencia.hibernate.HibernateUtil.commitTransaction(248) : -Comprometiendo la transacción de este thread.
Hibernate: insert into vehiculos (tipo, modelo, marca, placa, color, curp, idVehiculo) values (?, ?, ?, ?, ?, ?, ?)
[SCEC] 2017-04-03 13:53:29,900  WARN org.hibernate.engine.jdbc.spi.SqlExceptionHelper.logExceptions(143) : SQL Error: 1062, SQLState: 23000
[SCEC] 2017-04-03 13:53:29,900 ERROR org.hibernate.engine.jdbc.spi.SqlExceptionHelper.logExceptions(144) : Duplicate key or integrity constraint violation,  message from server: "Duplicate entry 'AHI98G' for key 'placa_UNIQUE'"
[SCEC] 2017-04-03 13:53:29,901 DEBUG edu.uag.iidis.scec.persistencia.hibernate.HibernateUtil.commitTransaction(255) : -Deshaciendo la transacción de este thread.
[SCEC] 2017-04-03 13:53:29,902 DEBUG edu.uag.iidis.scec.persistencia.hibernate.HibernateUtil.rollbackTransaction(268) : >rollbackTransaction()
[SCEC] 2017-04-03 13:53:29,902 DEBUG edu.uag.iidis.scec.persistencia.hibernate.HibernateUtil.rollbackTransaction(276) : -Intentando deshacer la transacción para este thread.
[SCEC] 2017-04-03 13:53:29,905 DEBUG edu.uag.iidis.scec.persistencia.hibernate.HibernateUtil.rollbackTransaction(285) : -Intentando cerrar la sesión.
[SCEC] 2017-04-03 13:53:29,906 DEBUG edu.uag.iidis.scec.persistencia.hibernate.HibernateUtil.closeSession(194) : >closeSession()
[SCEC] 2017-04-03 13:53:29,907 DEBUG edu.uag.iidis.scec.persistencia.hibernate.HibernateUtil.closeSession(202) : -Cerrando la sesión local al thread.
[SCEC] 2017-04-03 13:53:29,909 ERROR edu.uag.iidis.scec.persistencia.hibernate.HibernateUtil.commitTransaction(258) : <HibernateException
[SCEC] 2017-04-03 13:53:29,909 DEBUG edu.uag.iidis.scec.persistencia.hibernate.HibernateUtil.rollbackTransaction(268) : >rollbackTransaction()
[SCEC] 2017-04-03 13:53:29,909 DEBUG edu.uag.iidis.scec.persistencia.hibernate.HibernateUtil.rollbackTransaction(285) : -Intentando cerrar la sesión.
[SCEC] 2017-04-03 13:53:29,910 DEBUG edu.uag.iidis.scec.persistencia.hibernate.HibernateUtil.closeSession(194) : >closeSession()
[SCEC] 2017-04-03 13:53:29,910 DEBUG edu.uag.iidis.scec.persistencia.hibernate.HibernateUtil.closeSession(194) : >closeSession()
[SCEC] 2017-04-03 13:53:29,918 DEBUG edu.uag.iidis.scec.persistencia.hibernate.HibernateUtil.beginTransaction(217) : >beginTransaction()
[SCEC] 2017-04-03 13:53:29,918 DEBUG edu.uag.iidis.scec.persistencia.hibernate.HibernateUtil.beginTransaction(224) : -Iniciando una nueva transacción de base de datos en este thread.
[SCEC] 2017-04-03 13:53:29,918 DEBUG edu.uag.iidis.scec.persistencia.hibernate.HibernateUtil.getSession(153) : >getSession()
[SCEC] 2017-04-03 13:53:29,918 DEBUG edu.uag.iidis.scec.persistencia.hibernate.HibernateUtil.getSession(160) : -Abriendo una nueva sesión para el thread.
[SCEC] 2017-04-03 13:53:29,919 DEBUG edu.uag.iidis.scec.persistencia.VehiculoDAO.hazPersistente(103) : >hazPersistente(Vehiculo)
[SCEC] 2017-04-03 13:53:29,919 DEBUG edu.uag.iidis.scec.persistencia.hibernate.HibernateUtil.getSession(153) : >getSession()
[SCEC] 2017-04-03 13:53:29,919 DEBUG edu.uag.iidis.scec.persistencia.hibernate.HibernateUtil.commitTransaction(240) : >commitTransaction()
[SCEC] 2017-04-03 13:53:29,919 DEBUG edu.uag.iidis.scec.persistencia.hibernate.HibernateUtil.commitTransaction(248) : -Comprometiendo la transacción de este thread.
Hibernate: insert into vehiculos (tipo, modelo, marca, placa, color, curp, idVehiculo) values (?, ?, ?, ?, ?, ?, ?)
[SCEC] 2017-04-03 13:53:29,921  WARN org.hibernate.engine.jdbc.spi.SqlExceptionHelper.logExceptions(143) : SQL Error: 1062, SQLState: 23000
[SCEC] 2017-04-03 13:53:29,921 ERROR org.hibernate.engine.jdbc.spi.SqlExceptionHelper.logExceptions(144) : Duplicate key or integrity constraint violation,  message from server: "Duplicate entry 'AHI98G' for key 'placa_UNIQUE'"
[SCEC] 2017-04-03 13:53:29,921 DEBUG edu.uag.iidis.scec.persistencia.hibernate.HibernateUtil.commitTransaction(255) : -Deshaciendo la transacción de este thread.
[SCEC] 2017-04-03 13:53:29,921 DEBUG edu.uag.iidis.scec.persistencia.hibernate.HibernateUtil.rollbackTransaction(268) : >rollbackTransaction()
[SCEC] 2017-04-03 13:53:29,921 DEBUG edu.uag.iidis.scec.persistencia.hibernate.HibernateUtil.rollbackTransaction(276) : -Intentando deshacer la transacción para este thread.
[SCEC] 2017-04-03 13:53:29,923 DEBUG edu.uag.iidis.scec.persistencia.hibernate.HibernateUtil.rollbackTransaction(285) : -Intentando cerrar la sesión.
[SCEC] 2017-04-03 13:53:29,923 DEBUG edu.uag.iidis.scec.persistencia.hibernate.HibernateUtil.closeSession(194) : >closeSession()
[SCEC] 2017-04-03 13:53:29,923 DEBUG edu.uag.iidis.scec.persistencia.hibernate.HibernateUtil.closeSession(202) : -Cerrando la sesión local al thread.
[SCEC] 2017-04-03 13:53:29,924 ERROR edu.uag.iidis.scec.persistencia.hibernate.HibernateUtil.commitTransaction(258) : <HibernateException
[SCEC] 2017-04-03 13:53:29,924 DEBUG edu.uag.iidis.scec.persistencia.hibernate.HibernateUtil.closeSession(194) : >closeSession()
[SCEC] 2017-04-03 13:53:29,926 DEBUG edu.uag.iidis.scec.persistencia.hibernate.HibernateUtil.beginTransaction(217) : >beginTransaction()
[SCEC] 2017-04-03 13:53:29,926 DEBUG edu.uag.iidis.scec.persistencia.hibernate.HibernateUtil.beginTransaction(224) : -Iniciando una nueva transacción de base de datos en este thread.
[SCEC] 2017-04-03 13:53:29,926 DEBUG edu.uag.iidis.scec.persistencia.hibernate.HibernateUtil.getSession(153) : >getSession()
[SCEC] 2017-04-03 13:53:29,926 DEBUG edu.uag.iidis.scec.persistencia.hibernate.HibernateUtil.getSession(160) : -Abriendo una nueva sesión para el thread.
[SCEC] 2017-04-03 13:53:29,926 DEBUG edu.uag.iidis.scec.persistencia.VehiculoDAO.hazPersistenteP(124) : >hazPersistente(Vehiculo)
[SCEC] 2017-04-03 13:53:29,926 DEBUG edu.uag.iidis.scec.persistencia.hibernate.HibernateUtil.getSession(153) : >getSession()
Hibernate: select vehiculo0_.idVehiculo as idVehiculo8_, vehiculo0_.tipo as tipo8_, vehiculo0_.modelo as modelo8_, vehiculo0_.marca as marca8_, vehiculo0_.placa as placa8_, vehiculo0_.color as color8_, vehiculo0_.curp as curp8_ from vehiculos vehiculo0_ where vehiculo0_.placa=?
[SCEC] 2017-04-03 13:53:30,051 DEBUG edu.uag.iidis.scec.persistencia.hibernate.HibernateUtil.rollbackTransaction(268) : >rollbackTransaction()
[SCEC] 2017-04-03 13:53:30,051 DEBUG edu.uag.iidis.scec.persistencia.hibernate.HibernateUtil.rollbackTransaction(276) : -Intentando deshacer la transacción para este thread.
[SCEC] 2017-04-03 13:53:30,051 DEBUG edu.uag.iidis.scec.persistencia.hibernate.HibernateUtil.rollbackTransaction(285) : -Intentando cerrar la sesión.
[SCEC] 2017-04-03 13:53:30,052 DEBUG edu.uag.iidis.scec.persistencia.hibernate.HibernateUtil.closeSession(194) : >closeSession()
[SCEC] 2017-04-03 13:53:30,052 DEBUG edu.uag.iidis.scec.persistencia.hibernate.HibernateUtil.closeSession(202) : -Cerrando la sesión local al thread.
[SCEC] 2017-04-03 13:53:30,052 DEBUG edu.uag.iidis.scec.persistencia.hibernate.HibernateUtil.closeSession(194) : >closeSession()
[SCEC] 2017-04-03 13:53:30,055 DEBUG edu.uag.iidis.scec.persistencia.hibernate.HibernateUtil.beginTransaction(217) : >beginTransaction()
[SCEC] 2017-04-03 13:53:30,055 DEBUG edu.uag.iidis.scec.persistencia.hibernate.HibernateUtil.beginTransaction(224) : -Iniciando una nueva transacción de base de datos en este thread.
[SCEC] 2017-04-03 13:53:30,056 DEBUG edu.uag.iidis.scec.persistencia.hibernate.HibernateUtil.getSession(153) : >getSession()
[SCEC] 2017-04-03 13:53:30,056 DEBUG edu.uag.iidis.scec.persistencia.hibernate.HibernateUtil.getSession(160) : -Abriendo una nueva sesión para el thread.
[SCEC] 2017-04-03 13:53:30,056 DEBUG edu.uag.iidis.scec.persistencia.VehiculoDAO.hazPersistente(103) : >hazPersistente(Vehiculo)
[SCEC] 2017-04-03 13:53:30,056 DEBUG edu.uag.iidis.scec.persistencia.hibernate.HibernateUtil.getSession(153) : >getSession()
[SCEC] 2017-04-03 13:53:30,057 DEBUG edu.uag.iidis.scec.persistencia.VehiculoDAO.ordenarVehiculosPor(326) : >existeRol(nombreRol)
[SCEC] 2017-04-03 13:53:30,057 DEBUG edu.uag.iidis.scec.persistencia.VehiculoDAO.ordenarVehiculosPor(339) : from Vehiculo ORDER BY curpcurp
[SCEC] 2017-04-03 13:53:30,057 DEBUG edu.uag.iidis.scec.persistencia.hibernate.HibernateUtil.getSession(153) : >getSession()
[SCEC] 2017-04-03 13:53:30,060 DEBUG edu.uag.iidis.scec.persistencia.VehiculoDAO.ordenarVehiculosPor(345) : <<<<<<<<< create query ok 
[SCEC] 2017-04-03 13:53:30,061 DEBUG edu.uag.iidis.scec.persistencia.VehiculoDAO.ordenarVehiculosPor(348) : <<<<<<<<< set Parameter ok antes del query list >>>>>
Hibernate: insert into vehiculos (tipo, modelo, marca, placa, color, curp, idVehiculo) values (?, ?, ?, ?, ?, ?, ?)
[SCEC] 2017-04-03 13:53:30,062  WARN org.hibernate.engine.jdbc.spi.SqlExceptionHelper.logExceptions(143) : SQL Error: 1062, SQLState: 23000
[SCEC] 2017-04-03 13:53:30,063 ERROR org.hibernate.engine.jdbc.spi.SqlExceptionHelper.logExceptions(144) : Duplicate key or integrity constraint violation,  message from server: "Duplicate entry 'OIUP2U3' for key 'placa_UNIQUE'"
[SCEC] 2017-04-03 13:53:30,063  WARN edu.uag.iidis.scec.persistencia.VehiculoDAO.ordenarVehiculosPor(363) : <HibernateException *******************
[SCEC] 2017-04-03 13:53:30,063 DEBUG edu.uag.iidis.scec.persistencia.hibernate.HibernateUtil.rollbackTransaction(268) : >rollbackTransaction()
[SCEC] 2017-04-03 13:53:30,063 DEBUG edu.uag.iidis.scec.persistencia.hibernate.HibernateUtil.rollbackTransaction(276) : -Intentando deshacer la transacción para este thread.
[SCEC] 2017-04-03 13:53:30,065 DEBUG edu.uag.iidis.scec.persistencia.hibernate.HibernateUtil.rollbackTransaction(285) : -Intentando cerrar la sesión.
[SCEC] 2017-04-03 13:53:30,065 DEBUG edu.uag.iidis.scec.persistencia.hibernate.HibernateUtil.closeSession(194) : >closeSession()
[SCEC] 2017-04-03 13:53:30,065 DEBUG edu.uag.iidis.scec.persistencia.hibernate.HibernateUtil.closeSession(202) : -Cerrando la sesión local al thread.
[SCEC] 2017-04-03 13:53:30,065 DEBUG edu.uag.iidis.scec.persistencia.hibernate.HibernateUtil.closeSession(194) : >closeSession()
[SCEC] 2017-04-03 13:53:30,068 DEBUG edu.uag.iidis.scec.persistencia.hibernate.HibernateUtil.beginTransaction(217) : >beginTransaction()
[SCEC] 2017-04-03 13:53:30,068 DEBUG edu.uag.iidis.scec.persistencia.hibernate.HibernateUtil.beginTransaction(224) : -Iniciando una nueva transacción de base de datos en este thread.
[SCEC] 2017-04-03 13:53:30,068 DEBUG edu.uag.iidis.scec.persistencia.hibernate.HibernateUtil.getSession(153) : >getSession()
[SCEC] 2017-04-03 13:53:30,069 DEBUG edu.uag.iidis.scec.persistencia.hibernate.HibernateUtil.getSession(160) : -Abriendo una nueva sesión para el thread.
[SCEC] 2017-04-03 13:53:30,069 DEBUG edu.uag.iidis.scec.persistencia.VehiculoDAO.ordenarVehiculosPor(326) : >existeRol(nombreRol)
[SCEC] 2017-04-03 13:53:30,069 DEBUG edu.uag.iidis.scec.persistencia.VehiculoDAO.ordenarVehiculosPor(339) : from Vehiculo ORDER BY autoauto
[SCEC] 2017-04-03 13:53:30,070 DEBUG edu.uag.iidis.scec.persistencia.hibernate.HibernateUtil.getSession(153) : >getSession()
[SCEC] 2017-04-03 13:53:30,074 DEBUG edu.uag.iidis.scec.persistencia.VehiculoDAO.ordenarVehiculosPor(345) : <<<<<<<<< create query ok 
[SCEC] 2017-04-03 13:53:30,074 DEBUG edu.uag.iidis.scec.persistencia.VehiculoDAO.ordenarVehiculosPor(348) : <<<<<<<<< set Parameter ok antes del query list >>>>>
Hibernate: select vehiculo0_.idVehiculo as idVehiculo8_, vehiculo0_.tipo as tipo8_, vehiculo0_.modelo as modelo8_, vehiculo0_.marca as marca8_, vehiculo0_.placa as placa8_, vehiculo0_.color as color8_, vehiculo0_.curp as curp8_ from vehiculos vehiculo0_ order by auto
[SCEC] 2017-04-03 13:53:30,075  WARN org.hibernate.engine.jdbc.spi.SqlExceptionHelper.logExceptions(143) : SQL Error: 1054, SQLState: 42S22
[SCEC] 2017-04-03 13:53:30,075 ERROR org.hibernate.engine.jdbc.spi.SqlExceptionHelper.logExceptions(144) : null,  message from server: "Unknown column 'auto' in 'order clause'"
[SCEC] 2017-04-03 13:53:30,075  WARN edu.uag.iidis.scec.persistencia.VehiculoDAO.ordenarVehiculosPor(363) : <HibernateException *******************
[SCEC] 2017-04-03 13:53:30,076 DEBUG edu.uag.iidis.scec.persistencia.hibernate.HibernateUtil.closeSession(194) : >closeSession()
[SCEC] 2017-04-03 13:53:30,076 DEBUG edu.uag.iidis.scec.persistencia.hibernate.HibernateUtil.closeSession(202) : -Cerrando la sesión local al thread.
[SCEC] 2017-04-03 13:53:30,077 DEBUG edu.uag.iidis.scec.persistencia.hibernate.HibernateUtil.beginTransaction(217) : >beginTransaction()
[SCEC] 2017-04-03 13:53:30,077 DEBUG edu.uag.iidis.scec.persistencia.VehiculoDAO.hazPersistenteP(124) : >hazPersistente(Vehiculo)
[SCEC] 2017-04-03 13:53:30,077 DEBUG edu.uag.iidis.scec.persistencia.hibernate.HibernateUtil.getSession(153) : >getSession()
[SCEC] 2017-04-03 13:53:30,077 DEBUG edu.uag.iidis.scec.persistencia.hibernate.HibernateUtil.getSession(160) : -Abriendo una nueva sesión para el thread.
Hibernate: select vehiculo0_.idVehiculo as idVehiculo8_, vehiculo0_.tipo as tipo8_, vehiculo0_.modelo as modelo8_, vehiculo0_.marca as marca8_, vehiculo0_.placa as placa8_, vehiculo0_.color as color8_, vehiculo0_.curp as curp8_ from vehiculos vehiculo0_ where vehiculo0_.placa=?
[SCEC] 2017-04-03 13:53:30,088 DEBUG edu.uag.iidis.scec.persistencia.hibernate.HibernateUtil.getSession(153) : >getSession()
[SCEC] 2017-04-03 13:53:30,089 DEBUG edu.uag.iidis.scec.persistencia.VehiculoDAO.buscarVehiculosPlaca(282) : >buscarVehiculos(placa)
[SCEC] 2017-04-03 13:53:30,089 DEBUG edu.uag.iidis.scec.persistencia.VehiculoDAO.buscarVehiculosPlaca(290) : from Vehiculo where placa like 'HOI89H%'HOI89H
[SCEC] 2017-04-03 13:53:30,089 DEBUG edu.uag.iidis.scec.persistencia.hibernate.HibernateUtil.getSession(153) : >getSession()
Hibernate: select vehiculo0_.idVehiculo as idVehiculo8_, vehiculo0_.tipo as tipo8_, vehiculo0_.modelo as modelo8_, vehiculo0_.marca as marca8_, vehiculo0_.placa as placa8_, vehiculo0_.color as color8_, vehiculo0_.curp as curp8_ from vehiculos vehiculo0_ where vehiculo0_.placa like 'HOI89H%'
[SCEC] 2017-04-03 13:53:30,095 DEBUG edu.uag.iidis.scec.persistencia.VehiculoDAO.buscarVehiculosPlaca(296) : <<<<<<<<< create query ok 
[SCEC] 2017-04-03 13:53:30,096 DEBUG edu.uag.iidis.scec.persistencia.VehiculoDAO.buscarVehiculosPlaca(299) : <<<<<<<<< set Parameter ok antes del query list >>>>>
[SCEC] 2017-04-03 13:53:30,096 DEBUG edu.uag.iidis.scec.persistencia.hibernate.HibernateUtil.commitTransaction(240) : >commitTransaction()
[SCEC] 2017-04-03 13:53:30,096 DEBUG edu.uag.iidis.scec.persistencia.hibernate.HibernateUtil.commitTransaction(248) : -Comprometiendo la transacción de este thread.
[SCEC] 2017-04-03 13:53:30,097 DEBUG edu.uag.iidis.scec.persistencia.hibernate.HibernateUtil.closeSession(194) : >closeSession()
[SCEC] 2017-04-03 13:53:30,097 DEBUG edu.uag.iidis.scec.persistencia.hibernate.HibernateUtil.closeSession(202) : -Cerrando la sesión local al thread.
[SCEC] 2017-04-03 13:53:30,098 DEBUG edu.uag.iidis.scec.persistencia.hibernate.HibernateUtil.beginTransaction(217) : >beginTransaction()
[SCEC] 2017-04-03 13:53:30,098 DEBUG edu.uag.iidis.scec.persistencia.hibernate.HibernateUtil.beginTransaction(224) : -Iniciando una nueva transacción de base de datos en este thread.
[SCEC] 2017-04-03 13:53:30,098 DEBUG edu.uag.iidis.scec.persistencia.hibernate.HibernateUtil.getSession(153) : >getSession()
[SCEC] 2017-04-03 13:53:30,099 DEBUG edu.uag.iidis.scec.persistencia.hibernate.HibernateUtil.getSession(160) : -Abriendo una nueva sesión para el thread.
[SCEC] 2017-04-03 13:53:30,099 DEBUG edu.uag.iidis.scec.persistencia.VehiculoDAO.hazTransitorio(156) : >hazTransitorio(Vehiculo)
[SCEC] 2017-04-03 13:53:30,099 DEBUG edu.uag.iidis.scec.persistencia.hibernate.HibernateUtil.getSession(153) : >getSession()
Hibernate: select vehiculo0_.idVehiculo as idVehiculo8_, vehiculo0_.tipo as tipo8_, vehiculo0_.modelo as modelo8_, vehiculo0_.marca as marca8_, vehiculo0_.placa as placa8_, vehiculo0_.color as color8_, vehiculo0_.curp as curp8_ from vehiculos vehiculo0_ where vehiculo0_.placa=?
[SCEC] 2017-04-03 13:53:30,102 DEBUG edu.uag.iidis.scec.persistencia.hibernate.HibernateUtil.getSession(153) : >getSession()
[SCEC] 2017-04-03 13:53:30,158 DEBUG edu.uag.iidis.scec.persistencia.VehiculoDAO.buscarVehiculosPlaca(282) : >buscarVehiculos(placa)
[SCEC] 2017-04-03 13:53:30,159 DEBUG edu.uag.iidis.scec.persistencia.VehiculoDAO.buscarVehiculosPlaca(290) : from Vehiculo where placa like 'Y7U7IN%'Y7U7IN
[SCEC] 2017-04-03 13:53:30,159 DEBUG edu.uag.iidis.scec.persistencia.hibernate.HibernateUtil.getSession(153) : >getSession()
Hibernate: delete from vehiculos where idVehiculo=?
Hibernate: select vehiculo0_.idVehiculo as idVehiculo8_, vehiculo0_.tipo as tipo8_, vehiculo0_.modelo as modelo8_, vehiculo0_.marca as marca8_, vehiculo0_.placa as placa8_, vehiculo0_.color as color8_, vehiculo0_.curp as curp8_ from vehiculos vehiculo0_ where vehiculo0_.placa like 'Y7U7IN%'
[SCEC] 2017-04-03 13:53:30,165 DEBUG edu.uag.iidis.scec.persistencia.VehiculoDAO.buscarVehiculosPlaca(296) : <<<<<<<<< create query ok 
[SCEC] 2017-04-03 13:53:30,165 DEBUG edu.uag.iidis.scec.persistencia.VehiculoDAO.buscarVehiculosPlaca(299) : <<<<<<<<< set Parameter ok antes del query list >>>>>
[SCEC] 2017-04-03 13:53:30,166 DEBUG edu.uag.iidis.scec.persistencia.hibernate.HibernateUtil.commitTransaction(240) : >commitTransaction()
[SCEC] 2017-04-03 13:53:30,166 DEBUG edu.uag.iidis.scec.persistencia.hibernate.HibernateUtil.commitTransaction(248) : -Comprometiendo la transacción de este thread.
[SCEC] 2017-04-03 13:53:30,168 DEBUG edu.uag.iidis.scec.persistencia.hibernate.HibernateUtil.closeSession(194) : >closeSession()
[SCEC] 2017-04-03 13:53:30,168 DEBUG edu.uag.iidis.scec.persistencia.hibernate.HibernateUtil.closeSession(202) : -Cerrando la sesión local al thread.
[SCEC] 2017-04-03 13:53:30,169 DEBUG edu.uag.iidis.scec.persistencia.hibernate.HibernateUtil.beginTransaction(217) : >beginTransaction()
[SCEC] 2017-04-03 13:53:30,169 DEBUG edu.uag.iidis.scec.persistencia.hibernate.HibernateUtil.beginTransaction(224) : -Iniciando una nueva transacción de base de datos en este thread.
[SCEC] 2017-04-03 13:53:30,169 DEBUG edu.uag.iidis.scec.persistencia.hibernate.HibernateUtil.getSession(153) : >getSession()
[SCEC] 2017-04-03 13:53:30,169 DEBUG edu.uag.iidis.scec.persistencia.hibernate.HibernateUtil.getSession(160) : -Abriendo una nueva sesión para el thread.
[SCEC] 2017-04-03 13:53:30,170 DEBUG edu.uag.iidis.scec.persistencia.VehiculoDAO.buscarTodos(73) : >buscarTodos()
[SCEC] 2017-04-03 13:53:30,170 DEBUG edu.uag.iidis.scec.persistencia.hibernate.HibernateUtil.getSession(153) : >getSession()
Hibernate: select this_.idVehiculo as idVehiculo8_0_, this_.tipo as tipo8_0_, this_.modelo as modelo8_0_, this_.marca as marca8_0_, this_.placa as placa8_0_, this_.color as color8_0_, this_.curp as curp8_0_ from vehiculos this_
[SCEC] 2017-04-03 13:53:30,185 DEBUG edu.uag.iidis.scec.persistencia.VehiculoDAO.buscarTodos(81) : >buscarTodos() ---- list   4
[SCEC] 2017-04-03 13:53:30,191 DEBUG edu.uag.iidis.scec.persistencia.VehiculoDAO.buscarTodos(82) : >buscarTodos() ---- contenido   [edu.uag.iidis.scec.modelo.Vehiculo@5fcacc0[
  id=20
  tipo=automovil
  modelo=2002
  marca=FORD
  placa=AHI98G
  color=ROJO
  curp=FOHJ960414HMCLRV09
], edu.uag.iidis.scec.modelo.Vehiculo@6d1d4d7[
  id=22
  tipo=automovil
  modelo=1999
  marca=Peugeut
  placa=OIUP2U3
  color=Blanco
  curp=Aaaa00000
], edu.uag.iidis.scec.modelo.Vehiculo@89ff02e[
  id=23
  tipo=automovil
  modelo=1999
  marca=FORD
  placa=QWER82
  color=Rojo
  curp=ABHY991214JOYHRV09
], edu.uag.iidis.scec.modelo.Vehiculo@6865c751[
  id=24
  tipo=automovil
  modelo=2003
  marca=FORD
  placa=HOI89H
  color=Gris
  curp=SHJO960414HTCLRV08
]]
[SCEC] 2017-04-03 13:53:30,191 DEBUG edu.uag.iidis.scec.persistencia.hibernate.HibernateUtil.commitTransaction(240) : >commitTransaction()
[SCEC] 2017-04-03 13:53:30,191 DEBUG edu.uag.iidis.scec.persistencia.hibernate.HibernateUtil.commitTransaction(248) : -Comprometiendo la transacción de este thread.
[SCEC] 2017-04-03 13:53:30,192 DEBUG edu.uag.iidis.scec.persistencia.hibernate.HibernateUtil.closeSession(194) : >closeSession()
[SCEC] 2017-04-03 13:53:30,192 DEBUG edu.uag.iidis.scec.persistencia.hibernate.HibernateUtil.closeSession(202) : -Cerrando la sesión local al thread.
[SCEC] 2017-04-03 13:53:30,193 DEBUG edu.uag.iidis.scec.persistencia.hibernate.HibernateUtil.beginTransaction(217) : >beginTransaction()
[SCEC] 2017-04-03 13:53:30,193 DEBUG edu.uag.iidis.scec.persistencia.hibernate.HibernateUtil.beginTransaction(224) : -Iniciando una nueva transacción de base de datos en este thread.
[SCEC] 2017-04-03 13:53:30,194 DEBUG edu.uag.iidis.scec.persistencia.hibernate.HibernateUtil.getSession(153) : >getSession()
[SCEC] 2017-04-03 13:53:30,194 DEBUG edu.uag.iidis.scec.persistencia.hibernate.HibernateUtil.getSession(160) : -Abriendo una nueva sesión para el thread.
[SCEC] 2017-04-03 13:53:30,194 DEBUG edu.uag.iidis.scec.persistencia.VehiculoDAO.hazPersistente(103) : >hazPersistente(Vehiculo)
[SCEC] 2017-04-03 13:53:30,194 DEBUG edu.uag.iidis.scec.persistencia.hibernate.HibernateUtil.getSession(153) : >getSession()
[SCEC] 2017-04-03 13:53:30,194 DEBUG edu.uag.iidis.scec.persistencia.VehiculoDAO.existeVehiculo(182) : >existeRol(nombreRol)
[SCEC] 2017-04-03 13:53:30,195 DEBUG edu.uag.iidis.scec.persistencia.VehiculoDAO.existeVehiculo(192) : select placa from Vehiculo where placa = :nombreQWER82
[SCEC] 2017-04-03 13:53:30,195 DEBUG edu.uag.iidis.scec.persistencia.hibernate.HibernateUtil.getSession(153) : >getSession()
[SCEC] 2017-04-03 13:53:30,198 DEBUG edu.uag.iidis.scec.persistencia.VehiculoDAO.existeVehiculo(198) : <<<<<<<<< create query ok 
[SCEC] 2017-04-03 13:53:30,199 DEBUG edu.uag.iidis.scec.persistencia.VehiculoDAO.existeVehiculo(203) : <<<<<<<<< set Parameter ok antes del query list >>>>>
Hibernate: insert into vehiculos (tipo, modelo, marca, placa, color, curp, idVehiculo) values (?, ?, ?, ?, ?, ?, ?)
[SCEC] 2017-04-03 13:53:30,228  WARN org.hibernate.engine.jdbc.spi.SqlExceptionHelper.logExceptions(143) : SQL Error: 1062, SQLState: 23000
[SCEC] 2017-04-03 13:53:30,229 ERROR org.hibernate.engine.jdbc.spi.SqlExceptionHelper.logExceptions(144) : Duplicate key or integrity constraint violation,  message from server: "Duplicate entry 'QWER82' for key 'placa_UNIQUE'"
[SCEC] 2017-04-03 13:53:30,229  WARN edu.uag.iidis.scec.persistencia.VehiculoDAO.existeVehiculo(218) : <HibernateException *******************
[SCEC] 2017-04-03 13:53:30,229 DEBUG edu.uag.iidis.scec.persistencia.hibernate.HibernateUtil.rollbackTransaction(268) : >rollbackTransaction()
[SCEC] 2017-04-03 13:53:30,229 DEBUG edu.uag.iidis.scec.persistencia.hibernate.HibernateUtil.rollbackTransaction(276) : -Intentando deshacer la transacción para este thread.
[SCEC] 2017-04-03 13:53:30,230 DEBUG edu.uag.iidis.scec.persistencia.hibernate.HibernateUtil.rollbackTransaction(285) : -Intentando cerrar la sesión.
[SCEC] 2017-04-03 13:53:30,231 DEBUG edu.uag.iidis.scec.persistencia.hibernate.HibernateUtil.closeSession(194) : >closeSession()
[SCEC] 2017-04-03 13:53:30,231 DEBUG edu.uag.iidis.scec.persistencia.hibernate.HibernateUtil.closeSession(202) : -Cerrando la sesión local al thread.
[SCEC] 2017-04-03 13:53:30,231 DEBUG edu.uag.iidis.scec.persistencia.hibernate.HibernateUtil.closeSession(194) : >closeSession()
[SCEC] 2017-04-03 13:53:30,232 DEBUG edu.uag.iidis.scec.persistencia.hibernate.HibernateUtil.beginTransaction(217) : >beginTransaction()
[SCEC] 2017-04-03 13:53:30,233 DEBUG edu.uag.iidis.scec.persistencia.hibernate.HibernateUtil.beginTransaction(224) : -Iniciando una nueva transacción de base de datos en este thread.
[SCEC] 2017-04-03 13:53:30,233 DEBUG edu.uag.iidis.scec.persistencia.hibernate.HibernateUtil.getSession(153) : >getSession()
[SCEC] 2017-04-03 13:53:30,233 DEBUG edu.uag.iidis.scec.persistencia.hibernate.HibernateUtil.getSession(160) : -Abriendo una nueva sesión para el thread.
[SCEC] 2017-04-03 13:53:30,233 DEBUG edu.uag.iidis.scec.persistencia.VehiculoDAO.hazPersistente(103) : >hazPersistente(Vehiculo)
[SCEC] 2017-04-03 13:53:30,233 DEBUG edu.uag.iidis.scec.persistencia.hibernate.HibernateUtil.getSession(153) : >getSession()
[SCEC] 2017-04-03 13:53:30,234 DEBUG edu.uag.iidis.scec.persistencia.VehiculoDAO.existeVehiculo(182) : >existeRol(nombreRol)
[SCEC] 2017-04-03 13:53:30,234 DEBUG edu.uag.iidis.scec.persistencia.VehiculoDAO.existeVehiculo(192) : select placa from Vehiculo where placa = :nombreQWER82
[SCEC] 2017-04-03 13:53:30,234 DEBUG edu.uag.iidis.scec.persistencia.hibernate.HibernateUtil.getSession(153) : >getSession()
[SCEC] 2017-04-03 13:53:30,234 DEBUG edu.uag.iidis.scec.persistencia.VehiculoDAO.existeVehiculo(198) : <<<<<<<<< create query ok 
[SCEC] 2017-04-03 13:53:30,234 DEBUG edu.uag.iidis.scec.persistencia.VehiculoDAO.existeVehiculo(203) : <<<<<<<<< set Parameter ok antes del query list >>>>>
Hibernate: insert into vehiculos (tipo, modelo, marca, placa, color, curp, idVehiculo) values (?, ?, ?, ?, ?, ?, ?)
<<<<<<< HEAD
[SCEC] 2017-04-03 13:53:30,238  WARN org.hibernate.engine.jdbc.spi.SqlExceptionHelper.logExceptions(143) : SQL Error: 1062, SQLState: 23000
[SCEC] 2017-04-03 13:53:30,238 ERROR org.hibernate.engine.jdbc.spi.SqlExceptionHelper.logExceptions(144) : Duplicate key or integrity constraint violation,  message from server: "Duplicate entry 'QWER82' for key 'placa_UNIQUE'"
[SCEC] 2017-04-03 13:53:30,238  WARN edu.uag.iidis.scec.persistencia.VehiculoDAO.existeVehiculo(218) : <HibernateException *******************
[SCEC] 2017-04-03 13:53:30,239 DEBUG edu.uag.iidis.scec.persistencia.hibernate.HibernateUtil.closeSession(194) : >closeSession()
[SCEC] 2017-04-03 13:53:30,239 DEBUG edu.uag.iidis.scec.persistencia.hibernate.HibernateUtil.closeSession(202) : -Cerrando la sesión local al thread.
=======
[SCEC] 2017-04-02 18:50:50,987  WARN org.hibernate.engine.jdbc.spi.SqlExceptionHelper.logExceptions(143) : SQL Error: 1062, SQLState: 23000
[SCEC] 2017-04-02 18:50:50,988 ERROR org.hibernate.engine.jdbc.spi.SqlExceptionHelper.logExceptions(144) : Duplicate key or integrity constraint violation,  message from server: "Duplicate entry 'QWER82' for key 'placa_UNIQUE'"
[SCEC] 2017-04-02 18:50:50,988  WARN edu.uag.iidis.scec.persistencia.VehiculoDAO.existeVehiculo(218) : <HibernateException *******************
[SCEC] 2017-04-02 18:50:50,988 DEBUG edu.uag.iidis.scec.persistencia.hibernate.HibernateUtil.rollbackTransaction(287) : >rollbackTransaction()
[SCEC] 2017-04-02 18:50:50,989 DEBUG edu.uag.iidis.scec.persistencia.hibernate.HibernateUtil.rollbackTransaction(295) : -Intentando deshacer la transacción para este thread.
[SCEC] 2017-04-02 18:50:50,990 DEBUG edu.uag.iidis.scec.persistencia.hibernate.HibernateUtil.rollbackTransaction(304) : -Intentando cerrar la sesión.
[SCEC] 2017-04-02 18:50:50,991 DEBUG edu.uag.iidis.scec.persistencia.hibernate.HibernateUtil.closeSession(204) : >closeSession()
[SCEC] 2017-04-02 18:50:50,991 DEBUG edu.uag.iidis.scec.persistencia.hibernate.HibernateUtil.closeSession(212) : -Cerrando la sesión local al thread.
[SCEC] 2017-04-02 18:50:50,991 DEBUG edu.uag.iidis.scec.persistencia.hibernate.HibernateUtil.closeSession(204) : >closeSession()
>>>>>>> 43e17c3d83292f04fe3b4937ee7f12a705823dfe
>>>>>>> 32a716c4088eb5d32f742b4fffeaa397a15a92b7
]]></system-out>
  <system-err><![CDATA[]]></system-err>
</testsuite>
