<?xml version="1.0" encoding="UTF-8" ?>
<testsuite errors="0" failures="6" hostname="ERIDE" name="edu.uag.iidis.scec.pruebas.EventoDAOTest" skipped="0" tests="12" time="4.663" timestamp="2017-04-04T20:27:16">
  <properties>
    <property name="java.vendor" value="Oracle Corporation" />
    <property name="sun.java.launcher" value="SUN_STANDARD" />
    <property name="sun.management.compiler" value="HotSpot 64-Bit Tiered Compilers" />
    <property name="os.name" value="Windows 8.1" />
    <property name="sun.boot.class.path" value="C:\Program Files\Java\jdk1.8.0_92\jre\lib\resources.jar;C:\Program Files\Java\jdk1.8.0_92\jre\lib\rt.jar;C:\Program Files\Java\jdk1.8.0_92\jre\lib\sunrsasign.jar;C:\Program Files\Java\jdk1.8.0_92\jre\lib\jsse.jar;C:\Program Files\Java\jdk1.8.0_92\jre\lib\jce.jar;C:\Program Files\Java\jdk1.8.0_92\jre\lib\charsets.jar;C:\Program Files\Java\jdk1.8.0_92\jre\lib\jfr.jar;C:\Program Files\Java\jdk1.8.0_92\jre\classes" />
    <property name="sun.desktop" value="windows" />
    <property name="java.vm.specification.vendor" value="Oracle Corporation" />
    <property name="ant.home" value="C:\apache-ant-1.10.0" />
    <property name="java.runtime.version" value="1.8.0_92-b14" />
    <property name="src.home" value="C:\Users\ERIDE21\Desktop\JEJEManto/src" />
    <property name="user.name" value="ERIDE21" />
    <property name="web.home" value="C:\Users\ERIDE21\Desktop\JEJEManto/web" />
    <property name="ant.file.type.USJ" value="file" />
    <property name="manager.password" value="root" />
    <property name="test.out.dir" value="C:\Users\ERIDE21\Desktop\JEJEManto/testout" />
    <property name="user.language" value="es" />
    <property name="sun.boot.library.path" value="C:\Program Files\Java\jdk1.8.0_92\jre\bin" />
    <property name="ant.project.default-target" value="build" />
    <property name="docs.home" value="C:\Users\ERIDE21\Desktop\JEJEManto/docs" />
    <property name="ant.project.name" value="USJ" />
    <property name="java.version" value="1.8.0_92" />
    <property name="lib.home" value="C:\Users\ERIDE21\Desktop\JEJEManto/build/WEB-INF/lib" />
    <property name="user.timezone" value="" />
    <property name="sun.arch.data.model" value="64" />
    <property name="compile.optimize" value="true" />
    <property name="java.endorsed.dirs" value="C:\Program Files\Java\jdk1.8.0_92\jre\lib\endorsed" />
    <property name="sun.cpu.isalist" value="amd64" />
    <property name="sun.jnu.encoding" value="Cp1252" />
    <property name="file.encoding.pkg" value="sun.io" />
    <property name="file.separator" value="\" />
    <property name="java.specification.name" value="Java Platform API Specification" />
    <property name="java.class.version" value="52.0" />
    <property name="build.home" value="C:\Users\ERIDE21\Desktop\JEJEManto/build" />
    <property name="manager.username" value="root" />
    <property name="user.country" value="MX" />
    <property name="java.home" value="C:\Program Files\Java\jdk1.8.0_92\jre" />
    <property name="java.vm.info" value="mixed mode" />
    <property name="ant.file" value="C:\Users\ERIDE21\Desktop\JEJEManto\build.xml" />
    <property name="os.version" value="6.3" />
    <property name="classes.home" value="C:\Users\ERIDE21\Desktop\JEJEManto/build/WEB-INF/classes" />
    <property name="path.separator" value=";" />
    <property name="manager.url" value="http://127.0.0.1:8080/manager/text" />
    <property name="java.vm.version" value="25.92-b14" />
    <property name="user.variant" value="" />
    <property name="ant.library.dir" value="C:\apache-ant-1.10.0\lib" />
    <property name="java.awt.printerjob" value="sun.awt.windows.WPrinterJob" />
    <property name="sun.io.unicode.encoding" value="UnicodeLittle" />
    <property name="awt.toolkit" value="sun.awt.windows.WToolkit" />
    <property name="sun.stdout.encoding" value="cp850" />
    <property name="user.script" value="" />
    <property name="user.home" value="C:\Users\ERIDE21" />
    <property name="java.specification.vendor" value="Oracle Corporation" />
    <property name="app.path" value="/JEJEv0.3" />
    <property name="java.library.path" value="C:\Program Files\Java\jdk1.8.0_92\bin;C:\WINDOWS\Sun\Java\bin;C:\WINDOWS\system32;C:\WINDOWS;C:\Program Files (x86)\Embarcadero\Studio\19.0\bin;C:\Users\Public\Documents\Embarcadero\Studio\19.0\Bpl;C:\Program Files (x86)\Embarcadero\Studio\19.0\bin64;C:\Users\Public\Documents\Embarcadero\Studio\19.0\Bpl\Win64;C:\ProgramData\Oracle\Java\javapath;C:\WINDOWS\system32;C:\WINDOWS;C:\WINDOWS\System32\Wbem;C:\WINDOWS\System32\WindowsPowerShell\v1.0\;C:\Program Files\Hewlett-Packard\SimplePass\;C:\Program Files (x86)\ATI Technologies\ATI.ACE\Core-Static;C:\Program Files\Java;C:\apache-ant-1.10.0\bin;C:\Program Files\Git\cmd;C:\Program Files\Java\jdk1.8.0_92\bin;C:\Program Files\Java\jre1.8.0_92;C:\Program Files\MATLAB\MATLAB Production Server\R2015a\runtime\win64;C:\Program Files\MATLAB\MATLAB Production Server\R2015a\bin;C:\Program Files\MATLAB\MATLAB Production Server\R2015a\polyspace\bin;C:\Program Files (x86)\Windows Kits\10\Windows Performance Toolkit\;C:\Program Files\Microsoft SQL Server\130\Tools\Binn\;C:\Program Files\dotnet\;C:\Users\ERIDE21\.dnx\bin;C:\Program Files\Microsoft DNX\Dnvm\;C:\Apache Tomcat 8.0.27\bin;." />
    <property name="java.vendor.url" value="http://java.oracle.com/" />
    <property name="java.vm.vendor" value="Oracle Corporation" />
    <property name="java.runtime.name" value="Java(TM) SE Runtime Environment" />
    <property name="sun.java.command" value="org.apache.tools.ant.launch.Launcher -cp C:\Program Files\Java\jdk1.8.0_92\bin; junitreporteEvento" />
    <property name="java.class.path" value="C:\apache-ant-1.10.0\lib\ant-launcher.jar;C:\Program Files\Java\jdk1.8.0_92\bin\;C:\apache-ant-1.10.0\lib\ant-antlr.jar;C:\apache-ant-1.10.0\lib\ant-apache-bcel.jar;C:\apache-ant-1.10.0\lib\ant-apache-bsf.jar;C:\apache-ant-1.10.0\lib\ant-apache-log4j.jar;C:\apache-ant-1.10.0\lib\ant-apache-oro.jar;C:\apache-ant-1.10.0\lib\ant-apache-regexp.jar;C:\apache-ant-1.10.0\lib\ant-apache-resolver.jar;C:\apache-ant-1.10.0\lib\ant-apache-xalan2.jar;C:\apache-ant-1.10.0\lib\ant-commons-logging.jar;C:\apache-ant-1.10.0\lib\ant-commons-net.jar;C:\apache-ant-1.10.0\lib\ant-jai.jar;C:\apache-ant-1.10.0\lib\ant-javamail.jar;C:\apache-ant-1.10.0\lib\ant-jdepend.jar;C:\apache-ant-1.10.0\lib\ant-jmf.jar;C:\apache-ant-1.10.0\lib\ant-jsch.jar;C:\apache-ant-1.10.0\lib\ant-junit.jar;C:\apache-ant-1.10.0\lib\ant-junit4.jar;C:\apache-ant-1.10.0\lib\ant-launcher.jar;C:\apache-ant-1.10.0\lib\ant-netrexx.jar;C:\apache-ant-1.10.0\lib\ant-swing.jar;C:\apache-ant-1.10.0\lib\ant-testutil.jar;C:\apache-ant-1.10.0\lib\ant.jar;C:\Program Files\Java\jdk1.8.0_92\lib\tools.jar" />
    <property name="ant.version" value="Apache Ant(TM) version 1.10.0 compiled on December 27 2016" />
    <property name="app.name" value="JEJE" />
    <property name="java.vm.specification.name" value="Java Virtual Machine Specification" />
    <property name="ant.file.type" value="file" />
    <property name="java.vm.specification.version" value="1.8" />
    <property name="catalina.home" value="C:\Apache Tomcat 8.0.27" />
    <property name="sun.cpu.endian" value="little" />
    <property name="sun.os.patch.level" value="" />
    <property name="compile.debug" value="true" />
    <property name="java.io.tmpdir" value="C:\Users\ERIDE21\AppData\Local\Temp\" />
    <property name="dist.home" value="C:\Users\ERIDE21\Desktop\JEJEManto/dist" />
    <property name="java.vendor.url.bug" value="http://bugreport.sun.com/bugreport/" />
    <property name="java.awt.graphicsenv" value="sun.awt.Win32GraphicsEnvironment" />
    <property name="os.arch" value="amd64" />
    <property name="java.ext.dirs" value="C:\Program Files\Java\jdk1.8.0_92\jre\lib\ext;C:\WINDOWS\Sun\Java\lib\ext" />
    <property name="user.dir" value="C:\Users\ERIDE21\Desktop\JEJEManto" />
    <property name="ant.file.USJ" value="C:\Users\ERIDE21\Desktop\JEJEManto\build.xml" />
    <property name="line.separator" value="&#xd;&#xa;" />
    <property name="java.vm.name" value="Java HotSpot(TM) 64-Bit Server VM" />
    <property name="app.version" value="0.3" />
    <property name="compile.deprecation" value="false" />
    <property name="basedir" value="C:\Users\ERIDE21\Desktop\JEJEManto" />
    <property name="ant.java.version" value="1.8" />
    <property name="ant.core.lib" value="C:\apache-ant-1.10.0\lib\ant.jar" />
    <property name="file.encoding" value="Cp1252" />
    <property name="sun.stderr.encoding" value="cp850" />
    <property name="java.specification.version" value="1.8" />
    <property name="ant.project.invoked-targets" value="junitreporteEvento" />
  </properties>
  <testcase classname="edu.uag.iidis.scec.pruebas.EventoDAOTest" name="testActualizarEvento" time="3.741" />
  <testcase classname="edu.uag.iidis.scec.pruebas.EventoDAOTest" name="testActualizarEventoF" time="0.032">
    <failure message="No se pudieron actualizar la fecha" type="junit.framework.AssertionFailedError">junit.framework.AssertionFailedError: No se pudieron actualizar la fecha
	at edu.uag.iidis.scec.pruebas.EventoDAOTest.testActualizarEventoF(EventoDAOTest.java:96)
</failure>
  </testcase>
  <testcase classname="edu.uag.iidis.scec.pruebas.EventoDAOTest" name="testBuscarTodos" time="0.031" />
  <testcase classname="edu.uag.iidis.scec.pruebas.EventoDAOTest" name="testBuscarTodosF" time="0.14">
    <failure message="La busqueda fallo" type="junit.framework.AssertionFailedError">junit.framework.AssertionFailedError: La busqueda fallo
	at edu.uag.iidis.scec.pruebas.EventoDAOTest.testBuscarTodosF(EventoDAOTest.java:176)
</failure>
  </testcase>
  <testcase classname="edu.uag.iidis.scec.pruebas.EventoDAOTest" name="testCrearEvento" time="0.11" />
  <testcase classname="edu.uag.iidis.scec.pruebas.EventoDAOTest" name="testCrearEventoF" time="0.125">
    <failure message="El evento ya existe" type="junit.framework.AssertionFailedError">junit.framework.AssertionFailedError: El evento ya existe
	at edu.uag.iidis.scec.pruebas.EventoDAOTest.testCrearEventoF(EventoDAOTest.java:53)
</failure>
  </testcase>
  <testcase classname="edu.uag.iidis.scec.pruebas.EventoDAOTest" name="testEliminarEvento" time="0.125" />
  <testcase classname="edu.uag.iidis.scec.pruebas.EventoDAOTest" name="testEliminarEventoF" time="0.0">
    <failure message="No se encontro el dato a eliminar" type="junit.framework.AssertionFailedError">junit.framework.AssertionFailedError: No se encontro el dato a eliminar
	at edu.uag.iidis.scec.pruebas.EventoDAOTest.testEliminarEventoF(EventoDAOTest.java:136)
</failure>
  </testcase>
  <testcase classname="edu.uag.iidis.scec.pruebas.EventoDAOTest" name="testExisteEvento" time="0.015" />
  <testcase classname="edu.uag.iidis.scec.pruebas.EventoDAOTest" name="testExisteEventoF" time="0.0">
    <failure message="El evento no existe" type="junit.framework.AssertionFailedError">junit.framework.AssertionFailedError: El evento no existe
	at edu.uag.iidis.scec.pruebas.EventoDAOTest.testExisteEventoF(EventoDAOTest.java:214)
</failure>
  </testcase>
  <testcase classname="edu.uag.iidis.scec.pruebas.EventoDAOTest" name="testordenarEventosPorFecha" time="0.157" />
  <testcase classname="edu.uag.iidis.scec.pruebas.EventoDAOTest" name="testordenarEventosPorFechaF" time="0.031">
    <failure message="Los datos no se pudieron ordenar" type="junit.framework.AssertionFailedError">junit.framework.AssertionFailedError: Los datos no se pudieron ordenar
	at edu.uag.iidis.scec.pruebas.EventoDAOTest.testordenarEventosPorFechaF(EventoDAOTest.java:263)
</failure>
  </testcase>
  <system-out><![CDATA[[SCEC] 2017-04-04 15:27:17,133 DEBUG edu.uag.iidis.scec.persistencia.hibernate.HibernateUtil.<clinit>(69) : >creando sessionFactory
[SCEC] 2017-04-04 15:27:19,811 DEBUG edu.uag.iidis.scec.persistencia.hibernate.HibernateUtil.beginTransaction(217) : >beginTransaction()
[SCEC] 2017-04-04 15:27:19,811 DEBUG edu.uag.iidis.scec.persistencia.hibernate.HibernateUtil.beginTransaction(224) : -Iniciando una nueva transacción de base de datos en este thread.
[SCEC] 2017-04-04 15:27:19,811 DEBUG edu.uag.iidis.scec.persistencia.hibernate.HibernateUtil.getSession(153) : >getSession()
[SCEC] 2017-04-04 15:27:19,811 DEBUG edu.uag.iidis.scec.persistencia.hibernate.HibernateUtil.getSession(160) : -Abriendo una nueva sesión para el thread.
[SCEC] 2017-04-04 15:27:19,921 DEBUG edu.uag.iidis.scec.persistencia.EventoDAO.actualizarE(62) : >hazPersistente(evento)
[SCEC] 2017-04-04 15:27:19,921 DEBUG edu.uag.iidis.scec.persistencia.hibernate.HibernateUtil.getSession(153) : >getSession()
Hibernate: select evento0_.idEvento as idEvento9_, evento0_.nombre as nombre9_, evento0_.fecha as fecha9_ from evento evento0_ where evento0_.nombre=?
[SCEC] 2017-04-04 15:27:20,577 DEBUG edu.uag.iidis.scec.persistencia.hibernate.HibernateUtil.getSession(153) : >getSession()
[SCEC] 2017-04-04 15:27:20,577 DEBUG edu.uag.iidis.scec.persistencia.EventoDAO.buscarEventos(281) : >buscarEventos(fecha)
[SCEC] 2017-04-04 15:27:20,577 DEBUG edu.uag.iidis.scec.persistencia.EventoDAO.buscarEventos(289) : from Evento where fecha like '2017-07-25%'2017-07-25
[SCEC] 2017-04-04 15:27:20,577 DEBUG edu.uag.iidis.scec.persistencia.hibernate.HibernateUtil.getSession(153) : >getSession()
[SCEC] 2017-04-04 15:27:20,577 DEBUG edu.uag.iidis.scec.persistencia.EventoDAO.buscarEventos(295) : <<<<<<<<< create query ok 
[SCEC] 2017-04-04 15:27:20,577 DEBUG edu.uag.iidis.scec.persistencia.EventoDAO.buscarEventos(298) : <<<<<<<<< set Parameter ok antes del query list >>>>>
Hibernate: update evento set nombre=?, fecha=? where idEvento=?
Hibernate: select evento0_.idEvento as idEvento9_, evento0_.nombre as nombre9_, evento0_.fecha as fecha9_ from evento evento0_ where evento0_.fecha like '2017-07-25%'
[SCEC] 2017-04-04 15:27:20,640 DEBUG edu.uag.iidis.scec.persistencia.EventoDAO.buscarEventos(303) : <<<<<<<<< Result size 1
[SCEC] 2017-04-04 15:27:20,640 DEBUG edu.uag.iidis.scec.persistencia.hibernate.HibernateUtil.commitTransaction(240) : >commitTransaction()
[SCEC] 2017-04-04 15:27:20,640 DEBUG edu.uag.iidis.scec.persistencia.hibernate.HibernateUtil.commitTransaction(248) : -Comprometiendo la transacción de este thread.
[SCEC] 2017-04-04 15:27:20,718 DEBUG edu.uag.iidis.scec.persistencia.hibernate.HibernateUtil.closeSession(194) : >closeSession()
[SCEC] 2017-04-04 15:27:20,718 DEBUG edu.uag.iidis.scec.persistencia.hibernate.HibernateUtil.closeSession(202) : -Cerrando la sesión local al thread.
[SCEC] 2017-04-04 15:27:20,733 DEBUG edu.uag.iidis.scec.persistencia.hibernate.HibernateUtil.beginTransaction(217) : >beginTransaction()
[SCEC] 2017-04-04 15:27:20,733 DEBUG edu.uag.iidis.scec.persistencia.hibernate.HibernateUtil.beginTransaction(224) : -Iniciando una nueva transacción de base de datos en este thread.
[SCEC] 2017-04-04 15:27:20,733 DEBUG edu.uag.iidis.scec.persistencia.hibernate.HibernateUtil.getSession(153) : >getSession()
[SCEC] 2017-04-04 15:27:20,733 DEBUG edu.uag.iidis.scec.persistencia.hibernate.HibernateUtil.getSession(160) : -Abriendo una nueva sesión para el thread.
[SCEC] 2017-04-04 15:27:20,733 DEBUG edu.uag.iidis.scec.persistencia.EventoDAO.actualizarE(62) : >hazPersistente(evento)
[SCEC] 2017-04-04 15:27:20,733 DEBUG edu.uag.iidis.scec.persistencia.hibernate.HibernateUtil.getSession(153) : >getSession()
Hibernate: select evento0_.idEvento as idEvento9_, evento0_.nombre as nombre9_, evento0_.fecha as fecha9_ from evento evento0_ where evento0_.nombre=?
[SCEC] 2017-04-04 15:27:20,749 DEBUG edu.uag.iidis.scec.persistencia.hibernate.HibernateUtil.closeSession(194) : >closeSession()
[SCEC] 2017-04-04 15:27:20,749 DEBUG edu.uag.iidis.scec.persistencia.hibernate.HibernateUtil.closeSession(202) : -Cerrando la sesión local al thread.
[SCEC] 2017-04-04 15:27:20,765 DEBUG edu.uag.iidis.scec.persistencia.hibernate.HibernateUtil.beginTransaction(217) : >beginTransaction()
[SCEC] 2017-04-04 15:27:20,765 DEBUG edu.uag.iidis.scec.persistencia.EventoDAO.buscarTodos(212) : >buscarTodos()
[SCEC] 2017-04-04 15:27:20,765 DEBUG edu.uag.iidis.scec.persistencia.hibernate.HibernateUtil.getSession(153) : >getSession()
[SCEC] 2017-04-04 15:27:20,765 DEBUG edu.uag.iidis.scec.persistencia.hibernate.HibernateUtil.getSession(160) : -Abriendo una nueva sesión para el thread.
Hibernate: select this_.idEvento as idEvento9_0_, this_.nombre as nombre9_0_, this_.fecha as fecha9_0_ from evento this_
[SCEC] 2017-04-04 15:27:20,796 DEBUG edu.uag.iidis.scec.persistencia.hibernate.HibernateUtil.commitTransaction(240) : >commitTransaction()
[SCEC] 2017-04-04 15:27:20,796 DEBUG edu.uag.iidis.scec.persistencia.hibernate.HibernateUtil.commitTransaction(248) : -Comprometiendo la transacción de este thread.
[SCEC] 2017-04-04 15:27:20,796 DEBUG edu.uag.iidis.scec.persistencia.hibernate.HibernateUtil.closeSession(194) : >closeSession()
[SCEC] 2017-04-04 15:27:20,796 DEBUG edu.uag.iidis.scec.persistencia.hibernate.HibernateUtil.closeSession(202) : -Cerrando la sesión local al thread.
[SCEC] 2017-04-04 15:27:20,796 DEBUG edu.uag.iidis.scec.persistencia.hibernate.HibernateUtil.beginTransaction(217) : >beginTransaction()
[SCEC] 2017-04-04 15:27:20,796 DEBUG edu.uag.iidis.scec.persistencia.hibernate.HibernateUtil.beginTransaction(224) : -Iniciando una nueva transacción de base de datos en este thread.
[SCEC] 2017-04-04 15:27:20,796 DEBUG edu.uag.iidis.scec.persistencia.hibernate.HibernateUtil.getSession(153) : >getSession()
[SCEC] 2017-04-04 15:27:20,796 DEBUG edu.uag.iidis.scec.persistencia.hibernate.HibernateUtil.getSession(160) : -Abriendo una nueva sesión para el thread.
[SCEC] 2017-04-04 15:27:20,921 DEBUG edu.uag.iidis.scec.persistencia.EventoDAO.buscarTodos(212) : >buscarTodos()
[SCEC] 2017-04-04 15:27:20,921 DEBUG edu.uag.iidis.scec.persistencia.hibernate.HibernateUtil.getSession(153) : >getSession()
Hibernate: select this_.idEvento as idEvento9_0_, this_.nombre as nombre9_0_, this_.fecha as fecha9_0_ from evento this_
[SCEC] 2017-04-04 15:27:20,921 DEBUG edu.uag.iidis.scec.persistencia.hibernate.HibernateUtil.commitTransaction(240) : >commitTransaction()
[SCEC] 2017-04-04 15:27:20,921 DEBUG edu.uag.iidis.scec.persistencia.hibernate.HibernateUtil.commitTransaction(248) : -Comprometiendo la transacción de este thread.
[SCEC] 2017-04-04 15:27:20,921 DEBUG edu.uag.iidis.scec.persistencia.hibernate.HibernateUtil.closeSession(194) : >closeSession()
[SCEC] 2017-04-04 15:27:20,921 DEBUG edu.uag.iidis.scec.persistencia.hibernate.HibernateUtil.closeSession(202) : -Cerrando la sesión local al thread.
[SCEC] 2017-04-04 15:27:20,936 DEBUG edu.uag.iidis.scec.persistencia.hibernate.HibernateUtil.beginTransaction(217) : >beginTransaction()
[SCEC] 2017-04-04 15:27:20,936 DEBUG edu.uag.iidis.scec.persistencia.hibernate.HibernateUtil.beginTransaction(224) : -Iniciando una nueva transacción de base de datos en este thread.
[SCEC] 2017-04-04 15:27:20,936 DEBUG edu.uag.iidis.scec.persistencia.hibernate.HibernateUtil.getSession(153) : >getSession()
[SCEC] 2017-04-04 15:27:20,936 DEBUG edu.uag.iidis.scec.persistencia.hibernate.HibernateUtil.getSession(160) : -Abriendo una nueva sesión para el thread.
[SCEC] 2017-04-04 15:27:20,936 DEBUG edu.uag.iidis.scec.persistencia.EventoDAO.hazPersistente(40) : >hazPersistente(evento)
[SCEC] 2017-04-04 15:27:20,936 DEBUG edu.uag.iidis.scec.persistencia.hibernate.HibernateUtil.getSession(153) : >getSession()
Hibernate: select max(idEvento) from evento
[SCEC] 2017-04-04 15:27:20,952 DEBUG edu.uag.iidis.scec.persistencia.EventoDAO.existeEvento(162) : >existeEvento(nombreEvento)
[SCEC] 2017-04-04 15:27:20,952 DEBUG edu.uag.iidis.scec.persistencia.EventoDAO.existeEvento(171) : select nombre from Evento where nombre = :nombreEvento 5
[SCEC] 2017-04-04 15:27:20,952 DEBUG edu.uag.iidis.scec.persistencia.hibernate.HibernateUtil.getSession(153) : >getSession()
[SCEC] 2017-04-04 15:27:20,968 DEBUG edu.uag.iidis.scec.persistencia.EventoDAO.existeEvento(177) : <<<<<<<<< create query ok 
[SCEC] 2017-04-04 15:27:20,968 DEBUG edu.uag.iidis.scec.persistencia.EventoDAO.existeEvento(181) : <<<<<<<<< set Parameter ok antes del query list >>>>>
Hibernate: insert into evento (nombre, fecha, idEvento) values (?, ?, ?)
Hibernate: select evento0_.nombre as col_0_0_ from evento evento0_ where evento0_.nombre=?
[SCEC] 2017-04-04 15:27:20,983 DEBUG edu.uag.iidis.scec.persistencia.EventoDAO.existeEvento(186) : <<<<<<<<< Result size 1
[SCEC] 2017-04-04 15:27:20,983 DEBUG edu.uag.iidis.scec.persistencia.hibernate.HibernateUtil.commitTransaction(240) : >commitTransaction()
[SCEC] 2017-04-04 15:27:20,983 DEBUG edu.uag.iidis.scec.persistencia.hibernate.HibernateUtil.commitTransaction(248) : -Comprometiendo la transacción de este thread.
[SCEC] 2017-04-04 15:27:21,046 DEBUG edu.uag.iidis.scec.persistencia.hibernate.HibernateUtil.closeSession(194) : >closeSession()
[SCEC] 2017-04-04 15:27:21,046 DEBUG edu.uag.iidis.scec.persistencia.hibernate.HibernateUtil.closeSession(202) : -Cerrando la sesión local al thread.
[SCEC] 2017-04-04 15:27:21,046 DEBUG edu.uag.iidis.scec.persistencia.hibernate.HibernateUtil.beginTransaction(217) : >beginTransaction()
[SCEC] 2017-04-04 15:27:21,046 DEBUG edu.uag.iidis.scec.persistencia.hibernate.HibernateUtil.beginTransaction(224) : -Iniciando una nueva transacción de base de datos en este thread.
[SCEC] 2017-04-04 15:27:21,046 DEBUG edu.uag.iidis.scec.persistencia.hibernate.HibernateUtil.getSession(153) : >getSession()
[SCEC] 2017-04-04 15:27:21,046 DEBUG edu.uag.iidis.scec.persistencia.hibernate.HibernateUtil.getSession(160) : -Abriendo una nueva sesión para el thread.
[SCEC] 2017-04-04 15:27:21,046 DEBUG edu.uag.iidis.scec.persistencia.EventoDAO.hazPersistente(40) : >hazPersistente(evento)
[SCEC] 2017-04-04 15:27:21,046 DEBUG edu.uag.iidis.scec.persistencia.hibernate.HibernateUtil.getSession(153) : >getSession()
[SCEC] 2017-04-04 15:27:21,046 DEBUG edu.uag.iidis.scec.persistencia.hibernate.HibernateUtil.commitTransaction(240) : >commitTransaction()
[SCEC] 2017-04-04 15:27:21,046 DEBUG edu.uag.iidis.scec.persistencia.hibernate.HibernateUtil.commitTransaction(248) : -Comprometiendo la transacción de este thread.
Hibernate: insert into evento (nombre, fecha, idEvento) values (?, ?, ?)
[SCEC] 2017-04-04 15:27:21,061  WARN org.hibernate.engine.jdbc.spi.SqlExceptionHelper.logExceptions(143) : SQL Error: 1062, SQLState: 23000
[SCEC] 2017-04-04 15:27:21,061 ERROR org.hibernate.engine.jdbc.spi.SqlExceptionHelper.logExceptions(144) : Duplicate key or integrity constraint violation,  message from server: "Duplicate entry 'Evento 1' for key 'nombre'"
[SCEC] 2017-04-04 15:27:21,061 DEBUG edu.uag.iidis.scec.persistencia.hibernate.HibernateUtil.commitTransaction(255) : -Deshaciendo la transacción de este thread.
[SCEC] 2017-04-04 15:27:21,061 DEBUG edu.uag.iidis.scec.persistencia.hibernate.HibernateUtil.rollbackTransaction(268) : >rollbackTransaction()
[SCEC] 2017-04-04 15:27:21,061 DEBUG edu.uag.iidis.scec.persistencia.hibernate.HibernateUtil.rollbackTransaction(276) : -Intentando deshacer la transacción para este thread.
[SCEC] 2017-04-04 15:27:21,171 DEBUG edu.uag.iidis.scec.persistencia.hibernate.HibernateUtil.rollbackTransaction(285) : -Intentando cerrar la sesión.
[SCEC] 2017-04-04 15:27:21,171 DEBUG edu.uag.iidis.scec.persistencia.hibernate.HibernateUtil.closeSession(194) : >closeSession()
[SCEC] 2017-04-04 15:27:21,171 DEBUG edu.uag.iidis.scec.persistencia.hibernate.HibernateUtil.closeSession(202) : -Cerrando la sesión local al thread.
[SCEC] 2017-04-04 15:27:21,171 ERROR edu.uag.iidis.scec.persistencia.hibernate.HibernateUtil.commitTransaction(258) : <HibernateException
[SCEC] 2017-04-04 15:27:21,171 DEBUG edu.uag.iidis.scec.persistencia.hibernate.HibernateUtil.closeSession(194) : >closeSession()
[SCEC] 2017-04-04 15:27:21,171 DEBUG edu.uag.iidis.scec.persistencia.hibernate.HibernateUtil.beginTransaction(217) : >beginTransaction()
[SCEC] 2017-04-04 15:27:21,171 DEBUG edu.uag.iidis.scec.persistencia.hibernate.HibernateUtil.beginTransaction(224) : -Iniciando una nueva transacción de base de datos en este thread.
[SCEC] 2017-04-04 15:27:21,171 DEBUG edu.uag.iidis.scec.persistencia.hibernate.HibernateUtil.getSession(153) : >getSession()
[SCEC] 2017-04-04 15:27:21,171 DEBUG edu.uag.iidis.scec.persistencia.hibernate.HibernateUtil.getSession(160) : -Abriendo una nueva sesión para el thread.
[SCEC] 2017-04-04 15:27:21,171 DEBUG edu.uag.iidis.scec.persistencia.EventoDAO.hazTransitorio(89) : >hazTransitorio(nombre)
[SCEC] 2017-04-04 15:27:21,171 DEBUG edu.uag.iidis.scec.persistencia.hibernate.HibernateUtil.getSession(153) : >getSession()
Hibernate: select evento0_.idEvento as idEvento9_, evento0_.nombre as nombre9_, evento0_.fecha as fecha9_ from evento evento0_ where evento0_.nombre=?
[SCEC] 2017-04-04 15:27:21,186 DEBUG edu.uag.iidis.scec.persistencia.hibernate.HibernateUtil.getSession(153) : >getSession()
[SCEC] 2017-04-04 15:27:21,186 DEBUG edu.uag.iidis.scec.persistencia.EventoDAO.existeEvento(162) : >existeEvento(nombreEvento)
[SCEC] 2017-04-04 15:27:21,186 DEBUG edu.uag.iidis.scec.persistencia.EventoDAO.existeEvento(171) : select nombre from Evento where nombre = :nombreEvento 3
[SCEC] 2017-04-04 15:27:21,186 DEBUG edu.uag.iidis.scec.persistencia.hibernate.HibernateUtil.getSession(153) : >getSession()
[SCEC] 2017-04-04 15:27:21,186 DEBUG edu.uag.iidis.scec.persistencia.EventoDAO.existeEvento(177) : <<<<<<<<< create query ok 
[SCEC] 2017-04-04 15:27:21,186 DEBUG edu.uag.iidis.scec.persistencia.EventoDAO.existeEvento(181) : <<<<<<<<< set Parameter ok antes del query list >>>>>
Hibernate: delete from evento where idEvento=?
Hibernate: select evento0_.nombre as col_0_0_ from evento evento0_ where evento0_.nombre=?
[SCEC] 2017-04-04 15:27:21,218 DEBUG edu.uag.iidis.scec.persistencia.EventoDAO.existeEvento(186) : <<<<<<<<< Result size 0
[SCEC] 2017-04-04 15:27:21,218 DEBUG edu.uag.iidis.scec.persistencia.hibernate.HibernateUtil.commitTransaction(240) : >commitTransaction()
[SCEC] 2017-04-04 15:27:21,218 DEBUG edu.uag.iidis.scec.persistencia.hibernate.HibernateUtil.commitTransaction(248) : -Comprometiendo la transacción de este thread.
[SCEC] 2017-04-04 15:27:21,296 DEBUG edu.uag.iidis.scec.persistencia.hibernate.HibernateUtil.closeSession(194) : >closeSession()
[SCEC] 2017-04-04 15:27:21,296 DEBUG edu.uag.iidis.scec.persistencia.hibernate.HibernateUtil.closeSession(202) : -Cerrando la sesión local al thread.
[SCEC] 2017-04-04 15:27:21,296 DEBUG edu.uag.iidis.scec.persistencia.hibernate.HibernateUtil.beginTransaction(217) : >beginTransaction()
[SCEC] 2017-04-04 15:27:21,296 DEBUG edu.uag.iidis.scec.persistencia.hibernate.HibernateUtil.beginTransaction(224) : -Iniciando una nueva transacción de base de datos en este thread.
[SCEC] 2017-04-04 15:27:21,296 DEBUG edu.uag.iidis.scec.persistencia.hibernate.HibernateUtil.getSession(153) : >getSession()
[SCEC] 2017-04-04 15:27:21,296 DEBUG edu.uag.iidis.scec.persistencia.hibernate.HibernateUtil.getSession(160) : -Abriendo una nueva sesión para el thread.
[SCEC] 2017-04-04 15:27:21,296 DEBUG edu.uag.iidis.scec.persistencia.EventoDAO.hazTransitorio(89) : >hazTransitorio(nombre)
[SCEC] 2017-04-04 15:27:21,296 DEBUG edu.uag.iidis.scec.persistencia.hibernate.HibernateUtil.getSession(153) : >getSession()
Hibernate: select evento0_.idEvento as idEvento9_, evento0_.nombre as nombre9_, evento0_.fecha as fecha9_ from evento evento0_ where evento0_.nombre=?
[SCEC] 2017-04-04 15:27:21,296 DEBUG edu.uag.iidis.scec.persistencia.hibernate.HibernateUtil.getSession(153) : >getSession()
[SCEC] 2017-04-04 15:27:21,296 DEBUG edu.uag.iidis.scec.persistencia.hibernate.HibernateUtil.closeSession(194) : >closeSession()
[SCEC] 2017-04-04 15:27:21,296 DEBUG edu.uag.iidis.scec.persistencia.hibernate.HibernateUtil.closeSession(202) : -Cerrando la sesión local al thread.
[SCEC] 2017-04-04 15:27:21,296 DEBUG edu.uag.iidis.scec.persistencia.hibernate.HibernateUtil.beginTransaction(217) : >beginTransaction()
[SCEC] 2017-04-04 15:27:21,296 DEBUG edu.uag.iidis.scec.persistencia.EventoDAO.existeEvento(162) : >existeEvento(nombreEvento)
[SCEC] 2017-04-04 15:27:21,296 DEBUG edu.uag.iidis.scec.persistencia.EventoDAO.existeEvento(171) : select nombre from Evento where nombre = :nombreEvento 1
[SCEC] 2017-04-04 15:27:21,296 DEBUG edu.uag.iidis.scec.persistencia.hibernate.HibernateUtil.getSession(153) : >getSession()
[SCEC] 2017-04-04 15:27:21,296 DEBUG edu.uag.iidis.scec.persistencia.hibernate.HibernateUtil.getSession(160) : -Abriendo una nueva sesión para el thread.
[SCEC] 2017-04-04 15:27:21,296 DEBUG edu.uag.iidis.scec.persistencia.EventoDAO.existeEvento(177) : <<<<<<<<< create query ok 
[SCEC] 2017-04-04 15:27:21,296 DEBUG edu.uag.iidis.scec.persistencia.EventoDAO.existeEvento(181) : <<<<<<<<< set Parameter ok antes del query list >>>>>
Hibernate: select evento0_.nombre as col_0_0_ from evento evento0_ where evento0_.nombre=?
[SCEC] 2017-04-04 15:27:21,311 DEBUG edu.uag.iidis.scec.persistencia.EventoDAO.existeEvento(186) : <<<<<<<<< Result size 1
[SCEC] 2017-04-04 15:27:21,311 DEBUG edu.uag.iidis.scec.persistencia.hibernate.HibernateUtil.commitTransaction(240) : >commitTransaction()
[SCEC] 2017-04-04 15:27:21,311 DEBUG edu.uag.iidis.scec.persistencia.hibernate.HibernateUtil.commitTransaction(248) : -Comprometiendo la transacción de este thread.
[SCEC] 2017-04-04 15:27:21,311 DEBUG edu.uag.iidis.scec.persistencia.hibernate.HibernateUtil.closeSession(194) : >closeSession()
[SCEC] 2017-04-04 15:27:21,311 DEBUG edu.uag.iidis.scec.persistencia.hibernate.HibernateUtil.closeSession(202) : -Cerrando la sesión local al thread.
[SCEC] 2017-04-04 15:27:21,311 DEBUG edu.uag.iidis.scec.persistencia.hibernate.HibernateUtil.beginTransaction(217) : >beginTransaction()
[SCEC] 2017-04-04 15:27:21,311 DEBUG edu.uag.iidis.scec.persistencia.hibernate.HibernateUtil.beginTransaction(224) : -Iniciando una nueva transacción de base de datos en este thread.
[SCEC] 2017-04-04 15:27:21,311 DEBUG edu.uag.iidis.scec.persistencia.hibernate.HibernateUtil.getSession(153) : >getSession()
[SCEC] 2017-04-04 15:27:21,311 DEBUG edu.uag.iidis.scec.persistencia.hibernate.HibernateUtil.getSession(160) : -Abriendo una nueva sesión para el thread.
[SCEC] 2017-04-04 15:27:21,311 DEBUG edu.uag.iidis.scec.persistencia.EventoDAO.existeEvento(162) : >existeEvento(nombreEvento)
[SCEC] 2017-04-04 15:27:21,311 DEBUG edu.uag.iidis.scec.persistencia.EventoDAO.existeEvento(171) : select nombre from Evento where nombre = :nombreEvento 15
[SCEC] 2017-04-04 15:27:21,311 DEBUG edu.uag.iidis.scec.persistencia.hibernate.HibernateUtil.getSession(153) : >getSession()
[SCEC] 2017-04-04 15:27:21,311 DEBUG edu.uag.iidis.scec.persistencia.EventoDAO.existeEvento(177) : <<<<<<<<< create query ok 
[SCEC] 2017-04-04 15:27:21,311 DEBUG edu.uag.iidis.scec.persistencia.EventoDAO.existeEvento(181) : <<<<<<<<< set Parameter ok antes del query list >>>>>
Hibernate: select evento0_.nombre as col_0_0_ from evento evento0_ where evento0_.nombre=?
[SCEC] 2017-04-04 15:27:21,311 DEBUG edu.uag.iidis.scec.persistencia.EventoDAO.existeEvento(186) : <<<<<<<<< Result size 0
[SCEC] 2017-04-04 15:27:21,311 DEBUG edu.uag.iidis.scec.persistencia.hibernate.HibernateUtil.commitTransaction(240) : >commitTransaction()
[SCEC] 2017-04-04 15:27:21,311 DEBUG edu.uag.iidis.scec.persistencia.hibernate.HibernateUtil.commitTransaction(248) : -Comprometiendo la transacción de este thread.
[SCEC] 2017-04-04 15:27:21,311 DEBUG edu.uag.iidis.scec.persistencia.hibernate.HibernateUtil.closeSession(194) : >closeSession()
[SCEC] 2017-04-04 15:27:21,311 DEBUG edu.uag.iidis.scec.persistencia.hibernate.HibernateUtil.closeSession(202) : -Cerrando la sesión local al thread.
[SCEC] 2017-04-04 15:27:21,311 DEBUG edu.uag.iidis.scec.persistencia.hibernate.HibernateUtil.beginTransaction(217) : >beginTransaction()
[SCEC] 2017-04-04 15:27:21,327 DEBUG edu.uag.iidis.scec.persistencia.hibernate.HibernateUtil.beginTransaction(224) : -Iniciando una nueva transacción de base de datos en este thread.
[SCEC] 2017-04-04 15:27:21,327 DEBUG edu.uag.iidis.scec.persistencia.hibernate.HibernateUtil.getSession(153) : >getSession()
[SCEC] 2017-04-04 15:27:21,327 DEBUG edu.uag.iidis.scec.persistencia.hibernate.HibernateUtil.getSession(160) : -Abriendo una nueva sesión para el thread.
[SCEC] 2017-04-04 15:27:21,327 DEBUG edu.uag.iidis.scec.persistencia.EventoDAO.hazPersistente(40) : >hazPersistente(evento)
[SCEC] 2017-04-04 15:27:21,327 DEBUG edu.uag.iidis.scec.persistencia.hibernate.HibernateUtil.getSession(153) : >getSession()
[SCEC] 2017-04-04 15:27:21,327 DEBUG edu.uag.iidis.scec.persistencia.EventoDAO.ordenarEventosPor(115) : >existeRol(nombreRol)
[SCEC] 2017-04-04 15:27:21,327 DEBUG edu.uag.iidis.scec.persistencia.EventoDAO.ordenarEventosPor(123) : from Evento ORDER BY fechafecha
[SCEC] 2017-04-04 15:27:21,327 DEBUG edu.uag.iidis.scec.persistencia.hibernate.HibernateUtil.getSession(153) : >getSession()
[SCEC] 2017-04-04 15:27:21,327 DEBUG edu.uag.iidis.scec.persistencia.EventoDAO.ordenarEventosPor(129) : <<<<<<<<< create query ok 
[SCEC] 2017-04-04 15:27:21,327 DEBUG edu.uag.iidis.scec.persistencia.EventoDAO.ordenarEventosPor(132) : <<<<<<<<< set Parameter ok antes del query list >>>>>
Hibernate: insert into evento (nombre, fecha, idEvento) values (?, ?, ?)
Hibernate: select evento0_.idEvento as idEvento9_, evento0_.nombre as nombre9_, evento0_.fecha as fecha9_ from evento evento0_ order by evento0_.fecha
[SCEC] 2017-04-04 15:27:21,358 DEBUG edu.uag.iidis.scec.persistencia.EventoDAO.ordenarEventosPor(137) : <<<<<<<<< Result size 5
[SCEC] 2017-04-04 15:27:21,358 DEBUG edu.uag.iidis.scec.persistencia.hibernate.HibernateUtil.commitTransaction(240) : >commitTransaction()
[SCEC] 2017-04-04 15:27:21,358 DEBUG edu.uag.iidis.scec.persistencia.hibernate.HibernateUtil.commitTransaction(248) : -Comprometiendo la transacción de este thread.
[SCEC] 2017-04-04 15:27:21,452 DEBUG edu.uag.iidis.scec.persistencia.hibernate.HibernateUtil.closeSession(194) : >closeSession()
[SCEC] 2017-04-04 15:27:21,468 DEBUG edu.uag.iidis.scec.persistencia.hibernate.HibernateUtil.closeSession(202) : -Cerrando la sesión local al thread.
[SCEC] 2017-04-04 15:27:21,468 DEBUG edu.uag.iidis.scec.persistencia.hibernate.HibernateUtil.beginTransaction(217) : >beginTransaction()
[SCEC] 2017-04-04 15:27:21,468 DEBUG edu.uag.iidis.scec.persistencia.hibernate.HibernateUtil.beginTransaction(224) : -Iniciando una nueva transacción de base de datos en este thread.
[SCEC] 2017-04-04 15:27:21,468 DEBUG edu.uag.iidis.scec.persistencia.hibernate.HibernateUtil.getSession(153) : >getSession()
[SCEC] 2017-04-04 15:27:21,468 DEBUG edu.uag.iidis.scec.persistencia.hibernate.HibernateUtil.getSession(160) : -Abriendo una nueva sesión para el thread.
[SCEC] 2017-04-04 15:27:21,468 DEBUG edu.uag.iidis.scec.persistencia.EventoDAO.hazPersistente(40) : >hazPersistente(evento)
[SCEC] 2017-04-04 15:27:21,468 DEBUG edu.uag.iidis.scec.persistencia.hibernate.HibernateUtil.getSession(153) : >getSession()
[SCEC] 2017-04-04 15:27:21,468 DEBUG edu.uag.iidis.scec.persistencia.EventoDAO.ordenarEventosPor(115) : >existeRol(nombreRol)
[SCEC] 2017-04-04 15:27:21,468 DEBUG edu.uag.iidis.scec.persistencia.EventoDAO.ordenarEventosPor(123) : from Evento ORDER BY ciudadciudad
[SCEC] 2017-04-04 15:27:21,468 DEBUG edu.uag.iidis.scec.persistencia.hibernate.HibernateUtil.getSession(153) : >getSession()
[SCEC] 2017-04-04 15:27:21,483 DEBUG edu.uag.iidis.scec.persistencia.EventoDAO.ordenarEventosPor(129) : <<<<<<<<< create query ok 
[SCEC] 2017-04-04 15:27:21,483 DEBUG edu.uag.iidis.scec.persistencia.EventoDAO.ordenarEventosPor(132) : <<<<<<<<< set Parameter ok antes del query list >>>>>
Hibernate: insert into evento (nombre, fecha, idEvento) values (?, ?, ?)
Hibernate: select evento0_.idEvento as idEvento9_, evento0_.nombre as nombre9_, evento0_.fecha as fecha9_ from evento evento0_ order by ciudad
[SCEC] 2017-04-04 15:27:21,483  WARN org.hibernate.engine.jdbc.spi.SqlExceptionHelper.logExceptions(143) : SQL Error: 1054, SQLState: 42S22
[SCEC] 2017-04-04 15:27:21,483 ERROR org.hibernate.engine.jdbc.spi.SqlExceptionHelper.logExceptions(144) : null,  message from server: "Unknown column 'ciudad' in 'order clause'"
[SCEC] 2017-04-04 15:27:21,483  WARN edu.uag.iidis.scec.persistencia.EventoDAO.ordenarEventosPor(147) : <HibernateException *******************
[SCEC] 2017-04-04 15:27:21,483 DEBUG edu.uag.iidis.scec.persistencia.hibernate.HibernateUtil.closeSession(194) : >closeSession()
[SCEC] 2017-04-04 15:27:21,483 DEBUG edu.uag.iidis.scec.persistencia.hibernate.HibernateUtil.closeSession(202) : -Cerrando la sesión local al thread.
]]></system-out>
  <system-err><![CDATA[]]></system-err>
</testsuite>
