<?xml version="1.0" encoding="UTF-8" ?>
<testsuite errors="0" failures="0" hostname="UPChiapas-PC" name="edu.uag.iidis.scec.pruebas.VehiculoDAOTest" skipped="0" tests="1" time="1.79" timestamp="2017-04-02T03:54:57">
  <properties>
    <property name="java.vendor" value="Oracle Corporation" />
    <property name="sun.java.launcher" value="SUN_STANDARD" />
    <property name="sun.management.compiler" value="HotSpot 64-Bit Tiered Compilers" />
    <property name="os.name" value="Windows 7" />
    <property name="sun.boot.class.path" value="C:\Program Files\Java\jdk1.8.0_121\jre\lib\resources.jar;C:\Program Files\Java\jdk1.8.0_121\jre\lib\rt.jar;C:\Program Files\Java\jdk1.8.0_121\jre\lib\sunrsasign.jar;C:\Program Files\Java\jdk1.8.0_121\jre\lib\jsse.jar;C:\Program Files\Java\jdk1.8.0_121\jre\lib\jce.jar;C:\Program Files\Java\jdk1.8.0_121\jre\lib\charsets.jar;C:\Program Files\Java\jdk1.8.0_121\jre\lib\jfr.jar;C:\Program Files\Java\jdk1.8.0_121\jre\classes" />
    <property name="sun.desktop" value="windows" />
    <property name="java.vm.specification.vendor" value="Oracle Corporation" />
    <property name="ant.home" value="C:\apache-ant-1.9.9" />
    <property name="java.runtime.version" value="1.8.0_121-b13" />
    <property name="src.home" value="D:\UPChiapas\Documentos\JEJEManto/src" />
    <property name="user.name" value="UPChiapas" />
    <property name="web.home" value="D:\UPChiapas\Documentos\JEJEManto/web" />
    <property name="ant.file.type.USJ" value="file" />
    <property name="manager.password" value="root" />
    <property name="test.out.dir" value="D:\UPChiapas\Documentos\JEJEManto/testout" />
    <property name="user.language" value="es" />
    <property name="sun.boot.library.path" value="C:\Program Files\Java\jdk1.8.0_121\jre\bin" />
    <property name="ant.project.default-target" value="build" />
    <property name="docs.home" value="D:\UPChiapas\Documentos\JEJEManto/docs" />
    <property name="ant.project.name" value="USJ" />
    <property name="java.version" value="1.8.0_121" />
    <property name="lib.home" value="D:\UPChiapas\Documentos\JEJEManto/build/WEB-INF/lib" />
    <property name="user.timezone" value="" />
    <property name="sun.arch.data.model" value="64" />
    <property name="compile.optimize" value="true" />
    <property name="java.endorsed.dirs" value="C:\Program Files\Java\jdk1.8.0_121\jre\lib\endorsed" />
    <property name="sun.cpu.isalist" value="amd64" />
    <property name="sun.jnu.encoding" value="Cp1252" />
    <property name="file.encoding.pkg" value="sun.io" />
    <property name="file.separator" value="\" />
    <property name="java.specification.name" value="Java Platform API Specification" />
    <property name="java.class.version" value="52.0" />
    <property name="build.home" value="D:\UPChiapas\Documentos\JEJEManto/build" />
    <property name="manager.username" value="root" />
    <property name="user.country" value="ES" />
    <property name="java.home" value="C:\Program Files\Java\jdk1.8.0_121\jre" />
    <property name="java.vm.info" value="mixed mode" />
    <property name="ant.file" value="D:\UPChiapas\Documentos\JEJEManto\build.xml" />
    <property name="os.version" value="6.1" />
    <property name="classes.home" value="D:\UPChiapas\Documentos\JEJEManto/build/WEB-INF/classes" />
    <property name="path.separator" value=";" />
    <property name="manager.url" value="http://127.0.0.1:8080/manager/text" />
    <property name="java.vm.version" value="25.121-b13" />
    <property name="user.variant" value="" />
    <property name="ant.library.dir" value="C:\apache-ant-1.9.9\lib" />
    <property name="java.awt.printerjob" value="sun.awt.windows.WPrinterJob" />
    <property name="sun.io.unicode.encoding" value="UnicodeLittle" />
    <property name="awt.toolkit" value="sun.awt.windows.WToolkit" />
    <property name="sun.stdout.encoding" value="cp850" />
    <property name="user.script" value="" />
    <property name="user.home" value="C:\Users\UPChiapas" />
    <property name="java.specification.vendor" value="Oracle Corporation" />
    <property name="app.path" value="/JEJEv0.3" />
    <property name="java.library.path" value="C:\Program Files\Java\jdk1.8.0_121\bin;C:\Windows\Sun\Java\bin;C:\Windows\system32;C:\Windows;C:\Program Files\Java\jdk1.8.0_121\bin;C:\Program Files\Java\jdk1.8.0_121\jre\lib\ext\*;C:\ProgramData\Oracle\Java\javapath;C:\Windows\system32;C:\Windows;C:\Windows\System32\Wbem;C:\Windows\System32\WindowsPowerShell\v1.0\;C:\Program Files\Intel\WiFi\bin\;C:\Program Files\Common Files\Intel\WirelessCommon\;C:\Program Files\Microsoft SQL Server\110\Tools\Binn\;C:\apache-ant-1.9.9\bin;%USERPROFILE%\.dnx\bin;C:\Program Files\Microsoft DNX\Dnvm\;C:\Program Files\Microsoft SQL Server\130\Tools\Binn\;C:\Program Files\Git\cmd;C:\Program Files\MATLAB\MATLAB Production Server\R2015a\runtime\win64;C:\Program Files\MATLAB\MATLAB Production Server\R2015a\bin;C:\Program Files\MATLAB\MATLAB Production Server\R2015a\polyspace\bin;C:\Program Files\nodejs\;C:\Program Files (x86)\Windows Kits\8.1\Windows Performance Toolkit\;C:\Apache Tomcat 8.0.27\bin;C:\Users\UPChiapas\AppData\Roaming\npm;." />
    <property name="java.vendor.url" value="http://java.oracle.com/" />
    <property name="java.vm.vendor" value="Oracle Corporation" />
    <property name="java.runtime.name" value="Java(TM) SE Runtime Environment" />
    <property name="sun.java.command" value="org.apache.tools.ant.launch.Launcher -cp C:\Program Files\Java\jdk1.8.0_121\src.zip; testVehiculoDAO" />
    <property name="java.class.path" value="C:\apache-ant-1.9.9\lib\ant-launcher.jar;C:\Program Files\Java\jdk1.8.0_121\src.zip;C:\apache-ant-1.9.9\lib\ant-antlr.jar;C:\apache-ant-1.9.9\lib\ant-apache-bcel.jar;C:\apache-ant-1.9.9\lib\ant-apache-bsf.jar;C:\apache-ant-1.9.9\lib\ant-apache-log4j.jar;C:\apache-ant-1.9.9\lib\ant-apache-oro.jar;C:\apache-ant-1.9.9\lib\ant-apache-regexp.jar;C:\apache-ant-1.9.9\lib\ant-apache-resolver.jar;C:\apache-ant-1.9.9\lib\ant-apache-xalan2.jar;C:\apache-ant-1.9.9\lib\ant-commons-logging.jar;C:\apache-ant-1.9.9\lib\ant-commons-net.jar;C:\apache-ant-1.9.9\lib\ant-jai.jar;C:\apache-ant-1.9.9\lib\ant-javamail.jar;C:\apache-ant-1.9.9\lib\ant-jdepend.jar;C:\apache-ant-1.9.9\lib\ant-jmf.jar;C:\apache-ant-1.9.9\lib\ant-jsch.jar;C:\apache-ant-1.9.9\lib\ant-junit.jar;C:\apache-ant-1.9.9\lib\ant-junit4.jar;C:\apache-ant-1.9.9\lib\ant-launcher.jar;C:\apache-ant-1.9.9\lib\ant-netrexx.jar;C:\apache-ant-1.9.9\lib\ant-swing.jar;C:\apache-ant-1.9.9\lib\ant-testutil.jar;C:\apache-ant-1.9.9\lib\ant.jar;C:\Program Files\Java\jdk1.8.0_121\lib\tools.jar" />
    <property name="ant.version" value="Apache Ant(TM) version 1.9.9 compiled on February 2 2017" />
    <property name="app.name" value="JEJE" />
    <property name="java.vm.specification.name" value="Java Virtual Machine Specification" />
    <property name="ant.file.type" value="file" />
    <property name="java.vm.specification.version" value="1.8" />
    <property name="catalina.home" value="C:\Apache Tomcat 8.0.27" />
    <property name="sun.cpu.endian" value="little" />
    <property name="sun.os.patch.level" value="Service Pack 1" />
    <property name="compile.debug" value="true" />
    <property name="java.io.tmpdir" value="C:\Users\UPCHIA~1\AppData\Local\Temp\" />
    <property name="dist.home" value="D:\UPChiapas\Documentos\JEJEManto/dist" />
    <property name="java.vendor.url.bug" value="http://bugreport.sun.com/bugreport/" />
    <property name="java.awt.graphicsenv" value="sun.awt.Win32GraphicsEnvironment" />
    <property name="os.arch" value="amd64" />
    <property name="java.ext.dirs" value="C:\Program Files\Java\jdk1.8.0_121\jre\lib\ext;C:\Windows\Sun\Java\lib\ext" />
    <property name="user.dir" value="D:\UPChiapas\Documentos\JEJEManto" />
    <property name="ant.file.USJ" value="D:\UPChiapas\Documentos\JEJEManto\build.xml" />
    <property name="line.separator" value="&#xd;&#xa;" />
    <property name="java.vm.name" value="Java HotSpot(TM) 64-Bit Server VM" />
    <property name="app.version" value="0.3" />
    <property name="compile.deprecation" value="false" />
    <property name="basedir" value="D:\UPChiapas\Documentos\JEJEManto" />
    <property name="ant.java.version" value="1.8" />
    <property name="ant.core.lib" value="C:\apache-ant-1.9.9\lib\ant.jar" />
    <property name="file.encoding" value="Cp1252" />
    <property name="sun.stderr.encoding" value="cp850" />
    <property name="java.specification.version" value="1.8" />
    <property name="ant.project.invoked-targets" value="testVehiculoDAO" />
  </properties>
  <testcase classname="edu.uag.iidis.scec.pruebas.VehiculoDAOTest" name="testCrearVehiculo" time="1.757" />
  <system-out><![CDATA[[SCEC] 2017-04-01 21:54:57,173 DEBUG edu.uag.iidis.scec.persistencia.hibernate.HibernateUtil.<clinit>(69) : >creando sessionFactory
[SCEC] 2017-04-01 21:54:58,597 DEBUG edu.uag.iidis.scec.persistencia.hibernate.HibernateUtil.beginTransaction(230) : >beginTransaction()
[SCEC] 2017-04-01 21:54:58,597 DEBUG edu.uag.iidis.scec.persistencia.hibernate.HibernateUtil.beginTransaction(237) : -Iniciando una nueva transacción de base de datos en este thread.
[SCEC] 2017-04-01 21:54:58,598 DEBUG edu.uag.iidis.scec.persistencia.hibernate.HibernateUtil.getSession(160) : >getSession()
[SCEC] 2017-04-01 21:54:58,598 DEBUG edu.uag.iidis.scec.persistencia.hibernate.HibernateUtil.getSession(167) : -Abriendo una nueva sesión para el thread.
[SCEC] 2017-04-01 21:54:58,639 DEBUG edu.uag.iidis.scec.persistencia.VehiculoDAO.hazPersistente(103) : >hazPersistente(Vehiculo)
[SCEC] 2017-04-01 21:54:58,639 DEBUG edu.uag.iidis.scec.persistencia.hibernate.HibernateUtil.getSession(160) : >getSession()
Hibernate: select max(idVehiculo) from vehiculos
[SCEC] 2017-04-01 21:54:58,793 DEBUG edu.uag.iidis.scec.persistencia.hibernate.HibernateUtil.commitTransaction(256) : >commitTransaction()
[SCEC] 2017-04-01 21:54:58,794 DEBUG edu.uag.iidis.scec.persistencia.hibernate.HibernateUtil.commitTransaction(264) : -Comprometiendo la transacción de este thread.
Hibernate: insert into vehiculos (tipo, modelo, marca, placa, color, curp, idVehiculo) values (?, ?, ?, ?, ?, ?, ?)
[SCEC] 2017-04-01 21:54:58,845 DEBUG edu.uag.iidis.scec.persistencia.hibernate.HibernateUtil.closeSession(204) : >closeSession()
[SCEC] 2017-04-01 21:54:58,845 DEBUG edu.uag.iidis.scec.persistencia.hibernate.HibernateUtil.closeSession(212) : -Cerrando la sesión local al thread.
]]></system-out>
  <system-err><![CDATA[]]></system-err>
</testsuite>
