<?xml version="1.0" encoding="UTF-8" ?>
<testsuite errors="0" failures="6" hostname="ERIDE" name="edu.uag.iidis.scec.pruebas.ClimaDAOTest" skipped="0" tests="12" time="4.562" timestamp="2017-04-04T20:28:25">
  <properties>
    <property name="java.vendor" value="Oracle Corporation" />
    <property name="sun.java.launcher" value="SUN_STANDARD" />
    <property name="sun.management.compiler" value="HotSpot 64-Bit Tiered Compilers" />
    <property name="os.name" value="Windows 8.1" />
    <property name="sun.boot.class.path" value="C:\Program Files\Java\jdk1.8.0_92\jre\lib\resources.jar;C:\Program Files\Java\jdk1.8.0_92\jre\lib\rt.jar;C:\Program Files\Java\jdk1.8.0_92\jre\lib\sunrsasign.jar;C:\Program Files\Java\jdk1.8.0_92\jre\lib\jsse.jar;C:\Program Files\Java\jdk1.8.0_92\jre\lib\jce.jar;C:\Program Files\Java\jdk1.8.0_92\jre\lib\charsets.jar;C:\Program Files\Java\jdk1.8.0_92\jre\lib\jfr.jar;C:\Program Files\Java\jdk1.8.0_92\jre\classes" />
    <property name="sun.desktop" value="windows" />
    <property name="java.vm.specification.vendor" value="Oracle Corporation" />
    <property name="ant.home" value="C:\apache-ant-1.10.0" />
    <property name="java.runtime.version" value="1.8.0_92-b14" />
    <property name="src.home" value="C:\Users\ERIDE21\Desktop\JEJEManto/src" />
    <property name="user.name" value="ERIDE21" />
    <property name="web.home" value="C:\Users\ERIDE21\Desktop\JEJEManto/web" />
    <property name="ant.file.type.USJ" value="file" />
    <property name="manager.password" value="root" />
    <property name="test.out.dir" value="C:\Users\ERIDE21\Desktop\JEJEManto/testout" />
    <property name="user.language" value="es" />
    <property name="sun.boot.library.path" value="C:\Program Files\Java\jdk1.8.0_92\jre\bin" />
    <property name="ant.project.default-target" value="build" />
    <property name="docs.home" value="C:\Users\ERIDE21\Desktop\JEJEManto/docs" />
    <property name="ant.project.name" value="USJ" />
    <property name="java.version" value="1.8.0_92" />
    <property name="lib.home" value="C:\Users\ERIDE21\Desktop\JEJEManto/build/WEB-INF/lib" />
    <property name="user.timezone" value="" />
    <property name="sun.arch.data.model" value="64" />
    <property name="compile.optimize" value="true" />
    <property name="java.endorsed.dirs" value="C:\Program Files\Java\jdk1.8.0_92\jre\lib\endorsed" />
    <property name="sun.cpu.isalist" value="amd64" />
    <property name="sun.jnu.encoding" value="Cp1252" />
    <property name="file.encoding.pkg" value="sun.io" />
    <property name="file.separator" value="\" />
    <property name="java.specification.name" value="Java Platform API Specification" />
    <property name="java.class.version" value="52.0" />
    <property name="build.home" value="C:\Users\ERIDE21\Desktop\JEJEManto/build" />
    <property name="manager.username" value="root" />
    <property name="user.country" value="MX" />
    <property name="java.home" value="C:\Program Files\Java\jdk1.8.0_92\jre" />
    <property name="java.vm.info" value="mixed mode" />
    <property name="ant.file" value="C:\Users\ERIDE21\Desktop\JEJEManto\build.xml" />
    <property name="os.version" value="6.3" />
    <property name="classes.home" value="C:\Users\ERIDE21\Desktop\JEJEManto/build/WEB-INF/classes" />
    <property name="path.separator" value=";" />
    <property name="manager.url" value="http://127.0.0.1:8080/manager/text" />
    <property name="java.vm.version" value="25.92-b14" />
    <property name="user.variant" value="" />
    <property name="ant.library.dir" value="C:\apache-ant-1.10.0\lib" />
    <property name="java.awt.printerjob" value="sun.awt.windows.WPrinterJob" />
    <property name="sun.io.unicode.encoding" value="UnicodeLittle" />
    <property name="awt.toolkit" value="sun.awt.windows.WToolkit" />
    <property name="sun.stdout.encoding" value="cp850" />
    <property name="user.script" value="" />
    <property name="user.home" value="C:\Users\ERIDE21" />
    <property name="java.specification.vendor" value="Oracle Corporation" />
    <property name="app.path" value="/JEJEv0.3" />
    <property name="java.library.path" value="C:\Program Files\Java\jdk1.8.0_92\bin;C:\WINDOWS\Sun\Java\bin;C:\WINDOWS\system32;C:\WINDOWS;C:\Program Files (x86)\Embarcadero\Studio\19.0\bin;C:\Users\Public\Documents\Embarcadero\Studio\19.0\Bpl;C:\Program Files (x86)\Embarcadero\Studio\19.0\bin64;C:\Users\Public\Documents\Embarcadero\Studio\19.0\Bpl\Win64;C:\ProgramData\Oracle\Java\javapath;C:\WINDOWS\system32;C:\WINDOWS;C:\WINDOWS\System32\Wbem;C:\WINDOWS\System32\WindowsPowerShell\v1.0\;C:\Program Files\Hewlett-Packard\SimplePass\;C:\Program Files (x86)\ATI Technologies\ATI.ACE\Core-Static;C:\Program Files\Java;C:\apache-ant-1.10.0\bin;C:\Program Files\Git\cmd;C:\Program Files\Java\jdk1.8.0_92\bin;C:\Program Files\Java\jre1.8.0_92;C:\Program Files\MATLAB\MATLAB Production Server\R2015a\runtime\win64;C:\Program Files\MATLAB\MATLAB Production Server\R2015a\bin;C:\Program Files\MATLAB\MATLAB Production Server\R2015a\polyspace\bin;C:\Program Files (x86)\Windows Kits\10\Windows Performance Toolkit\;C:\Program Files\Microsoft SQL Server\130\Tools\Binn\;C:\Program Files\dotnet\;C:\Users\ERIDE21\.dnx\bin;C:\Program Files\Microsoft DNX\Dnvm\;C:\Apache Tomcat 8.0.27\bin;." />
    <property name="java.vendor.url" value="http://java.oracle.com/" />
    <property name="java.vm.vendor" value="Oracle Corporation" />
    <property name="java.runtime.name" value="Java(TM) SE Runtime Environment" />
    <property name="sun.java.command" value="org.apache.tools.ant.launch.Launcher -cp C:\Program Files\Java\jdk1.8.0_92\bin; junitreporteClima" />
    <property name="java.class.path" value="C:\apache-ant-1.10.0\lib\ant-launcher.jar;C:\Program Files\Java\jdk1.8.0_92\bin\;C:\apache-ant-1.10.0\lib\ant-antlr.jar;C:\apache-ant-1.10.0\lib\ant-apache-bcel.jar;C:\apache-ant-1.10.0\lib\ant-apache-bsf.jar;C:\apache-ant-1.10.0\lib\ant-apache-log4j.jar;C:\apache-ant-1.10.0\lib\ant-apache-oro.jar;C:\apache-ant-1.10.0\lib\ant-apache-regexp.jar;C:\apache-ant-1.10.0\lib\ant-apache-resolver.jar;C:\apache-ant-1.10.0\lib\ant-apache-xalan2.jar;C:\apache-ant-1.10.0\lib\ant-commons-logging.jar;C:\apache-ant-1.10.0\lib\ant-commons-net.jar;C:\apache-ant-1.10.0\lib\ant-jai.jar;C:\apache-ant-1.10.0\lib\ant-javamail.jar;C:\apache-ant-1.10.0\lib\ant-jdepend.jar;C:\apache-ant-1.10.0\lib\ant-jmf.jar;C:\apache-ant-1.10.0\lib\ant-jsch.jar;C:\apache-ant-1.10.0\lib\ant-junit.jar;C:\apache-ant-1.10.0\lib\ant-junit4.jar;C:\apache-ant-1.10.0\lib\ant-launcher.jar;C:\apache-ant-1.10.0\lib\ant-netrexx.jar;C:\apache-ant-1.10.0\lib\ant-swing.jar;C:\apache-ant-1.10.0\lib\ant-testutil.jar;C:\apache-ant-1.10.0\lib\ant.jar;C:\Program Files\Java\jdk1.8.0_92\lib\tools.jar" />
    <property name="ant.version" value="Apache Ant(TM) version 1.10.0 compiled on December 27 2016" />
    <property name="app.name" value="JEJE" />
    <property name="java.vm.specification.name" value="Java Virtual Machine Specification" />
    <property name="ant.file.type" value="file" />
    <property name="java.vm.specification.version" value="1.8" />
    <property name="catalina.home" value="C:\Apache Tomcat 8.0.27" />
    <property name="sun.cpu.endian" value="little" />
    <property name="sun.os.patch.level" value="" />
    <property name="compile.debug" value="true" />
    <property name="java.io.tmpdir" value="C:\Users\ERIDE21\AppData\Local\Temp\" />
    <property name="dist.home" value="C:\Users\ERIDE21\Desktop\JEJEManto/dist" />
    <property name="java.vendor.url.bug" value="http://bugreport.sun.com/bugreport/" />
    <property name="java.awt.graphicsenv" value="sun.awt.Win32GraphicsEnvironment" />
    <property name="os.arch" value="amd64" />
    <property name="java.ext.dirs" value="C:\Program Files\Java\jdk1.8.0_92\jre\lib\ext;C:\WINDOWS\Sun\Java\lib\ext" />
    <property name="user.dir" value="C:\Users\ERIDE21\Desktop\JEJEManto" />
    <property name="ant.file.USJ" value="C:\Users\ERIDE21\Desktop\JEJEManto\build.xml" />
    <property name="line.separator" value="&#xd;&#xa;" />
    <property name="java.vm.name" value="Java HotSpot(TM) 64-Bit Server VM" />
    <property name="app.version" value="0.3" />
    <property name="compile.deprecation" value="false" />
    <property name="basedir" value="C:\Users\ERIDE21\Desktop\JEJEManto" />
    <property name="ant.java.version" value="1.8" />
    <property name="ant.core.lib" value="C:\apache-ant-1.10.0\lib\ant.jar" />
    <property name="file.encoding" value="Cp1252" />
    <property name="sun.stderr.encoding" value="cp850" />
    <property name="java.specification.version" value="1.8" />
    <property name="ant.project.invoked-targets" value="junitreporteClima" />
  </properties>
  <testcase classname="edu.uag.iidis.scec.pruebas.ClimaDAOTest" name="testActualizarClima" time="3.578" />
  <testcase classname="edu.uag.iidis.scec.pruebas.ClimaDAOTest" name="testActualizarClimaF" time="0.062">
    <failure message="No se pudieron actualizar la latitud y longitud" type="junit.framework.AssertionFailedError">junit.framework.AssertionFailedError: No se pudieron actualizar la latitud y longitud
	at edu.uag.iidis.scec.pruebas.ClimaDAOTest.testActualizarClimaF(ClimaDAOTest.java:103)
</failure>
  </testcase>
  <testcase classname="edu.uag.iidis.scec.pruebas.ClimaDAOTest" name="testBuscarTodos" time="0.047" />
  <testcase classname="edu.uag.iidis.scec.pruebas.ClimaDAOTest" name="testBuscarTodosF" time="0.125">
    <failure message="La busqueda fallo" type="junit.framework.AssertionFailedError">junit.framework.AssertionFailedError: La busqueda fallo
	at edu.uag.iidis.scec.pruebas.ClimaDAOTest.testBuscarTodosF(ClimaDAOTest.java:186)
</failure>
  </testcase>
  <testcase classname="edu.uag.iidis.scec.pruebas.ClimaDAOTest" name="testCrearClima" time="0.266" />
  <testcase classname="edu.uag.iidis.scec.pruebas.ClimaDAOTest" name="testCrearClimaF" time="0.172">
    <failure message="Clima ya existe" type="junit.framework.AssertionFailedError">junit.framework.AssertionFailedError: Clima ya existe
	at edu.uag.iidis.scec.pruebas.ClimaDAOTest.testCrearClimaF(ClimaDAOTest.java:54)
</failure>
  </testcase>
  <testcase classname="edu.uag.iidis.scec.pruebas.ClimaDAOTest" name="testEliminarClima" time="0.078" />
  <testcase classname="edu.uag.iidis.scec.pruebas.ClimaDAOTest" name="testEliminarClimaF" time="0.015">
    <failure message="No se encontro el dato a eliminar" type="junit.framework.AssertionFailedError">junit.framework.AssertionFailedError: No se encontro el dato a eliminar
	at edu.uag.iidis.scec.pruebas.ClimaDAOTest.testEliminarClimaF(ClimaDAOTest.java:146)
</failure>
  </testcase>
  <testcase classname="edu.uag.iidis.scec.pruebas.ClimaDAOTest" name="testExisteClima" time="0.016" />
  <testcase classname="edu.uag.iidis.scec.pruebas.ClimaDAOTest" name="testExisteClimaF" time="0.016">
    <failure message="El clima no existe" type="junit.framework.AssertionFailedError">junit.framework.AssertionFailedError: El clima no existe
	at edu.uag.iidis.scec.pruebas.ClimaDAOTest.testExisteClimaF(ClimaDAOTest.java:227)
</failure>
  </testcase>
  <testcase classname="edu.uag.iidis.scec.pruebas.ClimaDAOTest" name="testordenarClimasPorCiudad" time="0.094" />
  <testcase classname="edu.uag.iidis.scec.pruebas.ClimaDAOTest" name="testordenarClimasPorCiudadF" time="0.015">
    <failure message="Los datos no se pudieron ordenar" type="junit.framework.AssertionFailedError">junit.framework.AssertionFailedError: Los datos no se pudieron ordenar
	at edu.uag.iidis.scec.pruebas.ClimaDAOTest.testordenarClimasPorCiudadF(ClimaDAOTest.java:276)
</failure>
  </testcase>
  <system-out><![CDATA[[SCEC] 2017-04-04 15:28:25,525 DEBUG edu.uag.iidis.scec.persistencia.hibernate.HibernateUtil.<clinit>(69) : >creando sessionFactory
[SCEC] 2017-04-04 15:28:28,041 DEBUG edu.uag.iidis.scec.persistencia.hibernate.HibernateUtil.beginTransaction(217) : >beginTransaction()
[SCEC] 2017-04-04 15:28:28,041 DEBUG edu.uag.iidis.scec.persistencia.hibernate.HibernateUtil.beginTransaction(224) : -Iniciando una nueva transacción de base de datos en este thread.
[SCEC] 2017-04-04 15:28:28,041 DEBUG edu.uag.iidis.scec.persistencia.hibernate.HibernateUtil.getSession(153) : >getSession()
[SCEC] 2017-04-04 15:28:28,041 DEBUG edu.uag.iidis.scec.persistencia.hibernate.HibernateUtil.getSession(160) : -Abriendo una nueva sesión para el thread.
[SCEC] 2017-04-04 15:28:28,134 DEBUG edu.uag.iidis.scec.persistencia.ClimaDAO.hazCambios(65) : >hazCambios(clima)
[SCEC] 2017-04-04 15:28:28,134 DEBUG edu.uag.iidis.scec.persistencia.hibernate.HibernateUtil.getSession(153) : >getSession()
Hibernate: update clima set latitud='01643434321', longitud='21212123123121212' where ciudad='Tuxtla'
[SCEC] 2017-04-04 15:28:28,666 DEBUG edu.uag.iidis.scec.persistencia.ClimaDAO.buscarClima(221) : >buscarClimas(ciudad)
[SCEC] 2017-04-04 15:28:28,666 DEBUG edu.uag.iidis.scec.persistencia.ClimaDAO.buscarClima(229) : from Clima where ciudad like 'Tuxtla%'Tuxtla
[SCEC] 2017-04-04 15:28:28,666 DEBUG edu.uag.iidis.scec.persistencia.hibernate.HibernateUtil.getSession(153) : >getSession()
[SCEC] 2017-04-04 15:28:28,697 DEBUG edu.uag.iidis.scec.persistencia.ClimaDAO.buscarClima(235) : <<<<<<<<< create query ok 
[SCEC] 2017-04-04 15:28:28,697 DEBUG edu.uag.iidis.scec.persistencia.ClimaDAO.buscarClima(238) : <<<<<<<<< set Parameter ok antes del query list >>>>>
Hibernate: select clima0_.idClima as idClima11_, clima0_.latitud as latitud11_, clima0_.longitud as longitud11_, clima0_.ciudad as ciudad11_ from clima clima0_ where clima0_.ciudad like 'Tuxtla%'
[SCEC] 2017-04-04 15:28:28,806 DEBUG edu.uag.iidis.scec.persistencia.ClimaDAO.buscarClima(243) : <<<<<<<<< Result size 1
[SCEC] 2017-04-04 15:28:28,806 DEBUG edu.uag.iidis.scec.persistencia.hibernate.HibernateUtil.commitTransaction(240) : >commitTransaction()
[SCEC] 2017-04-04 15:28:28,806 DEBUG edu.uag.iidis.scec.persistencia.hibernate.HibernateUtil.commitTransaction(248) : -Comprometiendo la transacción de este thread.
[SCEC] 2017-04-04 15:28:28,931 DEBUG edu.uag.iidis.scec.persistencia.hibernate.HibernateUtil.closeSession(194) : >closeSession()
[SCEC] 2017-04-04 15:28:28,931 DEBUG edu.uag.iidis.scec.persistencia.hibernate.HibernateUtil.closeSession(202) : -Cerrando la sesión local al thread.
[SCEC] 2017-04-04 15:28:28,963 DEBUG edu.uag.iidis.scec.persistencia.hibernate.HibernateUtil.beginTransaction(217) : >beginTransaction()
[SCEC] 2017-04-04 15:28:28,963 DEBUG edu.uag.iidis.scec.persistencia.hibernate.HibernateUtil.beginTransaction(224) : -Iniciando una nueva transacción de base de datos en este thread.
[SCEC] 2017-04-04 15:28:28,963 DEBUG edu.uag.iidis.scec.persistencia.hibernate.HibernateUtil.getSession(153) : >getSession()
[SCEC] 2017-04-04 15:28:28,963 DEBUG edu.uag.iidis.scec.persistencia.hibernate.HibernateUtil.getSession(160) : -Abriendo una nueva sesión para el thread.
[SCEC] 2017-04-04 15:28:28,963 DEBUG edu.uag.iidis.scec.persistencia.ClimaDAO.hazCambios(65) : >hazCambios(clima)
[SCEC] 2017-04-04 15:28:28,963 DEBUG edu.uag.iidis.scec.persistencia.hibernate.HibernateUtil.getSession(153) : >getSession()
Hibernate: update clima set latitud='01652132132', longitud='695050302' where ciudad='Cintalapa'
[SCEC] 2017-04-04 15:28:28,978 DEBUG edu.uag.iidis.scec.persistencia.ClimaDAO.buscarClima(221) : >buscarClimas(ciudad)
[SCEC] 2017-04-04 15:28:28,978 DEBUG edu.uag.iidis.scec.persistencia.ClimaDAO.buscarClima(229) : from Clima where ciudad like 'Cintalapa%'Cintalapa
[SCEC] 2017-04-04 15:28:28,978 DEBUG edu.uag.iidis.scec.persistencia.hibernate.HibernateUtil.getSession(153) : >getSession()
[SCEC] 2017-04-04 15:28:28,978 DEBUG edu.uag.iidis.scec.persistencia.ClimaDAO.buscarClima(235) : <<<<<<<<< create query ok 
[SCEC] 2017-04-04 15:28:28,978 DEBUG edu.uag.iidis.scec.persistencia.ClimaDAO.buscarClima(238) : <<<<<<<<< set Parameter ok antes del query list >>>>>
Hibernate: select clima0_.idClima as idClima11_, clima0_.latitud as latitud11_, clima0_.longitud as longitud11_, clima0_.ciudad as ciudad11_ from clima clima0_ where clima0_.ciudad like 'Cintalapa%'
[SCEC] 2017-04-04 15:28:28,978 DEBUG edu.uag.iidis.scec.persistencia.ClimaDAO.buscarClima(243) : <<<<<<<<< Result size 0
[SCEC] 2017-04-04 15:28:28,994 DEBUG edu.uag.iidis.scec.persistencia.hibernate.HibernateUtil.closeSession(194) : >closeSession()
[SCEC] 2017-04-04 15:28:28,994 DEBUG edu.uag.iidis.scec.persistencia.hibernate.HibernateUtil.closeSession(202) : -Cerrando la sesión local al thread.
[SCEC] 2017-04-04 15:28:29,009 DEBUG edu.uag.iidis.scec.persistencia.hibernate.HibernateUtil.beginTransaction(217) : >beginTransaction()
[SCEC] 2017-04-04 15:28:29,009 DEBUG edu.uag.iidis.scec.persistencia.ClimaDAO.buscarTodos(95) : >buscarTodos()
[SCEC] 2017-04-04 15:28:29,009 DEBUG edu.uag.iidis.scec.persistencia.hibernate.HibernateUtil.getSession(153) : >getSession()
[SCEC] 2017-04-04 15:28:29,009 DEBUG edu.uag.iidis.scec.persistencia.hibernate.HibernateUtil.getSession(160) : -Abriendo una nueva sesión para el thread.
Hibernate: select this_.idClima as idClima11_0_, this_.latitud as latitud11_0_, this_.longitud as longitud11_0_, this_.ciudad as ciudad11_0_ from clima this_
[SCEC] 2017-04-04 15:28:29,056 DEBUG edu.uag.iidis.scec.persistencia.ClimaDAO.buscarTodos(103) : >buscarTodos() ---- list [edu.uag.iidis.scec.modelo.Clima@297ea53a[
  idClima=1
  ciudad=Tuxtla
  latitud=01643434321
  longitud=21212123123121212
], edu.uag.iidis.scec.modelo.Clima@acb0951[
  idClima=2
  ciudad=Matias Romero
  latitud=0165165165
  longitud=016516215165
], edu.uag.iidis.scec.modelo.Clima@5bf22f18[
  idClima=3
  ciudad=Oaxaca
  latitud=016516215165
  longitud=0165162151365
], edu.uag.iidis.scec.modelo.Clima@7a7471ce[
  idClima=4
  ciudad=Cancun
  latitud=0165146845
  longitud=68465489789
]]
[SCEC] 2017-04-04 15:28:29,056 DEBUG edu.uag.iidis.scec.persistencia.hibernate.HibernateUtil.commitTransaction(240) : >commitTransaction()
[SCEC] 2017-04-04 15:28:29,056 DEBUG edu.uag.iidis.scec.persistencia.hibernate.HibernateUtil.commitTransaction(248) : -Comprometiendo la transacción de este thread.
[SCEC] 2017-04-04 15:28:29,056 DEBUG edu.uag.iidis.scec.persistencia.hibernate.HibernateUtil.closeSession(194) : >closeSession()
[SCEC] 2017-04-04 15:28:29,056 DEBUG edu.uag.iidis.scec.persistencia.hibernate.HibernateUtil.closeSession(202) : -Cerrando la sesión local al thread.
[SCEC] 2017-04-04 15:28:29,056 DEBUG edu.uag.iidis.scec.persistencia.hibernate.HibernateUtil.beginTransaction(217) : >beginTransaction()
[SCEC] 2017-04-04 15:28:29,056 DEBUG edu.uag.iidis.scec.persistencia.hibernate.HibernateUtil.beginTransaction(224) : -Iniciando una nueva transacción de base de datos en este thread.
[SCEC] 2017-04-04 15:28:29,056 DEBUG edu.uag.iidis.scec.persistencia.hibernate.HibernateUtil.getSession(153) : >getSession()
[SCEC] 2017-04-04 15:28:29,056 DEBUG edu.uag.iidis.scec.persistencia.hibernate.HibernateUtil.getSession(160) : -Abriendo una nueva sesión para el thread.
[SCEC] 2017-04-04 15:28:29,056 DEBUG edu.uag.iidis.scec.persistencia.ClimaDAO.buscarTodos(95) : >buscarTodos()
[SCEC] 2017-04-04 15:28:29,056 DEBUG edu.uag.iidis.scec.persistencia.hibernate.HibernateUtil.getSession(153) : >getSession()
Hibernate: select this_.idClima as idClima11_0_, this_.latitud as latitud11_0_, this_.longitud as longitud11_0_, this_.ciudad as ciudad11_0_ from clima this_
[SCEC] 2017-04-04 15:28:29,056 DEBUG edu.uag.iidis.scec.persistencia.ClimaDAO.buscarTodos(103) : >buscarTodos() ---- list [edu.uag.iidis.scec.modelo.Clima@76ba13c[
  idClima=1
  ciudad=Tuxtla
  latitud=01643434321
  longitud=21212123123121212
], edu.uag.iidis.scec.modelo.Clima@7c351808[
  idClima=2
  ciudad=Matias Romero
  latitud=0165165165
  longitud=016516215165
], edu.uag.iidis.scec.modelo.Clima@180e6ac4[
  idClima=3
  ciudad=Oaxaca
  latitud=016516215165
  longitud=0165162151365
], edu.uag.iidis.scec.modelo.Clima@42b64ab8[
  idClima=4
  ciudad=Cancun
  latitud=0165146845
  longitud=68465489789
]]
[SCEC] 2017-04-04 15:28:29,072 DEBUG edu.uag.iidis.scec.persistencia.hibernate.HibernateUtil.commitTransaction(240) : >commitTransaction()
[SCEC] 2017-04-04 15:28:29,072 DEBUG edu.uag.iidis.scec.persistencia.hibernate.HibernateUtil.commitTransaction(248) : -Comprometiendo la transacción de este thread.
[SCEC] 2017-04-04 15:28:29,072 DEBUG edu.uag.iidis.scec.persistencia.hibernate.HibernateUtil.closeSession(194) : >closeSession()
[SCEC] 2017-04-04 15:28:29,072 DEBUG edu.uag.iidis.scec.persistencia.hibernate.HibernateUtil.closeSession(202) : -Cerrando la sesión local al thread.
[SCEC] 2017-04-04 15:28:29,181 DEBUG edu.uag.iidis.scec.persistencia.hibernate.HibernateUtil.beginTransaction(217) : >beginTransaction()
[SCEC] 2017-04-04 15:28:29,181 DEBUG edu.uag.iidis.scec.persistencia.hibernate.HibernateUtil.beginTransaction(224) : -Iniciando una nueva transacción de base de datos en este thread.
[SCEC] 2017-04-04 15:28:29,181 DEBUG edu.uag.iidis.scec.persistencia.hibernate.HibernateUtil.getSession(153) : >getSession()
[SCEC] 2017-04-04 15:28:29,181 DEBUG edu.uag.iidis.scec.persistencia.hibernate.HibernateUtil.getSession(160) : -Abriendo una nueva sesión para el thread.
[SCEC] 2017-04-04 15:28:29,181 DEBUG edu.uag.iidis.scec.persistencia.ClimaDAO.hazPersistente(41) : >hazPersistente(clima)
[SCEC] 2017-04-04 15:28:29,181 DEBUG edu.uag.iidis.scec.persistencia.hibernate.HibernateUtil.getSession(153) : >getSession()
Hibernate: select max(idClima) from clima
[SCEC] 2017-04-04 15:28:29,213 DEBUG edu.uag.iidis.scec.persistencia.ClimaDAO.existeClima(172) : >existeUsuario(nombreUsuario)
[SCEC] 2017-04-04 15:28:29,213 DEBUG edu.uag.iidis.scec.persistencia.ClimaDAO.existeClima(180) : select ciudad from Clima where ciudad = :nombreSan cristobal
[SCEC] 2017-04-04 15:28:29,213 DEBUG edu.uag.iidis.scec.persistencia.hibernate.HibernateUtil.getSession(153) : >getSession()
[SCEC] 2017-04-04 15:28:29,244 DEBUG edu.uag.iidis.scec.persistencia.ClimaDAO.existeClima(186) : <<<<<<<<< create query ok 
[SCEC] 2017-04-04 15:28:29,244 DEBUG edu.uag.iidis.scec.persistencia.ClimaDAO.existeClima(190) : <<<<<<<<< set Parameter ok antes del query list >>>>>
Hibernate: insert into clima (latitud, longitud, ciudad, idClima) values (?, ?, ?, ?)
Hibernate: select clima0_.ciudad as col_0_0_ from clima clima0_ where clima0_.ciudad=?
[SCEC] 2017-04-04 15:28:29,306 DEBUG edu.uag.iidis.scec.persistencia.ClimaDAO.existeClima(195) : <<<<<<<<< Result size 1
[SCEC] 2017-04-04 15:28:29,306 DEBUG edu.uag.iidis.scec.persistencia.hibernate.HibernateUtil.commitTransaction(240) : >commitTransaction()
[SCEC] 2017-04-04 15:28:29,306 DEBUG edu.uag.iidis.scec.persistencia.hibernate.HibernateUtil.commitTransaction(248) : -Comprometiendo la transacción de este thread.
[SCEC] 2017-04-04 15:28:29,447 DEBUG edu.uag.iidis.scec.persistencia.hibernate.HibernateUtil.closeSession(194) : >closeSession()
[SCEC] 2017-04-04 15:28:29,447 DEBUG edu.uag.iidis.scec.persistencia.hibernate.HibernateUtil.closeSession(202) : -Cerrando la sesión local al thread.
[SCEC] 2017-04-04 15:28:29,447 DEBUG edu.uag.iidis.scec.persistencia.hibernate.HibernateUtil.beginTransaction(217) : >beginTransaction()
[SCEC] 2017-04-04 15:28:29,447 DEBUG edu.uag.iidis.scec.persistencia.hibernate.HibernateUtil.beginTransaction(224) : -Iniciando una nueva transacción de base de datos en este thread.
[SCEC] 2017-04-04 15:28:29,447 DEBUG edu.uag.iidis.scec.persistencia.hibernate.HibernateUtil.getSession(153) : >getSession()
[SCEC] 2017-04-04 15:28:29,447 DEBUG edu.uag.iidis.scec.persistencia.hibernate.HibernateUtil.getSession(160) : -Abriendo una nueva sesión para el thread.
[SCEC] 2017-04-04 15:28:29,447 DEBUG edu.uag.iidis.scec.persistencia.ClimaDAO.hazPersistente(41) : >hazPersistente(clima)
[SCEC] 2017-04-04 15:28:29,447 DEBUG edu.uag.iidis.scec.persistencia.hibernate.HibernateUtil.getSession(153) : >getSession()
[SCEC] 2017-04-04 15:28:29,447 DEBUG edu.uag.iidis.scec.persistencia.hibernate.HibernateUtil.commitTransaction(240) : >commitTransaction()
[SCEC] 2017-04-04 15:28:29,447 DEBUG edu.uag.iidis.scec.persistencia.hibernate.HibernateUtil.commitTransaction(248) : -Comprometiendo la transacción de este thread.
Hibernate: insert into clima (latitud, longitud, ciudad, idClima) values (?, ?, ?, ?)
[SCEC] 2017-04-04 15:28:29,556  WARN org.hibernate.engine.jdbc.spi.SqlExceptionHelper.logExceptions(143) : SQL Error: 1062, SQLState: 23000
[SCEC] 2017-04-04 15:28:29,556 ERROR org.hibernate.engine.jdbc.spi.SqlExceptionHelper.logExceptions(144) : Duplicate key or integrity constraint violation,  message from server: "Duplicate entry '0165165165' for key 'latitud_UNIQUE'"
[SCEC] 2017-04-04 15:28:29,556 DEBUG edu.uag.iidis.scec.persistencia.hibernate.HibernateUtil.commitTransaction(255) : -Deshaciendo la transacción de este thread.
[SCEC] 2017-04-04 15:28:29,556 DEBUG edu.uag.iidis.scec.persistencia.hibernate.HibernateUtil.rollbackTransaction(268) : >rollbackTransaction()
[SCEC] 2017-04-04 15:28:29,556 DEBUG edu.uag.iidis.scec.persistencia.hibernate.HibernateUtil.rollbackTransaction(276) : -Intentando deshacer la transacción para este thread.
[SCEC] 2017-04-04 15:28:29,603 DEBUG edu.uag.iidis.scec.persistencia.hibernate.HibernateUtil.rollbackTransaction(285) : -Intentando cerrar la sesión.
[SCEC] 2017-04-04 15:28:29,603 DEBUG edu.uag.iidis.scec.persistencia.hibernate.HibernateUtil.closeSession(194) : >closeSession()
[SCEC] 2017-04-04 15:28:29,603 DEBUG edu.uag.iidis.scec.persistencia.hibernate.HibernateUtil.closeSession(202) : -Cerrando la sesión local al thread.
[SCEC] 2017-04-04 15:28:29,603 ERROR edu.uag.iidis.scec.persistencia.hibernate.HibernateUtil.commitTransaction(258) : <HibernateException
[SCEC] 2017-04-04 15:28:29,603 DEBUG edu.uag.iidis.scec.persistencia.hibernate.HibernateUtil.closeSession(194) : >closeSession()
[SCEC] 2017-04-04 15:28:29,619 DEBUG edu.uag.iidis.scec.persistencia.hibernate.HibernateUtil.beginTransaction(217) : >beginTransaction()
[SCEC] 2017-04-04 15:28:29,619 DEBUG edu.uag.iidis.scec.persistencia.hibernate.HibernateUtil.beginTransaction(224) : -Iniciando una nueva transacción de base de datos en este thread.
[SCEC] 2017-04-04 15:28:29,619 DEBUG edu.uag.iidis.scec.persistencia.hibernate.HibernateUtil.getSession(153) : >getSession()
[SCEC] 2017-04-04 15:28:29,619 DEBUG edu.uag.iidis.scec.persistencia.hibernate.HibernateUtil.getSession(160) : -Abriendo una nueva sesión para el thread.
[SCEC] 2017-04-04 15:28:29,619 DEBUG edu.uag.iidis.scec.persistencia.ClimaDAO.eliminarClima(272) : >hazTransitorio(ciudad)
[SCEC] 2017-04-04 15:28:29,619 DEBUG edu.uag.iidis.scec.persistencia.hibernate.HibernateUtil.getSession(153) : >getSession()
Hibernate: select clima0_.idClima as idClima11_, clima0_.latitud as latitud11_, clima0_.longitud as longitud11_, clima0_.ciudad as ciudad11_ from clima clima0_ where clima0_.ciudad='Cancun'
[SCEC] 2017-04-04 15:28:29,619 DEBUG edu.uag.iidis.scec.persistencia.hibernate.HibernateUtil.getSession(153) : >getSession()
[SCEC] 2017-04-04 15:28:29,634 DEBUG edu.uag.iidis.scec.persistencia.ClimaDAO.existeClima(172) : >existeUsuario(nombreUsuario)
[SCEC] 2017-04-04 15:28:29,634 DEBUG edu.uag.iidis.scec.persistencia.ClimaDAO.existeClima(180) : select ciudad from Clima where ciudad = :nombreCancun
[SCEC] 2017-04-04 15:28:29,634 DEBUG edu.uag.iidis.scec.persistencia.hibernate.HibernateUtil.getSession(153) : >getSession()
[SCEC] 2017-04-04 15:28:29,634 DEBUG edu.uag.iidis.scec.persistencia.ClimaDAO.existeClima(186) : <<<<<<<<< create query ok 
[SCEC] 2017-04-04 15:28:29,634 DEBUG edu.uag.iidis.scec.persistencia.ClimaDAO.existeClima(190) : <<<<<<<<< set Parameter ok antes del query list >>>>>
Hibernate: delete from clima where idClima=?
Hibernate: select clima0_.ciudad as col_0_0_ from clima clima0_ where clima0_.ciudad=?
[SCEC] 2017-04-04 15:28:29,634 DEBUG edu.uag.iidis.scec.persistencia.ClimaDAO.existeClima(195) : <<<<<<<<< Result size 0
[SCEC] 2017-04-04 15:28:29,634 DEBUG edu.uag.iidis.scec.persistencia.hibernate.HibernateUtil.commitTransaction(240) : >commitTransaction()
[SCEC] 2017-04-04 15:28:29,634 DEBUG edu.uag.iidis.scec.persistencia.hibernate.HibernateUtil.commitTransaction(248) : -Comprometiendo la transacción de este thread.
[SCEC] 2017-04-04 15:28:29,697 DEBUG edu.uag.iidis.scec.persistencia.hibernate.HibernateUtil.closeSession(194) : >closeSession()
[SCEC] 2017-04-04 15:28:29,697 DEBUG edu.uag.iidis.scec.persistencia.hibernate.HibernateUtil.closeSession(202) : -Cerrando la sesión local al thread.
[SCEC] 2017-04-04 15:28:29,697 DEBUG edu.uag.iidis.scec.persistencia.hibernate.HibernateUtil.beginTransaction(217) : >beginTransaction()
[SCEC] 2017-04-04 15:28:29,697 DEBUG edu.uag.iidis.scec.persistencia.hibernate.HibernateUtil.beginTransaction(224) : -Iniciando una nueva transacción de base de datos en este thread.
[SCEC] 2017-04-04 15:28:29,697 DEBUG edu.uag.iidis.scec.persistencia.hibernate.HibernateUtil.getSession(153) : >getSession()
[SCEC] 2017-04-04 15:28:29,697 DEBUG edu.uag.iidis.scec.persistencia.hibernate.HibernateUtil.getSession(160) : -Abriendo una nueva sesión para el thread.
[SCEC] 2017-04-04 15:28:29,697 DEBUG edu.uag.iidis.scec.persistencia.ClimaDAO.eliminarClima(272) : >hazTransitorio(ciudad)
[SCEC] 2017-04-04 15:28:29,697 DEBUG edu.uag.iidis.scec.persistencia.hibernate.HibernateUtil.getSession(153) : >getSession()
Hibernate: select clima0_.idClima as idClima11_, clima0_.latitud as latitud11_, clima0_.longitud as longitud11_, clima0_.ciudad as ciudad11_ from clima clima0_ where clima0_.ciudad='Monterrey'
[SCEC] 2017-04-04 15:28:29,712 DEBUG edu.uag.iidis.scec.persistencia.hibernate.HibernateUtil.getSession(153) : >getSession()
[SCEC] 2017-04-04 15:28:29,712 DEBUG edu.uag.iidis.scec.persistencia.hibernate.HibernateUtil.closeSession(194) : >closeSession()
[SCEC] 2017-04-04 15:28:29,712 DEBUG edu.uag.iidis.scec.persistencia.hibernate.HibernateUtil.closeSession(202) : -Cerrando la sesión local al thread.
[SCEC] 2017-04-04 15:28:29,712 DEBUG edu.uag.iidis.scec.persistencia.hibernate.HibernateUtil.beginTransaction(217) : >beginTransaction()
[SCEC] 2017-04-04 15:28:29,712 DEBUG edu.uag.iidis.scec.persistencia.ClimaDAO.existeClima(172) : >existeUsuario(nombreUsuario)
[SCEC] 2017-04-04 15:28:29,712 DEBUG edu.uag.iidis.scec.persistencia.ClimaDAO.existeClima(180) : select ciudad from Clima where ciudad = :nombreMatias Romero
[SCEC] 2017-04-04 15:28:29,712 DEBUG edu.uag.iidis.scec.persistencia.hibernate.HibernateUtil.getSession(153) : >getSession()
[SCEC] 2017-04-04 15:28:29,712 DEBUG edu.uag.iidis.scec.persistencia.hibernate.HibernateUtil.getSession(160) : -Abriendo una nueva sesión para el thread.
[SCEC] 2017-04-04 15:28:29,728 DEBUG edu.uag.iidis.scec.persistencia.ClimaDAO.existeClima(186) : <<<<<<<<< create query ok 
[SCEC] 2017-04-04 15:28:29,728 DEBUG edu.uag.iidis.scec.persistencia.ClimaDAO.existeClima(190) : <<<<<<<<< set Parameter ok antes del query list >>>>>
Hibernate: select clima0_.ciudad as col_0_0_ from clima clima0_ where clima0_.ciudad=?
[SCEC] 2017-04-04 15:28:29,728 DEBUG edu.uag.iidis.scec.persistencia.ClimaDAO.existeClima(195) : <<<<<<<<< Result size 1
[SCEC] 2017-04-04 15:28:29,728 DEBUG edu.uag.iidis.scec.persistencia.hibernate.HibernateUtil.commitTransaction(240) : >commitTransaction()
[SCEC] 2017-04-04 15:28:29,728 DEBUG edu.uag.iidis.scec.persistencia.hibernate.HibernateUtil.commitTransaction(248) : -Comprometiendo la transacción de este thread.
[SCEC] 2017-04-04 15:28:29,728 DEBUG edu.uag.iidis.scec.persistencia.hibernate.HibernateUtil.closeSession(194) : >closeSession()
[SCEC] 2017-04-04 15:28:29,728 DEBUG edu.uag.iidis.scec.persistencia.hibernate.HibernateUtil.closeSession(202) : -Cerrando la sesión local al thread.
[SCEC] 2017-04-04 15:28:29,728 DEBUG edu.uag.iidis.scec.persistencia.hibernate.HibernateUtil.beginTransaction(217) : >beginTransaction()
[SCEC] 2017-04-04 15:28:29,728 DEBUG edu.uag.iidis.scec.persistencia.hibernate.HibernateUtil.beginTransaction(224) : -Iniciando una nueva transacción de base de datos en este thread.
[SCEC] 2017-04-04 15:28:29,728 DEBUG edu.uag.iidis.scec.persistencia.hibernate.HibernateUtil.getSession(153) : >getSession()
[SCEC] 2017-04-04 15:28:29,728 DEBUG edu.uag.iidis.scec.persistencia.hibernate.HibernateUtil.getSession(160) : -Abriendo una nueva sesión para el thread.
[SCEC] 2017-04-04 15:28:29,728 DEBUG edu.uag.iidis.scec.persistencia.ClimaDAO.existeClima(172) : >existeUsuario(nombreUsuario)
[SCEC] 2017-04-04 15:28:29,728 DEBUG edu.uag.iidis.scec.persistencia.ClimaDAO.existeClima(180) : select ciudad from Clima where ciudad = :nombreGuadalajara
[SCEC] 2017-04-04 15:28:29,728 DEBUG edu.uag.iidis.scec.persistencia.hibernate.HibernateUtil.getSession(153) : >getSession()
[SCEC] 2017-04-04 15:28:29,728 DEBUG edu.uag.iidis.scec.persistencia.ClimaDAO.existeClima(186) : <<<<<<<<< create query ok 
[SCEC] 2017-04-04 15:28:29,728 DEBUG edu.uag.iidis.scec.persistencia.ClimaDAO.existeClima(190) : <<<<<<<<< set Parameter ok antes del query list >>>>>
Hibernate: select clima0_.ciudad as col_0_0_ from clima clima0_ where clima0_.ciudad=?
[SCEC] 2017-04-04 15:28:29,744 DEBUG edu.uag.iidis.scec.persistencia.ClimaDAO.existeClima(195) : <<<<<<<<< Result size 0
[SCEC] 2017-04-04 15:28:29,744 DEBUG edu.uag.iidis.scec.persistencia.hibernate.HibernateUtil.commitTransaction(240) : >commitTransaction()
[SCEC] 2017-04-04 15:28:29,744 DEBUG edu.uag.iidis.scec.persistencia.hibernate.HibernateUtil.commitTransaction(248) : -Comprometiendo la transacción de este thread.
[SCEC] 2017-04-04 15:28:29,744 DEBUG edu.uag.iidis.scec.persistencia.hibernate.HibernateUtil.closeSession(194) : >closeSession()
[SCEC] 2017-04-04 15:28:29,744 DEBUG edu.uag.iidis.scec.persistencia.hibernate.HibernateUtil.closeSession(202) : -Cerrando la sesión local al thread.
[SCEC] 2017-04-04 15:28:29,744 DEBUG edu.uag.iidis.scec.persistencia.hibernate.HibernateUtil.beginTransaction(217) : >beginTransaction()
[SCEC] 2017-04-04 15:28:29,744 DEBUG edu.uag.iidis.scec.persistencia.hibernate.HibernateUtil.beginTransaction(224) : -Iniciando una nueva transacción de base de datos en este thread.
[SCEC] 2017-04-04 15:28:29,744 DEBUG edu.uag.iidis.scec.persistencia.hibernate.HibernateUtil.getSession(153) : >getSession()
[SCEC] 2017-04-04 15:28:29,744 DEBUG edu.uag.iidis.scec.persistencia.hibernate.HibernateUtil.getSession(160) : -Abriendo una nueva sesión para el thread.
[SCEC] 2017-04-04 15:28:29,744 DEBUG edu.uag.iidis.scec.persistencia.ClimaDAO.hazPersistente(41) : >hazPersistente(clima)
[SCEC] 2017-04-04 15:28:29,744 DEBUG edu.uag.iidis.scec.persistencia.hibernate.HibernateUtil.getSession(153) : >getSession()
[SCEC] 2017-04-04 15:28:29,744 DEBUG edu.uag.iidis.scec.persistencia.ClimaDAO.ordenarClimasPor(125) : >existeRol(nombreRol)
[SCEC] 2017-04-04 15:28:29,759 DEBUG edu.uag.iidis.scec.persistencia.ClimaDAO.ordenarClimasPor(133) : from Clima ORDER BY ciudadciudad
[SCEC] 2017-04-04 15:28:29,759 DEBUG edu.uag.iidis.scec.persistencia.hibernate.HibernateUtil.getSession(153) : >getSession()
[SCEC] 2017-04-04 15:28:29,759 DEBUG edu.uag.iidis.scec.persistencia.ClimaDAO.ordenarClimasPor(139) : <<<<<<<<< create query ok 
[SCEC] 2017-04-04 15:28:29,759 DEBUG edu.uag.iidis.scec.persistencia.ClimaDAO.ordenarClimasPor(142) : <<<<<<<<< set Parameter ok antes del query list >>>>>
Hibernate: insert into clima (latitud, longitud, ciudad, idClima) values (?, ?, ?, ?)
Hibernate: select clima0_.idClima as idClima11_, clima0_.latitud as latitud11_, clima0_.longitud as longitud11_, clima0_.ciudad as ciudad11_ from clima clima0_ order by clima0_.ciudad
[SCEC] 2017-04-04 15:28:29,775 DEBUG edu.uag.iidis.scec.persistencia.ClimaDAO.ordenarClimasPor(147) : <<<<<<<<< Result size 5
[SCEC] 2017-04-04 15:28:29,775 DEBUG edu.uag.iidis.scec.persistencia.hibernate.HibernateUtil.commitTransaction(240) : >commitTransaction()
[SCEC] 2017-04-04 15:28:29,775 DEBUG edu.uag.iidis.scec.persistencia.hibernate.HibernateUtil.commitTransaction(248) : -Comprometiendo la transacción de este thread.
[SCEC] 2017-04-04 15:28:29,822 DEBUG edu.uag.iidis.scec.persistencia.hibernate.HibernateUtil.closeSession(194) : >closeSession()
[SCEC] 2017-04-04 15:28:29,822 DEBUG edu.uag.iidis.scec.persistencia.hibernate.HibernateUtil.closeSession(202) : -Cerrando la sesión local al thread.
[SCEC] 2017-04-04 15:28:29,838 DEBUG edu.uag.iidis.scec.persistencia.hibernate.HibernateUtil.beginTransaction(217) : >beginTransaction()
[SCEC] 2017-04-04 15:28:29,838 DEBUG edu.uag.iidis.scec.persistencia.hibernate.HibernateUtil.beginTransaction(224) : -Iniciando una nueva transacción de base de datos en este thread.
[SCEC] 2017-04-04 15:28:29,838 DEBUG edu.uag.iidis.scec.persistencia.hibernate.HibernateUtil.getSession(153) : >getSession()
[SCEC] 2017-04-04 15:28:29,838 DEBUG edu.uag.iidis.scec.persistencia.hibernate.HibernateUtil.getSession(160) : -Abriendo una nueva sesión para el thread.
[SCEC] 2017-04-04 15:28:29,838 DEBUG edu.uag.iidis.scec.persistencia.ClimaDAO.hazPersistente(41) : >hazPersistente(clima)
[SCEC] 2017-04-04 15:28:29,838 DEBUG edu.uag.iidis.scec.persistencia.hibernate.HibernateUtil.getSession(153) : >getSession()
[SCEC] 2017-04-04 15:28:29,838 DEBUG edu.uag.iidis.scec.persistencia.ClimaDAO.ordenarClimasPor(125) : >existeRol(nombreRol)
[SCEC] 2017-04-04 15:28:29,838 DEBUG edu.uag.iidis.scec.persistencia.ClimaDAO.ordenarClimasPor(133) : from Clima ORDER BY estadoestado
[SCEC] 2017-04-04 15:28:29,838 DEBUG edu.uag.iidis.scec.persistencia.hibernate.HibernateUtil.getSession(153) : >getSession()
[SCEC] 2017-04-04 15:28:29,838 DEBUG edu.uag.iidis.scec.persistencia.ClimaDAO.ordenarClimasPor(139) : <<<<<<<<< create query ok 
[SCEC] 2017-04-04 15:28:29,853 DEBUG edu.uag.iidis.scec.persistencia.ClimaDAO.ordenarClimasPor(142) : <<<<<<<<< set Parameter ok antes del query list >>>>>
Hibernate: insert into clima (latitud, longitud, ciudad, idClima) values (?, ?, ?, ?)
[SCEC] 2017-04-04 15:28:29,853  WARN org.hibernate.engine.jdbc.spi.SqlExceptionHelper.logExceptions(143) : SQL Error: 1062, SQLState: 23000
[SCEC] 2017-04-04 15:28:29,853 ERROR org.hibernate.engine.jdbc.spi.SqlExceptionHelper.logExceptions(144) : Duplicate key or integrity constraint violation,  message from server: "Duplicate entry '231242422' for key 'latitud_UNIQUE'"
[SCEC] 2017-04-04 15:28:29,853  WARN edu.uag.iidis.scec.persistencia.ClimaDAO.ordenarClimasPor(157) : <HibernateException *******************
[SCEC] 2017-04-04 15:28:29,853 DEBUG edu.uag.iidis.scec.persistencia.hibernate.HibernateUtil.closeSession(194) : >closeSession()
[SCEC] 2017-04-04 15:28:29,853 DEBUG edu.uag.iidis.scec.persistencia.hibernate.HibernateUtil.closeSession(202) : -Cerrando la sesión local al thread.
]]></system-out>
  <system-err><![CDATA[]]></system-err>
</testsuite>
