<?xml version="1.0" encoding="UTF-8" ?>
<testsuite errors="0" failures="6" hostname="ERIDE" name="edu.uag.iidis.scec.pruebas.PerfilDAOTest" skipped="0" tests="12" time="4.859" timestamp="2017-04-04T20:28:55">
  <properties>
    <property name="java.vendor" value="Oracle Corporation" />
    <property name="sun.java.launcher" value="SUN_STANDARD" />
    <property name="sun.management.compiler" value="HotSpot 64-Bit Tiered Compilers" />
    <property name="os.name" value="Windows 8.1" />
    <property name="sun.boot.class.path" value="C:\Program Files\Java\jdk1.8.0_92\jre\lib\resources.jar;C:\Program Files\Java\jdk1.8.0_92\jre\lib\rt.jar;C:\Program Files\Java\jdk1.8.0_92\jre\lib\sunrsasign.jar;C:\Program Files\Java\jdk1.8.0_92\jre\lib\jsse.jar;C:\Program Files\Java\jdk1.8.0_92\jre\lib\jce.jar;C:\Program Files\Java\jdk1.8.0_92\jre\lib\charsets.jar;C:\Program Files\Java\jdk1.8.0_92\jre\lib\jfr.jar;C:\Program Files\Java\jdk1.8.0_92\jre\classes" />
    <property name="sun.desktop" value="windows" />
    <property name="java.vm.specification.vendor" value="Oracle Corporation" />
    <property name="ant.home" value="C:\apache-ant-1.10.0" />
    <property name="java.runtime.version" value="1.8.0_92-b14" />
    <property name="src.home" value="C:\Users\ERIDE21\Desktop\JEJEManto/src" />
    <property name="user.name" value="ERIDE21" />
    <property name="web.home" value="C:\Users\ERIDE21\Desktop\JEJEManto/web" />
    <property name="ant.file.type.USJ" value="file" />
    <property name="manager.password" value="root" />
    <property name="test.out.dir" value="C:\Users\ERIDE21\Desktop\JEJEManto/testout" />
    <property name="user.language" value="es" />
    <property name="sun.boot.library.path" value="C:\Program Files\Java\jdk1.8.0_92\jre\bin" />
    <property name="ant.project.default-target" value="build" />
    <property name="docs.home" value="C:\Users\ERIDE21\Desktop\JEJEManto/docs" />
    <property name="ant.project.name" value="USJ" />
    <property name="java.version" value="1.8.0_92" />
    <property name="lib.home" value="C:\Users\ERIDE21\Desktop\JEJEManto/build/WEB-INF/lib" />
    <property name="user.timezone" value="" />
    <property name="sun.arch.data.model" value="64" />
    <property name="compile.optimize" value="true" />
    <property name="java.endorsed.dirs" value="C:\Program Files\Java\jdk1.8.0_92\jre\lib\endorsed" />
    <property name="sun.cpu.isalist" value="amd64" />
    <property name="sun.jnu.encoding" value="Cp1252" />
    <property name="file.encoding.pkg" value="sun.io" />
    <property name="file.separator" value="\" />
    <property name="java.specification.name" value="Java Platform API Specification" />
    <property name="java.class.version" value="52.0" />
    <property name="build.home" value="C:\Users\ERIDE21\Desktop\JEJEManto/build" />
    <property name="manager.username" value="root" />
    <property name="user.country" value="MX" />
    <property name="java.home" value="C:\Program Files\Java\jdk1.8.0_92\jre" />
    <property name="java.vm.info" value="mixed mode" />
    <property name="ant.file" value="C:\Users\ERIDE21\Desktop\JEJEManto\build.xml" />
    <property name="os.version" value="6.3" />
    <property name="classes.home" value="C:\Users\ERIDE21\Desktop\JEJEManto/build/WEB-INF/classes" />
    <property name="path.separator" value=";" />
    <property name="manager.url" value="http://127.0.0.1:8080/manager/text" />
    <property name="java.vm.version" value="25.92-b14" />
    <property name="user.variant" value="" />
    <property name="ant.library.dir" value="C:\apache-ant-1.10.0\lib" />
    <property name="java.awt.printerjob" value="sun.awt.windows.WPrinterJob" />
    <property name="sun.io.unicode.encoding" value="UnicodeLittle" />
    <property name="awt.toolkit" value="sun.awt.windows.WToolkit" />
    <property name="sun.stdout.encoding" value="cp850" />
    <property name="user.script" value="" />
    <property name="user.home" value="C:\Users\ERIDE21" />
    <property name="java.specification.vendor" value="Oracle Corporation" />
    <property name="app.path" value="/JEJEv0.3" />
    <property name="java.library.path" value="C:\Program Files\Java\jdk1.8.0_92\bin;C:\WINDOWS\Sun\Java\bin;C:\WINDOWS\system32;C:\WINDOWS;C:\Program Files (x86)\Embarcadero\Studio\19.0\bin;C:\Users\Public\Documents\Embarcadero\Studio\19.0\Bpl;C:\Program Files (x86)\Embarcadero\Studio\19.0\bin64;C:\Users\Public\Documents\Embarcadero\Studio\19.0\Bpl\Win64;C:\ProgramData\Oracle\Java\javapath;C:\WINDOWS\system32;C:\WINDOWS;C:\WINDOWS\System32\Wbem;C:\WINDOWS\System32\WindowsPowerShell\v1.0\;C:\Program Files\Hewlett-Packard\SimplePass\;C:\Program Files (x86)\ATI Technologies\ATI.ACE\Core-Static;C:\Program Files\Java;C:\apache-ant-1.10.0\bin;C:\Program Files\Git\cmd;C:\Program Files\Java\jdk1.8.0_92\bin;C:\Program Files\Java\jre1.8.0_92;C:\Program Files\MATLAB\MATLAB Production Server\R2015a\runtime\win64;C:\Program Files\MATLAB\MATLAB Production Server\R2015a\bin;C:\Program Files\MATLAB\MATLAB Production Server\R2015a\polyspace\bin;C:\Program Files (x86)\Windows Kits\10\Windows Performance Toolkit\;C:\Program Files\Microsoft SQL Server\130\Tools\Binn\;C:\Program Files\dotnet\;C:\Users\ERIDE21\.dnx\bin;C:\Program Files\Microsoft DNX\Dnvm\;C:\Apache Tomcat 8.0.27\bin;." />
    <property name="java.vendor.url" value="http://java.oracle.com/" />
    <property name="java.vm.vendor" value="Oracle Corporation" />
    <property name="java.runtime.name" value="Java(TM) SE Runtime Environment" />
    <property name="sun.java.command" value="org.apache.tools.ant.launch.Launcher -cp C:\Program Files\Java\jdk1.8.0_92\bin; junitreportPerfil" />
    <property name="java.class.path" value="C:\apache-ant-1.10.0\lib\ant-launcher.jar;C:\Program Files\Java\jdk1.8.0_92\bin\;C:\apache-ant-1.10.0\lib\ant-antlr.jar;C:\apache-ant-1.10.0\lib\ant-apache-bcel.jar;C:\apache-ant-1.10.0\lib\ant-apache-bsf.jar;C:\apache-ant-1.10.0\lib\ant-apache-log4j.jar;C:\apache-ant-1.10.0\lib\ant-apache-oro.jar;C:\apache-ant-1.10.0\lib\ant-apache-regexp.jar;C:\apache-ant-1.10.0\lib\ant-apache-resolver.jar;C:\apache-ant-1.10.0\lib\ant-apache-xalan2.jar;C:\apache-ant-1.10.0\lib\ant-commons-logging.jar;C:\apache-ant-1.10.0\lib\ant-commons-net.jar;C:\apache-ant-1.10.0\lib\ant-jai.jar;C:\apache-ant-1.10.0\lib\ant-javamail.jar;C:\apache-ant-1.10.0\lib\ant-jdepend.jar;C:\apache-ant-1.10.0\lib\ant-jmf.jar;C:\apache-ant-1.10.0\lib\ant-jsch.jar;C:\apache-ant-1.10.0\lib\ant-junit.jar;C:\apache-ant-1.10.0\lib\ant-junit4.jar;C:\apache-ant-1.10.0\lib\ant-launcher.jar;C:\apache-ant-1.10.0\lib\ant-netrexx.jar;C:\apache-ant-1.10.0\lib\ant-swing.jar;C:\apache-ant-1.10.0\lib\ant-testutil.jar;C:\apache-ant-1.10.0\lib\ant.jar;C:\Program Files\Java\jdk1.8.0_92\lib\tools.jar" />
    <property name="ant.version" value="Apache Ant(TM) version 1.10.0 compiled on December 27 2016" />
    <property name="app.name" value="JEJE" />
    <property name="java.vm.specification.name" value="Java Virtual Machine Specification" />
    <property name="ant.file.type" value="file" />
    <property name="java.vm.specification.version" value="1.8" />
    <property name="catalina.home" value="C:\Apache Tomcat 8.0.27" />
    <property name="sun.cpu.endian" value="little" />
    <property name="sun.os.patch.level" value="" />
    <property name="compile.debug" value="true" />
    <property name="java.io.tmpdir" value="C:\Users\ERIDE21\AppData\Local\Temp\" />
    <property name="dist.home" value="C:\Users\ERIDE21\Desktop\JEJEManto/dist" />
    <property name="java.vendor.url.bug" value="http://bugreport.sun.com/bugreport/" />
    <property name="java.awt.graphicsenv" value="sun.awt.Win32GraphicsEnvironment" />
    <property name="os.arch" value="amd64" />
    <property name="java.ext.dirs" value="C:\Program Files\Java\jdk1.8.0_92\jre\lib\ext;C:\WINDOWS\Sun\Java\lib\ext" />
    <property name="user.dir" value="C:\Users\ERIDE21\Desktop\JEJEManto" />
    <property name="ant.file.USJ" value="C:\Users\ERIDE21\Desktop\JEJEManto\build.xml" />
    <property name="line.separator" value="&#xd;&#xa;" />
    <property name="java.vm.name" value="Java HotSpot(TM) 64-Bit Server VM" />
    <property name="app.version" value="0.3" />
    <property name="compile.deprecation" value="false" />
    <property name="basedir" value="C:\Users\ERIDE21\Desktop\JEJEManto" />
    <property name="ant.java.version" value="1.8" />
    <property name="ant.core.lib" value="C:\apache-ant-1.10.0\lib\ant.jar" />
    <property name="file.encoding" value="Cp1252" />
    <property name="sun.stderr.encoding" value="cp850" />
    <property name="java.specification.version" value="1.8" />
    <property name="ant.project.invoked-targets" value="junitreportPerfil" />
  </properties>
  <testcase classname="edu.uag.iidis.scec.pruebas.PerfilDAOTest" name="testBuscarTodosE" time="3.704" />
  <testcase classname="edu.uag.iidis.scec.pruebas.PerfilDAOTest" name="testBuscarTodosF" time="0.015">
    <failure message="La busqueda fallo" type="junit.framework.AssertionFailedError">junit.framework.AssertionFailedError: La busqueda fallo
	at edu.uag.iidis.scec.pruebas.PerfilDAOTest.testBuscarTodosF(PerfilDAOTest.java:138)
</failure>
  </testcase>
  <testcase classname="edu.uag.iidis.scec.pruebas.PerfilDAOTest" name="testCrearPerfilE" time="0.625" />
  <testcase classname="edu.uag.iidis.scec.pruebas.PerfilDAOTest" name="testCrearPerfilF" time="0.078">
    <failure message="Usuario ya existe" type="junit.framework.AssertionFailedError">junit.framework.AssertionFailedError: Usuario ya existe
	at edu.uag.iidis.scec.pruebas.PerfilDAOTest.testCrearPerfilF(PerfilDAOTest.java:56)
</failure>
  </testcase>
  <testcase classname="edu.uag.iidis.scec.pruebas.PerfilDAOTest" name="testEliminarPerfilE" time="0.141" />
  <testcase classname="edu.uag.iidis.scec.pruebas.PerfilDAOTest" name="testEliminarPerfilF" time="0.016">
    <failure message="No se encontro el dato a eliminar" type="junit.framework.AssertionFailedError">junit.framework.AssertionFailedError: No se encontro el dato a eliminar
	at edu.uag.iidis.scec.pruebas.PerfilDAOTest.testEliminarPerfilF(PerfilDAOTest.java:225)
</failure>
  </testcase>
  <testcase classname="edu.uag.iidis.scec.pruebas.PerfilDAOTest" name="testExistePerfilE" time="0.0" />
  <testcase classname="edu.uag.iidis.scec.pruebas.PerfilDAOTest" name="testExistePerflF" time="0.015">
    <failure message="El perfil no existe" type="junit.framework.AssertionFailedError">junit.framework.AssertionFailedError: El perfil no existe
	at edu.uag.iidis.scec.pruebas.PerfilDAOTest.testExistePerflF(PerfilDAOTest.java:177)
</failure>
  </testcase>
  <testcase classname="edu.uag.iidis.scec.pruebas.PerfilDAOTest" name="testOrdenarPerfilesPorE" time="0.141" />
  <testcase classname="edu.uag.iidis.scec.pruebas.PerfilDAOTest" name="testOrdenarPerfilesPorF" time="0.015">
    <failure message="Los datos no se pudieron ordenar" type="junit.framework.AssertionFailedError">junit.framework.AssertionFailedError: Los datos no se pudieron ordenar
	at edu.uag.iidis.scec.pruebas.PerfilDAOTest.testOrdenarPerfilesPorF(PerfilDAOTest.java:268)
</failure>
  </testcase>
  <testcase classname="edu.uag.iidis.scec.pruebas.PerfilDAOTest" name="testUpdatePerfilE" time="0.016" />
  <testcase classname="edu.uag.iidis.scec.pruebas.PerfilDAOTest" name="testUpdatePerfilF" time="0.0">
    <failure message="No se pudieron actualizar los datos" type="junit.framework.AssertionFailedError">junit.framework.AssertionFailedError: No se pudieron actualizar los datos
	at edu.uag.iidis.scec.pruebas.PerfilDAOTest.testUpdatePerfilF(PerfilDAOTest.java:99)
</failure>
  </testcase>
  <system-out><![CDATA[[SCEC] 2017-04-04 15:28:55,970 DEBUG edu.uag.iidis.scec.persistencia.hibernate.HibernateUtil.<clinit>(69) : >creando sessionFactory
[SCEC] 2017-04-04 15:28:58,955 DEBUG edu.uag.iidis.scec.persistencia.hibernate.HibernateUtil.beginTransaction(217) : >beginTransaction()
[SCEC] 2017-04-04 15:28:58,955 DEBUG edu.uag.iidis.scec.persistencia.hibernate.HibernateUtil.beginTransaction(224) : -Iniciando una nueva transacción de base de datos en este thread.
[SCEC] 2017-04-04 15:28:58,955 DEBUG edu.uag.iidis.scec.persistencia.hibernate.HibernateUtil.getSession(153) : >getSession()
[SCEC] 2017-04-04 15:28:58,955 DEBUG edu.uag.iidis.scec.persistencia.hibernate.HibernateUtil.getSession(160) : -Abriendo una nueva sesión para el thread.
[SCEC] 2017-04-04 15:28:59,048 DEBUG edu.uag.iidis.scec.persistencia.PerfilDAO.buscarTodos(38) : >buscarTodos()
[SCEC] 2017-04-04 15:28:59,048 DEBUG edu.uag.iidis.scec.persistencia.hibernate.HibernateUtil.getSession(153) : >getSession()
Hibernate: select this_.id as id10_0_, this_.usuario as usuario10_0_, this_.contra as contra10_0_, this_.nombre as nombre10_0_, this_.apellido as apellido10_0_, this_.telefono as telefono10_0_, this_.email as email10_0_, this_.cp as cp10_0_, this_.pais as pais10_0_, this_.ciudad as ciudad10_0_, this_.estado as estado10_0_ from editarperfil this_
[SCEC] 2017-04-04 15:28:59,470 DEBUG edu.uag.iidis.scec.persistencia.PerfilDAO.buscarTodos(46) : >buscarTodos() ---- list [edu.uag.iidis.scec.modelo.Perfil@2a2c13a8[
  id=2
  usuario=jul
  contra=123
  nombre=juliane
  apellido=arreola
  telefono=9865188291
  email=jul@gmail.com
  cp=29000
  pais=México
  ciudad=Tuxtla Gutiérrez
  estado=Chiapas
], edu.uag.iidis.scec.modelo.Perfil@3542162a[
  id=11
  usuario=juliane
  contra=123
  nombre=juliane
  apellido=arreola
  telefono=9865188291
  email=jul@gmail.com
  cp=29000
  pais=México
  ciudad=Tuxtla Gutiérrez
  estado=Chiapas
]]
[SCEC] 2017-04-04 15:28:59,470 DEBUG edu.uag.iidis.scec.persistencia.hibernate.HibernateUtil.commitTransaction(240) : >commitTransaction()
[SCEC] 2017-04-04 15:28:59,470 DEBUG edu.uag.iidis.scec.persistencia.hibernate.HibernateUtil.commitTransaction(248) : -Comprometiendo la transacción de este thread.
[SCEC] 2017-04-04 15:28:59,486 DEBUG edu.uag.iidis.scec.persistencia.hibernate.HibernateUtil.closeSession(194) : >closeSession()
[SCEC] 2017-04-04 15:28:59,486 DEBUG edu.uag.iidis.scec.persistencia.hibernate.HibernateUtil.closeSession(202) : -Cerrando la sesión local al thread.
[SCEC] 2017-04-04 15:28:59,502 DEBUG edu.uag.iidis.scec.persistencia.hibernate.HibernateUtil.beginTransaction(217) : >beginTransaction()
[SCEC] 2017-04-04 15:28:59,502 DEBUG edu.uag.iidis.scec.persistencia.hibernate.HibernateUtil.beginTransaction(224) : -Iniciando una nueva transacción de base de datos en este thread.
[SCEC] 2017-04-04 15:28:59,502 DEBUG edu.uag.iidis.scec.persistencia.hibernate.HibernateUtil.getSession(153) : >getSession()
[SCEC] 2017-04-04 15:28:59,502 DEBUG edu.uag.iidis.scec.persistencia.hibernate.HibernateUtil.getSession(160) : -Abriendo una nueva sesión para el thread.
[SCEC] 2017-04-04 15:28:59,502 DEBUG edu.uag.iidis.scec.persistencia.PerfilDAO.buscarTodos(38) : >buscarTodos()
[SCEC] 2017-04-04 15:28:59,502 DEBUG edu.uag.iidis.scec.persistencia.hibernate.HibernateUtil.getSession(153) : >getSession()
Hibernate: select this_.id as id10_0_, this_.usuario as usuario10_0_, this_.contra as contra10_0_, this_.nombre as nombre10_0_, this_.apellido as apellido10_0_, this_.telefono as telefono10_0_, this_.email as email10_0_, this_.cp as cp10_0_, this_.pais as pais10_0_, this_.ciudad as ciudad10_0_, this_.estado as estado10_0_ from editarperfil this_
[SCEC] 2017-04-04 15:28:59,502 DEBUG edu.uag.iidis.scec.persistencia.PerfilDAO.buscarTodos(46) : >buscarTodos() ---- list [edu.uag.iidis.scec.modelo.Perfil@6eeade6c[
  id=2
  usuario=jul
  contra=123
  nombre=juliane
  apellido=arreola
  telefono=9865188291
  email=jul@gmail.com
  cp=29000
  pais=México
  ciudad=Tuxtla Gutiérrez
  estado=Chiapas
], edu.uag.iidis.scec.modelo.Perfil@4a891c97[
  id=11
  usuario=juliane
  contra=123
  nombre=juliane
  apellido=arreola
  telefono=9865188291
  email=jul@gmail.com
  cp=29000
  pais=México
  ciudad=Tuxtla Gutiérrez
  estado=Chiapas
]]
[SCEC] 2017-04-04 15:28:59,517 DEBUG edu.uag.iidis.scec.persistencia.hibernate.HibernateUtil.commitTransaction(240) : >commitTransaction()
[SCEC] 2017-04-04 15:28:59,517 DEBUG edu.uag.iidis.scec.persistencia.hibernate.HibernateUtil.commitTransaction(248) : -Comprometiendo la transacción de este thread.
[SCEC] 2017-04-04 15:28:59,517 DEBUG edu.uag.iidis.scec.persistencia.hibernate.HibernateUtil.closeSession(194) : >closeSession()
[SCEC] 2017-04-04 15:28:59,517 DEBUG edu.uag.iidis.scec.persistencia.hibernate.HibernateUtil.closeSession(202) : -Cerrando la sesión local al thread.
[SCEC] 2017-04-04 15:28:59,517 DEBUG edu.uag.iidis.scec.persistencia.hibernate.HibernateUtil.beginTransaction(217) : >beginTransaction()
[SCEC] 2017-04-04 15:28:59,517 DEBUG edu.uag.iidis.scec.persistencia.hibernate.HibernateUtil.beginTransaction(224) : -Iniciando una nueva transacción de base de datos en este thread.
[SCEC] 2017-04-04 15:28:59,533 DEBUG edu.uag.iidis.scec.persistencia.hibernate.HibernateUtil.getSession(153) : >getSession()
[SCEC] 2017-04-04 15:28:59,533 DEBUG edu.uag.iidis.scec.persistencia.hibernate.HibernateUtil.getSession(160) : -Abriendo una nueva sesión para el thread.
[SCEC] 2017-04-04 15:28:59,533 DEBUG edu.uag.iidis.scec.persistencia.PerfilDAO.hazPersistente(120) : >hazPersistente(perfil)
[SCEC] 2017-04-04 15:28:59,533 DEBUG edu.uag.iidis.scec.persistencia.hibernate.HibernateUtil.getSession(153) : >getSession()
Hibernate: select max(id) from editarperfil
[SCEC] 2017-04-04 15:28:59,564 DEBUG edu.uag.iidis.scec.persistencia.PerfilDAO.existePerfil(165) : >existeUsuario(nombreUsuario)
[SCEC] 2017-04-04 15:28:59,564 DEBUG edu.uag.iidis.scec.persistencia.PerfilDAO.existePerfil(173) : select usuario from Perfil where usuario = :usuariojoss
[SCEC] 2017-04-04 15:28:59,564 DEBUG edu.uag.iidis.scec.persistencia.hibernate.HibernateUtil.getSession(153) : >getSession()
[SCEC] 2017-04-04 15:28:59,892 DEBUG edu.uag.iidis.scec.persistencia.PerfilDAO.existePerfil(179) : <<<<<<<<< create query ok 
[SCEC] 2017-04-04 15:28:59,908 DEBUG edu.uag.iidis.scec.persistencia.PerfilDAO.existePerfil(183) : <<<<<<<<< set Parameter ok antes del query list >>>>>
Hibernate: insert into editarperfil (usuario, contra, nombre, apellido, telefono, email, cp, pais, ciudad, estado, id) values (?, ?, ?, ?, ?, ?, ?, ?, ?, ?, ?)
Hibernate: select perfil0_.usuario as col_0_0_ from editarperfil perfil0_ where perfil0_.usuario=?
[SCEC] 2017-04-04 15:29:00,080 DEBUG edu.uag.iidis.scec.persistencia.PerfilDAO.existePerfil(188) : <<<<<<<<< Result size 1
[SCEC] 2017-04-04 15:29:00,080 DEBUG edu.uag.iidis.scec.persistencia.hibernate.HibernateUtil.commitTransaction(240) : >commitTransaction()
[SCEC] 2017-04-04 15:29:00,080 DEBUG edu.uag.iidis.scec.persistencia.hibernate.HibernateUtil.commitTransaction(248) : -Comprometiendo la transacción de este thread.
[SCEC] 2017-04-04 15:29:00,142 DEBUG edu.uag.iidis.scec.persistencia.hibernate.HibernateUtil.closeSession(194) : >closeSession()
[SCEC] 2017-04-04 15:29:00,142 DEBUG edu.uag.iidis.scec.persistencia.hibernate.HibernateUtil.closeSession(202) : -Cerrando la sesión local al thread.
[SCEC] 2017-04-04 15:29:00,142 DEBUG edu.uag.iidis.scec.persistencia.hibernate.HibernateUtil.beginTransaction(217) : >beginTransaction()
[SCEC] 2017-04-04 15:29:00,142 DEBUG edu.uag.iidis.scec.persistencia.hibernate.HibernateUtil.beginTransaction(224) : -Iniciando una nueva transacción de base de datos en este thread.
[SCEC] 2017-04-04 15:29:00,142 DEBUG edu.uag.iidis.scec.persistencia.hibernate.HibernateUtil.getSession(153) : >getSession()
[SCEC] 2017-04-04 15:29:00,142 DEBUG edu.uag.iidis.scec.persistencia.hibernate.HibernateUtil.getSession(160) : -Abriendo una nueva sesión para el thread.
[SCEC] 2017-04-04 15:29:00,142 DEBUG edu.uag.iidis.scec.persistencia.PerfilDAO.hazPersistente(120) : >hazPersistente(perfil)
[SCEC] 2017-04-04 15:29:00,142 DEBUG edu.uag.iidis.scec.persistencia.hibernate.HibernateUtil.getSession(153) : >getSession()
[SCEC] 2017-04-04 15:29:00,142 DEBUG edu.uag.iidis.scec.persistencia.hibernate.HibernateUtil.commitTransaction(240) : >commitTransaction()
[SCEC] 2017-04-04 15:29:00,142 DEBUG edu.uag.iidis.scec.persistencia.hibernate.HibernateUtil.commitTransaction(248) : -Comprometiendo la transacción de este thread.
Hibernate: insert into editarperfil (usuario, contra, nombre, apellido, telefono, email, cp, pais, ciudad, estado, id) values (?, ?, ?, ?, ?, ?, ?, ?, ?, ?, ?)
[SCEC] 2017-04-04 15:29:00,158  WARN org.hibernate.engine.jdbc.spi.SqlExceptionHelper.logExceptions(143) : SQL Error: 1062, SQLState: 23000
[SCEC] 2017-04-04 15:29:00,158 ERROR org.hibernate.engine.jdbc.spi.SqlExceptionHelper.logExceptions(144) : Duplicate key or integrity constraint violation,  message from server: "Duplicate entry 'juliane' for key 'usuario'"
[SCEC] 2017-04-04 15:29:00,158 DEBUG edu.uag.iidis.scec.persistencia.hibernate.HibernateUtil.commitTransaction(255) : -Deshaciendo la transacción de este thread.
[SCEC] 2017-04-04 15:29:00,158 DEBUG edu.uag.iidis.scec.persistencia.hibernate.HibernateUtil.rollbackTransaction(268) : >rollbackTransaction()
[SCEC] 2017-04-04 15:29:00,158 DEBUG edu.uag.iidis.scec.persistencia.hibernate.HibernateUtil.rollbackTransaction(276) : -Intentando deshacer la transacción para este thread.
[SCEC] 2017-04-04 15:29:00,220 DEBUG edu.uag.iidis.scec.persistencia.hibernate.HibernateUtil.rollbackTransaction(285) : -Intentando cerrar la sesión.
[SCEC] 2017-04-04 15:29:00,220 DEBUG edu.uag.iidis.scec.persistencia.hibernate.HibernateUtil.closeSession(194) : >closeSession()
[SCEC] 2017-04-04 15:29:00,220 DEBUG edu.uag.iidis.scec.persistencia.hibernate.HibernateUtil.closeSession(202) : -Cerrando la sesión local al thread.
[SCEC] 2017-04-04 15:29:00,220 ERROR edu.uag.iidis.scec.persistencia.hibernate.HibernateUtil.commitTransaction(258) : <HibernateException
[SCEC] 2017-04-04 15:29:00,220 DEBUG edu.uag.iidis.scec.persistencia.hibernate.HibernateUtil.closeSession(194) : >closeSession()
[SCEC] 2017-04-04 15:29:00,220 DEBUG edu.uag.iidis.scec.persistencia.hibernate.HibernateUtil.beginTransaction(217) : >beginTransaction()
[SCEC] 2017-04-04 15:29:00,220 DEBUG edu.uag.iidis.scec.persistencia.hibernate.HibernateUtil.beginTransaction(224) : -Iniciando una nueva transacción de base de datos en este thread.
[SCEC] 2017-04-04 15:29:00,220 DEBUG edu.uag.iidis.scec.persistencia.hibernate.HibernateUtil.getSession(153) : >getSession()
[SCEC] 2017-04-04 15:29:00,220 DEBUG edu.uag.iidis.scec.persistencia.hibernate.HibernateUtil.getSession(160) : -Abriendo una nueva sesión para el thread.
[SCEC] 2017-04-04 15:29:00,220 DEBUG edu.uag.iidis.scec.persistencia.PerfilDAO.eliminarPerfil(296) : >hazTransitorio(Perfil)
[SCEC] 2017-04-04 15:29:00,220 DEBUG edu.uag.iidis.scec.persistencia.hibernate.HibernateUtil.getSession(153) : >getSession()
Hibernate: select perfil0_.id as id10_, perfil0_.usuario as usuario10_, perfil0_.contra as contra10_, perfil0_.nombre as nombre10_, perfil0_.apellido as apellido10_, perfil0_.telefono as telefono10_, perfil0_.email as email10_, perfil0_.cp as cp10_, perfil0_.pais as pais10_, perfil0_.ciudad as ciudad10_, perfil0_.estado as estado10_ from editarperfil perfil0_ where perfil0_.usuario=?
[SCEC] 2017-04-04 15:29:00,236 DEBUG edu.uag.iidis.scec.persistencia.hibernate.HibernateUtil.getSession(153) : >getSession()
[SCEC] 2017-04-04 15:29:00,252 DEBUG edu.uag.iidis.scec.persistencia.PerfilDAO.existePerfil(165) : >existeUsuario(nombreUsuario)
[SCEC] 2017-04-04 15:29:00,252 DEBUG edu.uag.iidis.scec.persistencia.PerfilDAO.existePerfil(173) : select usuario from Perfil where usuario = :usuariojul
[SCEC] 2017-04-04 15:29:00,252 DEBUG edu.uag.iidis.scec.persistencia.hibernate.HibernateUtil.getSession(153) : >getSession()
[SCEC] 2017-04-04 15:29:00,252 DEBUG edu.uag.iidis.scec.persistencia.PerfilDAO.existePerfil(179) : <<<<<<<<< create query ok 
[SCEC] 2017-04-04 15:29:00,252 DEBUG edu.uag.iidis.scec.persistencia.PerfilDAO.existePerfil(183) : <<<<<<<<< set Parameter ok antes del query list >>>>>
Hibernate: delete from editarperfil where id=?
Hibernate: select perfil0_.usuario as col_0_0_ from editarperfil perfil0_ where perfil0_.usuario=?
[SCEC] 2017-04-04 15:29:00,252 DEBUG edu.uag.iidis.scec.persistencia.PerfilDAO.existePerfil(188) : <<<<<<<<< Result size 0
[SCEC] 2017-04-04 15:29:00,252 DEBUG edu.uag.iidis.scec.persistencia.hibernate.HibernateUtil.commitTransaction(240) : >commitTransaction()
[SCEC] 2017-04-04 15:29:00,252 DEBUG edu.uag.iidis.scec.persistencia.hibernate.HibernateUtil.commitTransaction(248) : -Comprometiendo la transacción de este thread.
[SCEC] 2017-04-04 15:29:00,361 DEBUG edu.uag.iidis.scec.persistencia.hibernate.HibernateUtil.closeSession(194) : >closeSession()
[SCEC] 2017-04-04 15:29:00,361 DEBUG edu.uag.iidis.scec.persistencia.hibernate.HibernateUtil.closeSession(202) : -Cerrando la sesión local al thread.
[SCEC] 2017-04-04 15:29:00,361 DEBUG edu.uag.iidis.scec.persistencia.hibernate.HibernateUtil.beginTransaction(217) : >beginTransaction()
[SCEC] 2017-04-04 15:29:00,361 DEBUG edu.uag.iidis.scec.persistencia.hibernate.HibernateUtil.beginTransaction(224) : -Iniciando una nueva transacción de base de datos en este thread.
[SCEC] 2017-04-04 15:29:00,361 DEBUG edu.uag.iidis.scec.persistencia.hibernate.HibernateUtil.getSession(153) : >getSession()
[SCEC] 2017-04-04 15:29:00,361 DEBUG edu.uag.iidis.scec.persistencia.hibernate.HibernateUtil.getSession(160) : -Abriendo una nueva sesión para el thread.
[SCEC] 2017-04-04 15:29:00,361 DEBUG edu.uag.iidis.scec.persistencia.PerfilDAO.eliminarPerfil(296) : >hazTransitorio(Perfil)
[SCEC] 2017-04-04 15:29:00,361 DEBUG edu.uag.iidis.scec.persistencia.hibernate.HibernateUtil.getSession(153) : >getSession()
Hibernate: select perfil0_.id as id10_, perfil0_.usuario as usuario10_, perfil0_.contra as contra10_, perfil0_.nombre as nombre10_, perfil0_.apellido as apellido10_, perfil0_.telefono as telefono10_, perfil0_.email as email10_, perfil0_.cp as cp10_, perfil0_.pais as pais10_, perfil0_.ciudad as ciudad10_, perfil0_.estado as estado10_ from editarperfil perfil0_ where perfil0_.usuario=?
[SCEC] 2017-04-04 15:29:00,377 DEBUG edu.uag.iidis.scec.persistencia.hibernate.HibernateUtil.getSession(153) : >getSession()
[SCEC] 2017-04-04 15:29:00,377 DEBUG edu.uag.iidis.scec.persistencia.hibernate.HibernateUtil.closeSession(194) : >closeSession()
[SCEC] 2017-04-04 15:29:00,377 DEBUG edu.uag.iidis.scec.persistencia.hibernate.HibernateUtil.closeSession(202) : -Cerrando la sesión local al thread.
[SCEC] 2017-04-04 15:29:00,377 DEBUG edu.uag.iidis.scec.persistencia.hibernate.HibernateUtil.beginTransaction(217) : >beginTransaction()
[SCEC] 2017-04-04 15:29:00,377 DEBUG edu.uag.iidis.scec.persistencia.PerfilDAO.existePerfil(165) : >existeUsuario(nombreUsuario)
[SCEC] 2017-04-04 15:29:00,377 DEBUG edu.uag.iidis.scec.persistencia.PerfilDAO.existePerfil(173) : select usuario from Perfil where usuario = :usuariojoss
[SCEC] 2017-04-04 15:29:00,377 DEBUG edu.uag.iidis.scec.persistencia.hibernate.HibernateUtil.getSession(153) : >getSession()
[SCEC] 2017-04-04 15:29:00,377 DEBUG edu.uag.iidis.scec.persistencia.hibernate.HibernateUtil.getSession(160) : -Abriendo una nueva sesión para el thread.
[SCEC] 2017-04-04 15:29:00,377 DEBUG edu.uag.iidis.scec.persistencia.PerfilDAO.existePerfil(179) : <<<<<<<<< create query ok 
[SCEC] 2017-04-04 15:29:00,377 DEBUG edu.uag.iidis.scec.persistencia.PerfilDAO.existePerfil(183) : <<<<<<<<< set Parameter ok antes del query list >>>>>
Hibernate: select perfil0_.usuario as col_0_0_ from editarperfil perfil0_ where perfil0_.usuario=?
[SCEC] 2017-04-04 15:29:00,377 DEBUG edu.uag.iidis.scec.persistencia.PerfilDAO.existePerfil(188) : <<<<<<<<< Result size 1
[SCEC] 2017-04-04 15:29:00,377 DEBUG edu.uag.iidis.scec.persistencia.hibernate.HibernateUtil.commitTransaction(240) : >commitTransaction()
[SCEC] 2017-04-04 15:29:00,377 DEBUG edu.uag.iidis.scec.persistencia.hibernate.HibernateUtil.commitTransaction(248) : -Comprometiendo la transacción de este thread.
[SCEC] 2017-04-04 15:29:00,377 DEBUG edu.uag.iidis.scec.persistencia.hibernate.HibernateUtil.closeSession(194) : >closeSession()
[SCEC] 2017-04-04 15:29:00,377 DEBUG edu.uag.iidis.scec.persistencia.hibernate.HibernateUtil.closeSession(202) : -Cerrando la sesión local al thread.
[SCEC] 2017-04-04 15:29:00,377 DEBUG edu.uag.iidis.scec.persistencia.hibernate.HibernateUtil.beginTransaction(217) : >beginTransaction()
[SCEC] 2017-04-04 15:29:00,377 DEBUG edu.uag.iidis.scec.persistencia.hibernate.HibernateUtil.beginTransaction(224) : -Iniciando una nueva transacción de base de datos en este thread.
[SCEC] 2017-04-04 15:29:00,377 DEBUG edu.uag.iidis.scec.persistencia.hibernate.HibernateUtil.getSession(153) : >getSession()
[SCEC] 2017-04-04 15:29:00,377 DEBUG edu.uag.iidis.scec.persistencia.hibernate.HibernateUtil.getSession(160) : -Abriendo una nueva sesión para el thread.
[SCEC] 2017-04-04 15:29:00,377 DEBUG edu.uag.iidis.scec.persistencia.PerfilDAO.existePerfil(165) : >existeUsuario(nombreUsuario)
[SCEC] 2017-04-04 15:29:00,377 DEBUG edu.uag.iidis.scec.persistencia.PerfilDAO.existePerfil(173) : select usuario from Perfil where usuario = :usuariojoss1
[SCEC] 2017-04-04 15:29:00,377 DEBUG edu.uag.iidis.scec.persistencia.hibernate.HibernateUtil.getSession(153) : >getSession()
[SCEC] 2017-04-04 15:29:00,392 DEBUG edu.uag.iidis.scec.persistencia.PerfilDAO.existePerfil(179) : <<<<<<<<< create query ok 
[SCEC] 2017-04-04 15:29:00,392 DEBUG edu.uag.iidis.scec.persistencia.PerfilDAO.existePerfil(183) : <<<<<<<<< set Parameter ok antes del query list >>>>>
Hibernate: select perfil0_.usuario as col_0_0_ from editarperfil perfil0_ where perfil0_.usuario=?
[SCEC] 2017-04-04 15:29:00,392 DEBUG edu.uag.iidis.scec.persistencia.PerfilDAO.existePerfil(188) : <<<<<<<<< Result size 0
[SCEC] 2017-04-04 15:29:00,392 DEBUG edu.uag.iidis.scec.persistencia.hibernate.HibernateUtil.commitTransaction(240) : >commitTransaction()
[SCEC] 2017-04-04 15:29:00,392 DEBUG edu.uag.iidis.scec.persistencia.hibernate.HibernateUtil.commitTransaction(248) : -Comprometiendo la transacción de este thread.
[SCEC] 2017-04-04 15:29:00,392 DEBUG edu.uag.iidis.scec.persistencia.hibernate.HibernateUtil.closeSession(194) : >closeSession()
[SCEC] 2017-04-04 15:29:00,392 DEBUG edu.uag.iidis.scec.persistencia.hibernate.HibernateUtil.closeSession(202) : -Cerrando la sesión local al thread.
[SCEC] 2017-04-04 15:29:00,392 DEBUG edu.uag.iidis.scec.persistencia.hibernate.HibernateUtil.beginTransaction(217) : >beginTransaction()
[SCEC] 2017-04-04 15:29:00,392 DEBUG edu.uag.iidis.scec.persistencia.hibernate.HibernateUtil.beginTransaction(224) : -Iniciando una nueva transacción de base de datos en este thread.
[SCEC] 2017-04-04 15:29:00,392 DEBUG edu.uag.iidis.scec.persistencia.hibernate.HibernateUtil.getSession(153) : >getSession()
[SCEC] 2017-04-04 15:29:00,392 DEBUG edu.uag.iidis.scec.persistencia.hibernate.HibernateUtil.getSession(160) : -Abriendo una nueva sesión para el thread.
[SCEC] 2017-04-04 15:29:00,392 DEBUG edu.uag.iidis.scec.persistencia.PerfilDAO.hazPersistente(120) : >hazPersistente(perfil)
[SCEC] 2017-04-04 15:29:00,392 DEBUG edu.uag.iidis.scec.persistencia.hibernate.HibernateUtil.getSession(153) : >getSession()
[SCEC] 2017-04-04 15:29:00,392 DEBUG edu.uag.iidis.scec.persistencia.PerfilDAO.ordenarPerfilesPor(68) : >existePerfil(nombrePerfil)
[SCEC] 2017-04-04 15:29:00,392 DEBUG edu.uag.iidis.scec.persistencia.PerfilDAO.ordenarPerfilesPor(81) : from Perfil ORDER BY usuariousuario
[SCEC] 2017-04-04 15:29:00,392 DEBUG edu.uag.iidis.scec.persistencia.hibernate.HibernateUtil.getSession(153) : >getSession()
[SCEC] 2017-04-04 15:29:00,408 DEBUG edu.uag.iidis.scec.persistencia.PerfilDAO.ordenarPerfilesPor(87) : <<<<<<<<< create query ok 
[SCEC] 2017-04-04 15:29:00,408 DEBUG edu.uag.iidis.scec.persistencia.PerfilDAO.ordenarPerfilesPor(90) : <<<<<<<<< set Parameter ok antes del query list >>>>>
Hibernate: insert into editarperfil (usuario, contra, nombre, apellido, telefono, email, cp, pais, ciudad, estado, id) values (?, ?, ?, ?, ?, ?, ?, ?, ?, ?, ?)
Hibernate: select perfil0_.id as id10_, perfil0_.usuario as usuario10_, perfil0_.contra as contra10_, perfil0_.nombre as nombre10_, perfil0_.apellido as apellido10_, perfil0_.telefono as telefono10_, perfil0_.email as email10_, perfil0_.cp as cp10_, perfil0_.pais as pais10_, perfil0_.ciudad as ciudad10_, perfil0_.estado as estado10_ from editarperfil perfil0_ order by perfil0_.usuario
[SCEC] 2017-04-04 15:29:00,439 DEBUG edu.uag.iidis.scec.persistencia.PerfilDAO.ordenarPerfilesPor(95) : <<<<<<<<< Result size 3
[SCEC] 2017-04-04 15:29:00,439 DEBUG edu.uag.iidis.scec.persistencia.hibernate.HibernateUtil.commitTransaction(240) : >commitTransaction()
[SCEC] 2017-04-04 15:29:00,439 DEBUG edu.uag.iidis.scec.persistencia.hibernate.HibernateUtil.commitTransaction(248) : -Comprometiendo la transacción de este thread.
[SCEC] 2017-04-04 15:29:00,533 DEBUG edu.uag.iidis.scec.persistencia.hibernate.HibernateUtil.closeSession(194) : >closeSession()
[SCEC] 2017-04-04 15:29:00,533 DEBUG edu.uag.iidis.scec.persistencia.hibernate.HibernateUtil.closeSession(202) : -Cerrando la sesión local al thread.
[SCEC] 2017-04-04 15:29:00,533 DEBUG edu.uag.iidis.scec.persistencia.hibernate.HibernateUtil.beginTransaction(217) : >beginTransaction()
[SCEC] 2017-04-04 15:29:00,533 DEBUG edu.uag.iidis.scec.persistencia.hibernate.HibernateUtil.beginTransaction(224) : -Iniciando una nueva transacción de base de datos en este thread.
[SCEC] 2017-04-04 15:29:00,533 DEBUG edu.uag.iidis.scec.persistencia.hibernate.HibernateUtil.getSession(153) : >getSession()
[SCEC] 2017-04-04 15:29:00,533 DEBUG edu.uag.iidis.scec.persistencia.hibernate.HibernateUtil.getSession(160) : -Abriendo una nueva sesión para el thread.
[SCEC] 2017-04-04 15:29:00,533 DEBUG edu.uag.iidis.scec.persistencia.PerfilDAO.ordenarPerfilesPor(68) : >existePerfil(nombrePerfil)
[SCEC] 2017-04-04 15:29:00,533 DEBUG edu.uag.iidis.scec.persistencia.PerfilDAO.ordenarPerfilesPor(81) : from Perfil ORDER BY edadedad
[SCEC] 2017-04-04 15:29:00,533 DEBUG edu.uag.iidis.scec.persistencia.hibernate.HibernateUtil.getSession(153) : >getSession()
[SCEC] 2017-04-04 15:29:00,533 DEBUG edu.uag.iidis.scec.persistencia.PerfilDAO.ordenarPerfilesPor(87) : <<<<<<<<< create query ok 
[SCEC] 2017-04-04 15:29:00,533 DEBUG edu.uag.iidis.scec.persistencia.PerfilDAO.ordenarPerfilesPor(90) : <<<<<<<<< set Parameter ok antes del query list >>>>>
Hibernate: select perfil0_.id as id10_, perfil0_.usuario as usuario10_, perfil0_.contra as contra10_, perfil0_.nombre as nombre10_, perfil0_.apellido as apellido10_, perfil0_.telefono as telefono10_, perfil0_.email as email10_, perfil0_.cp as cp10_, perfil0_.pais as pais10_, perfil0_.ciudad as ciudad10_, perfil0_.estado as estado10_ from editarperfil perfil0_ order by edad
[SCEC] 2017-04-04 15:29:00,548  WARN org.hibernate.engine.jdbc.spi.SqlExceptionHelper.logExceptions(143) : SQL Error: 1054, SQLState: 42S22
[SCEC] 2017-04-04 15:29:00,548 ERROR org.hibernate.engine.jdbc.spi.SqlExceptionHelper.logExceptions(144) : null,  message from server: "Unknown column 'edad' in 'order clause'"
[SCEC] 2017-04-04 15:29:00,548  WARN edu.uag.iidis.scec.persistencia.PerfilDAO.ordenarPerfilesPor(105) : <HibernateException *******************
[SCEC] 2017-04-04 15:29:00,548 DEBUG edu.uag.iidis.scec.persistencia.hibernate.HibernateUtil.closeSession(194) : >closeSession()
[SCEC] 2017-04-04 15:29:00,548 DEBUG edu.uag.iidis.scec.persistencia.hibernate.HibernateUtil.closeSession(202) : -Cerrando la sesión local al thread.
[SCEC] 2017-04-04 15:29:00,548 DEBUG edu.uag.iidis.scec.persistencia.hibernate.HibernateUtil.beginTransaction(217) : >beginTransaction()
[SCEC] 2017-04-04 15:29:00,548 DEBUG edu.uag.iidis.scec.persistencia.PerfilDAO.actualizaPerfil(262) : >hazPersistente(perfil)
[SCEC] 2017-04-04 15:29:00,548 DEBUG edu.uag.iidis.scec.persistencia.hibernate.HibernateUtil.getSession(153) : >getSession()
[SCEC] 2017-04-04 15:29:00,548 DEBUG edu.uag.iidis.scec.persistencia.hibernate.HibernateUtil.getSession(160) : -Abriendo una nueva sesión para el thread.
Hibernate: select perfil0_.id as id10_, perfil0_.usuario as usuario10_, perfil0_.contra as contra10_, perfil0_.nombre as nombre10_, perfil0_.apellido as apellido10_, perfil0_.telefono as telefono10_, perfil0_.email as email10_, perfil0_.cp as cp10_, perfil0_.pais as pais10_, perfil0_.ciudad as ciudad10_, perfil0_.estado as estado10_ from editarperfil perfil0_ where perfil0_.usuario=?
[SCEC] 2017-04-04 15:29:00,548 DEBUG edu.uag.iidis.scec.persistencia.hibernate.HibernateUtil.getSession(153) : >getSession()
[SCEC] 2017-04-04 15:29:00,548 DEBUG edu.uag.iidis.scec.persistencia.PerfilDAO.buscaPerfil(214) : > buscaPerfil(nombreUsuario)
[SCEC] 2017-04-04 15:29:00,548 DEBUG edu.uag.iidis.scec.persistencia.PerfilDAO.buscaPerfil(221) : from Perfil where usuario like 'joss%'joss
[SCEC] 2017-04-04 15:29:00,548 DEBUG edu.uag.iidis.scec.persistencia.hibernate.HibernateUtil.getSession(153) : >getSession()
[SCEC] 2017-04-04 15:29:00,564 DEBUG edu.uag.iidis.scec.persistencia.PerfilDAO.buscaPerfil(227) : <<<<<<<<< create query ok 
[SCEC] 2017-04-04 15:29:00,564 DEBUG edu.uag.iidis.scec.persistencia.PerfilDAO.buscaPerfil(232) : <<<<<<<<< set Parameter ok antes del query list >>>>>
Hibernate: select perfil0_.id as id10_, perfil0_.usuario as usuario10_, perfil0_.contra as contra10_, perfil0_.nombre as nombre10_, perfil0_.apellido as apellido10_, perfil0_.telefono as telefono10_, perfil0_.email as email10_, perfil0_.cp as cp10_, perfil0_.pais as pais10_, perfil0_.ciudad as ciudad10_, perfil0_.estado as estado10_ from editarperfil perfil0_ where perfil0_.usuario like 'joss%'
[SCEC] 2017-04-04 15:29:00,564 DEBUG edu.uag.iidis.scec.persistencia.PerfilDAO.buscaPerfil(237) : <<<<<<<<< Result size 1
[SCEC] 2017-04-04 15:29:00,564 DEBUG edu.uag.iidis.scec.persistencia.hibernate.HibernateUtil.commitTransaction(240) : >commitTransaction()
[SCEC] 2017-04-04 15:29:00,564 DEBUG edu.uag.iidis.scec.persistencia.hibernate.HibernateUtil.commitTransaction(248) : -Comprometiendo la transacción de este thread.
[SCEC] 2017-04-04 15:29:00,564 DEBUG edu.uag.iidis.scec.persistencia.hibernate.HibernateUtil.closeSession(194) : >closeSession()
[SCEC] 2017-04-04 15:29:00,564 DEBUG edu.uag.iidis.scec.persistencia.hibernate.HibernateUtil.closeSession(202) : -Cerrando la sesión local al thread.
[SCEC] 2017-04-04 15:29:00,564 DEBUG edu.uag.iidis.scec.persistencia.hibernate.HibernateUtil.beginTransaction(217) : >beginTransaction()
[SCEC] 2017-04-04 15:29:00,564 DEBUG edu.uag.iidis.scec.persistencia.hibernate.HibernateUtil.beginTransaction(224) : -Iniciando una nueva transacción de base de datos en este thread.
[SCEC] 2017-04-04 15:29:00,564 DEBUG edu.uag.iidis.scec.persistencia.hibernate.HibernateUtil.getSession(153) : >getSession()
[SCEC] 2017-04-04 15:29:00,564 DEBUG edu.uag.iidis.scec.persistencia.hibernate.HibernateUtil.getSession(160) : -Abriendo una nueva sesión para el thread.
[SCEC] 2017-04-04 15:29:00,564 DEBUG edu.uag.iidis.scec.persistencia.PerfilDAO.actualizaPerfil(262) : >hazPersistente(perfil)
[SCEC] 2017-04-04 15:29:00,564 DEBUG edu.uag.iidis.scec.persistencia.hibernate.HibernateUtil.getSession(153) : >getSession()
Hibernate: select perfil0_.id as id10_, perfil0_.usuario as usuario10_, perfil0_.contra as contra10_, perfil0_.nombre as nombre10_, perfil0_.apellido as apellido10_, perfil0_.telefono as telefono10_, perfil0_.email as email10_, perfil0_.cp as cp10_, perfil0_.pais as pais10_, perfil0_.ciudad as ciudad10_, perfil0_.estado as estado10_ from editarperfil perfil0_ where perfil0_.usuario=?
[SCEC] 2017-04-04 15:29:00,564 DEBUG edu.uag.iidis.scec.persistencia.hibernate.HibernateUtil.closeSession(194) : >closeSession()
[SCEC] 2017-04-04 15:29:00,564 DEBUG edu.uag.iidis.scec.persistencia.hibernate.HibernateUtil.closeSession(202) : -Cerrando la sesión local al thread.
]]></system-out>
  <system-err><![CDATA[]]></system-err>
</testsuite>
