<?xml version="1.0" encoding="UTF-8" ?>
<testsuite errors="1" failures="1" hostname="UPChiapas-PC" name="edu.uag.iidis.scec.pruebas.PerfilDAOTest" skipped="0" tests="8" time="2.008" timestamp="2017-04-03T02:05:07">
  <properties>
    <property name="java.vendor" value="Oracle Corporation" />
    <property name="sun.java.launcher" value="SUN_STANDARD" />
    <property name="sun.management.compiler" value="HotSpot 64-Bit Tiered Compilers" />
    <property name="os.name" value="Windows 7" />
    <property name="sun.boot.class.path" value="C:\Program Files\Java\jdk1.8.0_121\jre\lib\resources.jar;C:\Program Files\Java\jdk1.8.0_121\jre\lib\rt.jar;C:\Program Files\Java\jdk1.8.0_121\jre\lib\sunrsasign.jar;C:\Program Files\Java\jdk1.8.0_121\jre\lib\jsse.jar;C:\Program Files\Java\jdk1.8.0_121\jre\lib\jce.jar;C:\Program Files\Java\jdk1.8.0_121\jre\lib\charsets.jar;C:\Program Files\Java\jdk1.8.0_121\jre\lib\jfr.jar;C:\Program Files\Java\jdk1.8.0_121\jre\classes" />
    <property name="sun.desktop" value="windows" />
    <property name="java.vm.specification.vendor" value="Oracle Corporation" />
    <property name="ant.home" value="C:\apache-ant-1.9.9" />
    <property name="java.runtime.version" value="1.8.0_121-b13" />
    <property name="src.home" value="D:\UPChiapas\Documentos\JEJEManto/src" />
    <property name="user.name" value="UPChiapas" />
    <property name="web.home" value="D:\UPChiapas\Documentos\JEJEManto/web" />
    <property name="ant.file.type.USJ" value="file" />
    <property name="manager.password" value="root" />
    <property name="test.out.dir" value="D:\UPChiapas\Documentos\JEJEManto/testout" />
    <property name="user.language" value="es" />
    <property name="sun.boot.library.path" value="C:\Program Files\Java\jdk1.8.0_121\jre\bin" />
    <property name="ant.project.default-target" value="build" />
    <property name="docs.home" value="D:\UPChiapas\Documentos\JEJEManto/docs" />
    <property name="ant.project.name" value="USJ" />
    <property name="java.version" value="1.8.0_121" />
    <property name="lib.home" value="D:\UPChiapas\Documentos\JEJEManto/build/WEB-INF/lib" />
    <property name="user.timezone" value="" />
    <property name="sun.arch.data.model" value="64" />
    <property name="compile.optimize" value="true" />
    <property name="java.endorsed.dirs" value="C:\Program Files\Java\jdk1.8.0_121\jre\lib\endorsed" />
    <property name="sun.cpu.isalist" value="amd64" />
    <property name="sun.jnu.encoding" value="Cp1252" />
    <property name="file.encoding.pkg" value="sun.io" />
    <property name="file.separator" value="\" />
    <property name="java.specification.name" value="Java Platform API Specification" />
    <property name="java.class.version" value="52.0" />
    <property name="build.home" value="D:\UPChiapas\Documentos\JEJEManto/build" />
    <property name="manager.username" value="root" />
    <property name="user.country" value="ES" />
    <property name="java.home" value="C:\Program Files\Java\jdk1.8.0_121\jre" />
    <property name="java.vm.info" value="mixed mode" />
    <property name="ant.file" value="D:\UPChiapas\Documentos\JEJEManto\build.xml" />
    <property name="os.version" value="6.1" />
    <property name="classes.home" value="D:\UPChiapas\Documentos\JEJEManto/build/WEB-INF/classes" />
    <property name="path.separator" value=";" />
    <property name="manager.url" value="http://127.0.0.1:8080/manager/text" />
    <property name="java.vm.version" value="25.121-b13" />
    <property name="user.variant" value="" />
    <property name="ant.library.dir" value="C:\apache-ant-1.9.9\lib" />
    <property name="java.awt.printerjob" value="sun.awt.windows.WPrinterJob" />
    <property name="sun.io.unicode.encoding" value="UnicodeLittle" />
    <property name="awt.toolkit" value="sun.awt.windows.WToolkit" />
    <property name="sun.stdout.encoding" value="cp850" />
    <property name="user.script" value="" />
    <property name="user.home" value="C:\Users\UPChiapas" />
    <property name="java.specification.vendor" value="Oracle Corporation" />
    <property name="app.path" value="/JEJEv0.3" />
    <property name="java.library.path" value="C:\Program Files\Java\jdk1.8.0_121\bin;C:\Windows\Sun\Java\bin;C:\Windows\system32;C:\Windows;C:\Program Files\Java\jdk1.8.0_121\bin;C:\Program Files\Java\jdk1.8.0_121\jre\lib\ext\*;C:\ProgramData\Oracle\Java\javapath;C:\Windows\system32;C:\Windows;C:\Windows\System32\Wbem;C:\Windows\System32\WindowsPowerShell\v1.0\;C:\Program Files\Intel\WiFi\bin\;C:\Program Files\Common Files\Intel\WirelessCommon\;C:\Program Files\Microsoft SQL Server\110\Tools\Binn\;C:\apache-ant-1.9.9\bin;%USERPROFILE%\.dnx\bin;C:\Program Files\Microsoft DNX\Dnvm\;C:\Program Files\Microsoft SQL Server\130\Tools\Binn\;C:\Program Files\Git\cmd;C:\Program Files\MATLAB\MATLAB Production Server\R2015a\runtime\win64;C:\Program Files\MATLAB\MATLAB Production Server\R2015a\bin;C:\Program Files\MATLAB\MATLAB Production Server\R2015a\polyspace\bin;C:\Program Files\nodejs\;C:\Program Files (x86)\Windows Kits\8.1\Windows Performance Toolkit\;C:\Apache Tomcat 8.0.27\bin;C:\Users\UPChiapas\AppData\Roaming\npm;." />
    <property name="java.vendor.url" value="http://java.oracle.com/" />
    <property name="java.vm.vendor" value="Oracle Corporation" />
    <property name="java.runtime.name" value="Java(TM) SE Runtime Environment" />
    <property name="sun.java.command" value="org.apache.tools.ant.launch.Launcher -cp C:\Program Files\Java\jdk1.8.0_121\src.zip; junitreportPerfil" />
    <property name="java.class.path" value="C:\apache-ant-1.9.9\lib\ant-launcher.jar;C:\Program Files\Java\jdk1.8.0_121\src.zip;C:\apache-ant-1.9.9\lib\ant-antlr.jar;C:\apache-ant-1.9.9\lib\ant-apache-bcel.jar;C:\apache-ant-1.9.9\lib\ant-apache-bsf.jar;C:\apache-ant-1.9.9\lib\ant-apache-log4j.jar;C:\apache-ant-1.9.9\lib\ant-apache-oro.jar;C:\apache-ant-1.9.9\lib\ant-apache-regexp.jar;C:\apache-ant-1.9.9\lib\ant-apache-resolver.jar;C:\apache-ant-1.9.9\lib\ant-apache-xalan2.jar;C:\apache-ant-1.9.9\lib\ant-commons-logging.jar;C:\apache-ant-1.9.9\lib\ant-commons-net.jar;C:\apache-ant-1.9.9\lib\ant-jai.jar;C:\apache-ant-1.9.9\lib\ant-javamail.jar;C:\apache-ant-1.9.9\lib\ant-jdepend.jar;C:\apache-ant-1.9.9\lib\ant-jmf.jar;C:\apache-ant-1.9.9\lib\ant-jsch.jar;C:\apache-ant-1.9.9\lib\ant-junit.jar;C:\apache-ant-1.9.9\lib\ant-junit4.jar;C:\apache-ant-1.9.9\lib\ant-launcher.jar;C:\apache-ant-1.9.9\lib\ant-netrexx.jar;C:\apache-ant-1.9.9\lib\ant-swing.jar;C:\apache-ant-1.9.9\lib\ant-testutil.jar;C:\apache-ant-1.9.9\lib\ant.jar;C:\Program Files\Java\jdk1.8.0_121\lib\tools.jar" />
    <property name="ant.version" value="Apache Ant(TM) version 1.9.9 compiled on February 2 2017" />
    <property name="app.name" value="JEJE" />
    <property name="java.vm.specification.name" value="Java Virtual Machine Specification" />
    <property name="ant.file.type" value="file" />
    <property name="java.vm.specification.version" value="1.8" />
    <property name="catalina.home" value="C:\Apache Tomcat 8.0.27" />
    <property name="sun.cpu.endian" value="little" />
    <property name="sun.os.patch.level" value="Service Pack 1" />
    <property name="compile.debug" value="true" />
    <property name="java.io.tmpdir" value="C:\Users\UPCHIA~1\AppData\Local\Temp\" />
    <property name="dist.home" value="D:\UPChiapas\Documentos\JEJEManto/dist" />
    <property name="java.vendor.url.bug" value="http://bugreport.sun.com/bugreport/" />
    <property name="java.awt.graphicsenv" value="sun.awt.Win32GraphicsEnvironment" />
    <property name="os.arch" value="amd64" />
    <property name="java.ext.dirs" value="C:\Program Files\Java\jdk1.8.0_121\jre\lib\ext;C:\Windows\Sun\Java\lib\ext" />
    <property name="user.dir" value="D:\UPChiapas\Documentos\JEJEManto" />
    <property name="ant.file.USJ" value="D:\UPChiapas\Documentos\JEJEManto\build.xml" />
    <property name="line.separator" value="&#xd;&#xa;" />
    <property name="java.vm.name" value="Java HotSpot(TM) 64-Bit Server VM" />
    <property name="app.version" value="0.3" />
    <property name="compile.deprecation" value="false" />
    <property name="basedir" value="D:\UPChiapas\Documentos\JEJEManto" />
    <property name="ant.java.version" value="1.8" />
    <property name="ant.core.lib" value="C:\apache-ant-1.9.9\lib\ant.jar" />
    <property name="file.encoding" value="Cp1252" />
    <property name="sun.stderr.encoding" value="cp850" />
    <property name="java.specification.version" value="1.8" />
    <property name="ant.project.invoked-targets" value="junitreportPerfil" />
  </properties>
  <testcase classname="edu.uag.iidis.scec.pruebas.PerfilDAOTest" name="testCrearPerfilE" time="1.676" />
  <testcase classname="edu.uag.iidis.scec.pruebas.PerfilDAOTest" name="testCrearPerfilF" time="0.017">
    <error message="org.hibernate.exception.ConstraintViolationException: Duplicate key or integrity constraint violation,  message from server: &quot;Duplicate entry &apos;joss&apos; for key &apos;usuario&apos;&quot;" type="edu.uag.iidis.scec.excepciones.ExcepcionInfraestructura">edu.uag.iidis.scec.excepciones.ExcepcionInfraestructura: org.hibernate.exception.ConstraintViolationException: Duplicate key or integrity constraint violation,  message from server: &quot;Duplicate entry &apos;joss&apos; for key &apos;usuario&apos;&quot;
	at edu.uag.iidis.scec.persistencia.hibernate.HibernateUtil.commitTransaction(HibernateUtil.java:275)
	at edu.uag.iidis.scec.pruebas.PerfilDAOTest.testCrearPerfilF(PerfilDAOTest.java:47)
Caused by: org.hibernate.exception.ConstraintViolationException: Duplicate key or integrity constraint violation,  message from server: &quot;Duplicate entry &apos;joss&apos; for key &apos;usuario&apos;&quot;
	at org.hibernate.exception.internal.SQLStateConverter.convert(SQLStateConverter.java:104)
	at org.hibernate.engine.jdbc.spi.SqlExceptionHelper.convert(SqlExceptionHelper.java:125)
	at org.hibernate.engine.jdbc.spi.SqlExceptionHelper.convert(SqlExceptionHelper.java:110)
	at org.hibernate.engine.jdbc.internal.proxy.AbstractStatementProxyHandler.continueInvocation(AbstractStatementProxyHandler.java:129)
	at org.hibernate.engine.jdbc.internal.proxy.AbstractProxyHandler.invoke(AbstractProxyHandler.java:81)
	at com.sun.proxy.$Proxy5.executeUpdate(Unknown Source)
	at org.hibernate.engine.jdbc.batch.internal.NonBatchingBatch.addToBatch(NonBatchingBatch.java:56)
	at org.hibernate.persister.entity.AbstractEntityPersister.insert(AbstractEntityPersister.java:2849)
	at org.hibernate.persister.entity.AbstractEntityPersister.insert(AbstractEntityPersister.java:3290)
	at org.hibernate.action.internal.EntityInsertAction.execute(EntityInsertAction.java:80)
	at org.hibernate.engine.spi.ActionQueue.execute(ActionQueue.java:273)
	at org.hibernate.engine.spi.ActionQueue.executeActions(ActionQueue.java:265)
	at org.hibernate.engine.spi.ActionQueue.executeActions(ActionQueue.java:186)
	at org.hibernate.event.internal.AbstractFlushingEventListener.performExecutions(AbstractFlushingEventListener.java:323)
	at org.hibernate.event.internal.DefaultFlushEventListener.onFlush(DefaultFlushEventListener.java:52)
	at org.hibernate.internal.SessionImpl.flush(SessionImpl.java:1081)
	at org.hibernate.internal.SessionImpl.managedFlush(SessionImpl.java:315)
	at org.hibernate.engine.transaction.internal.jdbc.JdbcTransaction.beforeTransactionCommit(JdbcTransaction.java:101)
	at org.hibernate.engine.transaction.spi.AbstractTransactionImpl.commit(AbstractTransactionImpl.java:175)
	at edu.uag.iidis.scec.persistencia.hibernate.HibernateUtil.commitTransaction(HibernateUtil.java:266)
Caused by: java.sql.SQLException: Duplicate key or integrity constraint violation,  message from server: &quot;Duplicate entry &apos;joss&apos; for key &apos;usuario&apos;&quot;
	at com.mysql.jdbc.MysqlIO.checkErrorPacket(MysqlIO.java:1977)
	at com.mysql.jdbc.MysqlIO.sendCommand(MysqlIO.java:1163)
	at com.mysql.jdbc.MysqlIO.sqlQueryDirect(MysqlIO.java:1272)
	at com.mysql.jdbc.Connection.execSQL(Connection.java:2236)
	at com.mysql.jdbc.PreparedStatement.executeUpdate(PreparedStatement.java:1741)
	at com.mysql.jdbc.PreparedStatement.executeUpdate(PreparedStatement.java:1588)
	at org.hibernate.engine.jdbc.internal.proxy.AbstractStatementProxyHandler.continueInvocation(AbstractStatementProxyHandler.java:122)
</error>
  </testcase>
  <testcase classname="edu.uag.iidis.scec.pruebas.PerfilDAOTest" name="testOrdenarPerfilesPor" time="0.133" />
  <testcase classname="edu.uag.iidis.scec.pruebas.PerfilDAOTest" name="testUpdatePerfil" time="0.031" />
  <testcase classname="edu.uag.iidis.scec.pruebas.PerfilDAOTest" name="testBuscarTodos" time="0.071" />
  <testcase classname="edu.uag.iidis.scec.pruebas.PerfilDAOTest" name="testExistePerfilE" time="0.012" />
  <testcase classname="edu.uag.iidis.scec.pruebas.PerfilDAOTest" name="testExistePerflF" time="0.005">
    <failure type="junit.framework.AssertionFailedError">junit.framework.AssertionFailedError
	at edu.uag.iidis.scec.pruebas.PerfilDAOTest.testExistePerflF(PerfilDAOTest.java:131)
</failure>
  </testcase>
  <testcase classname="edu.uag.iidis.scec.pruebas.PerfilDAOTest" name="testEliminarPerfil" time="0.03" />
  <system-out><![CDATA[[SCEC] 2017-04-02 21:05:07,369 DEBUG edu.uag.iidis.scec.persistencia.hibernate.HibernateUtil.<clinit>(69) : >creando sessionFactory
[SCEC] 2017-04-02 21:05:08,714 DEBUG edu.uag.iidis.scec.persistencia.hibernate.HibernateUtil.beginTransaction(230) : >beginTransaction()
[SCEC] 2017-04-02 21:05:08,715 DEBUG edu.uag.iidis.scec.persistencia.hibernate.HibernateUtil.beginTransaction(237) : -Iniciando una nueva transacción de base de datos en este thread.
[SCEC] 2017-04-02 21:05:08,716 DEBUG edu.uag.iidis.scec.persistencia.hibernate.HibernateUtil.getSession(160) : >getSession()
[SCEC] 2017-04-02 21:05:08,717 DEBUG edu.uag.iidis.scec.persistencia.hibernate.HibernateUtil.getSession(167) : -Abriendo una nueva sesión para el thread.
[SCEC] 2017-04-02 21:05:08,767 DEBUG edu.uag.iidis.scec.persistencia.PerfilDAO.hazPersistente(120) : >hazPersistente(perfil)
[SCEC] 2017-04-02 21:05:08,767 DEBUG edu.uag.iidis.scec.persistencia.hibernate.HibernateUtil.getSession(160) : >getSession()
Hibernate: select max(id) from editarperfil
[SCEC] 2017-04-02 21:05:08,916 DEBUG edu.uag.iidis.scec.persistencia.hibernate.HibernateUtil.commitTransaction(256) : >commitTransaction()
[SCEC] 2017-04-02 21:05:08,916 DEBUG edu.uag.iidis.scec.persistencia.hibernate.HibernateUtil.commitTransaction(264) : -Comprometiendo la transacción de este thread.
Hibernate: insert into editarperfil (usuario, contra, nombre, apellido, telefono, email, cp, pais, ciudad, estado, id) values (?, ?, ?, ?, ?, ?, ?, ?, ?, ?, ?)
[SCEC] 2017-04-02 21:05:08,965 DEBUG edu.uag.iidis.scec.persistencia.hibernate.HibernateUtil.closeSession(204) : >closeSession()
[SCEC] 2017-04-02 21:05:08,965 DEBUG edu.uag.iidis.scec.persistencia.hibernate.HibernateUtil.closeSession(212) : -Cerrando la sesión local al thread.
[SCEC] 2017-04-02 21:05:08,970 DEBUG edu.uag.iidis.scec.persistencia.hibernate.HibernateUtil.beginTransaction(230) : >beginTransaction()
[SCEC] 2017-04-02 21:05:08,970 DEBUG edu.uag.iidis.scec.persistencia.hibernate.HibernateUtil.beginTransaction(237) : -Iniciando una nueva transacción de base de datos en este thread.
[SCEC] 2017-04-02 21:05:08,970 DEBUG edu.uag.iidis.scec.persistencia.hibernate.HibernateUtil.getSession(160) : >getSession()
[SCEC] 2017-04-02 21:05:08,970 DEBUG edu.uag.iidis.scec.persistencia.hibernate.HibernateUtil.getSession(167) : -Abriendo una nueva sesión para el thread.
[SCEC] 2017-04-02 21:05:08,971 DEBUG edu.uag.iidis.scec.persistencia.PerfilDAO.hazPersistente(120) : >hazPersistente(perfil)
[SCEC] 2017-04-02 21:05:08,972 DEBUG edu.uag.iidis.scec.persistencia.hibernate.HibernateUtil.getSession(160) : >getSession()
[SCEC] 2017-04-02 21:05:08,973 DEBUG edu.uag.iidis.scec.persistencia.hibernate.HibernateUtil.commitTransaction(256) : >commitTransaction()
[SCEC] 2017-04-02 21:05:08,973 DEBUG edu.uag.iidis.scec.persistencia.hibernate.HibernateUtil.commitTransaction(264) : -Comprometiendo la transacción de este thread.
Hibernate: insert into editarperfil (usuario, contra, nombre, apellido, telefono, email, cp, pais, ciudad, estado, id) values (?, ?, ?, ?, ?, ?, ?, ?, ?, ?, ?)
[SCEC] 2017-04-02 21:05:08,978  WARN org.hibernate.engine.jdbc.spi.SqlExceptionHelper.logExceptions(143) : SQL Error: 1062, SQLState: 23000
[SCEC] 2017-04-02 21:05:08,978 ERROR org.hibernate.engine.jdbc.spi.SqlExceptionHelper.logExceptions(144) : Duplicate key or integrity constraint violation,  message from server: "Duplicate entry 'joss' for key 'usuario'"
[SCEC] 2017-04-02 21:05:08,979 DEBUG edu.uag.iidis.scec.persistencia.hibernate.HibernateUtil.commitTransaction(271) : -Deshaciendo la transacción de este thread.
[SCEC] 2017-04-02 21:05:08,979 DEBUG edu.uag.iidis.scec.persistencia.hibernate.HibernateUtil.rollbackTransaction(287) : >rollbackTransaction()
[SCEC] 2017-04-02 21:05:08,979 DEBUG edu.uag.iidis.scec.persistencia.hibernate.HibernateUtil.rollbackTransaction(295) : -Intentando deshacer la transacción para este thread.
[SCEC] 2017-04-02 21:05:08,981 DEBUG edu.uag.iidis.scec.persistencia.hibernate.HibernateUtil.rollbackTransaction(304) : -Intentando cerrar la sesión.
[SCEC] 2017-04-02 21:05:08,981 DEBUG edu.uag.iidis.scec.persistencia.hibernate.HibernateUtil.closeSession(204) : >closeSession()
[SCEC] 2017-04-02 21:05:08,981 DEBUG edu.uag.iidis.scec.persistencia.hibernate.HibernateUtil.closeSession(212) : -Cerrando la sesión local al thread.
[SCEC] 2017-04-02 21:05:08,982 ERROR edu.uag.iidis.scec.persistencia.hibernate.HibernateUtil.commitTransaction(274) : <HibernateException
[SCEC] 2017-04-02 21:05:08,982 DEBUG edu.uag.iidis.scec.persistencia.hibernate.HibernateUtil.rollbackTransaction(287) : >rollbackTransaction()
[SCEC] 2017-04-02 21:05:08,982 DEBUG edu.uag.iidis.scec.persistencia.hibernate.HibernateUtil.rollbackTransaction(304) : -Intentando cerrar la sesión.
[SCEC] 2017-04-02 21:05:08,982 DEBUG edu.uag.iidis.scec.persistencia.hibernate.HibernateUtil.closeSession(204) : >closeSession()
[SCEC] 2017-04-02 21:05:08,982 DEBUG edu.uag.iidis.scec.persistencia.hibernate.HibernateUtil.closeSession(204) : >closeSession()
[SCEC] 2017-04-02 21:05:08,987 DEBUG edu.uag.iidis.scec.persistencia.hibernate.HibernateUtil.beginTransaction(230) : >beginTransaction()
[SCEC] 2017-04-02 21:05:08,988 DEBUG edu.uag.iidis.scec.persistencia.hibernate.HibernateUtil.beginTransaction(237) : -Iniciando una nueva transacción de base de datos en este thread.
[SCEC] 2017-04-02 21:05:08,988 DEBUG edu.uag.iidis.scec.persistencia.hibernate.HibernateUtil.getSession(160) : >getSession()
[SCEC] 2017-04-02 21:05:08,988 DEBUG edu.uag.iidis.scec.persistencia.hibernate.HibernateUtil.getSession(167) : -Abriendo una nueva sesión para el thread.
[SCEC] 2017-04-02 21:05:08,988 DEBUG edu.uag.iidis.scec.persistencia.PerfilDAO.hazPersistente(120) : >hazPersistente(perfil)
[SCEC] 2017-04-02 21:05:08,988 DEBUG edu.uag.iidis.scec.persistencia.hibernate.HibernateUtil.getSession(160) : >getSession()
[SCEC] 2017-04-02 21:05:08,989 DEBUG edu.uag.iidis.scec.persistencia.PerfilDAO.ordenarPerfilesPor(68) : >existePerfil(nombrePerfil)
[SCEC] 2017-04-02 21:05:08,989 DEBUG edu.uag.iidis.scec.persistencia.PerfilDAO.ordenarPerfilesPor(81) : from Perfil ORDER BY usuariousuario
[SCEC] 2017-04-02 21:05:08,989 DEBUG edu.uag.iidis.scec.persistencia.hibernate.HibernateUtil.getSession(160) : >getSession()
[SCEC] 2017-04-02 21:05:09,100 DEBUG edu.uag.iidis.scec.persistencia.PerfilDAO.ordenarPerfilesPor(87) : <<<<<<<<< create query ok 
[SCEC] 2017-04-02 21:05:09,101 DEBUG edu.uag.iidis.scec.persistencia.PerfilDAO.ordenarPerfilesPor(90) : <<<<<<<<< set Parameter ok antes del query list >>>>>
Hibernate: insert into editarperfil (usuario, contra, nombre, apellido, telefono, email, cp, pais, ciudad, estado, id) values (?, ?, ?, ?, ?, ?, ?, ?, ?, ?, ?)
Hibernate: select perfil0_.id as id10_, perfil0_.usuario as usuario10_, perfil0_.contra as contra10_, perfil0_.nombre as nombre10_, perfil0_.apellido as apellido10_, perfil0_.telefono as telefono10_, perfil0_.email as email10_, perfil0_.cp as cp10_, perfil0_.pais as pais10_, perfil0_.ciudad as ciudad10_, perfil0_.estado as estado10_ from editarperfil perfil0_ order by perfil0_.usuario
[SCEC] 2017-04-02 21:05:09,116 DEBUG edu.uag.iidis.scec.persistencia.PerfilDAO.ordenarPerfilesPor(95) : <<<<<<<<< Result size 4
[SCEC] 2017-04-02 21:05:09,116 DEBUG edu.uag.iidis.scec.persistencia.hibernate.HibernateUtil.commitTransaction(256) : >commitTransaction()
[SCEC] 2017-04-02 21:05:09,116 DEBUG edu.uag.iidis.scec.persistencia.hibernate.HibernateUtil.commitTransaction(264) : -Comprometiendo la transacción de este thread.
[SCEC] 2017-04-02 21:05:09,120 DEBUG edu.uag.iidis.scec.persistencia.hibernate.HibernateUtil.closeSession(204) : >closeSession()
[SCEC] 2017-04-02 21:05:09,120 DEBUG edu.uag.iidis.scec.persistencia.hibernate.HibernateUtil.closeSession(212) : -Cerrando la sesión local al thread.
[SCEC] 2017-04-02 21:05:09,120 DEBUG edu.uag.iidis.scec.persistencia.hibernate.HibernateUtil.beginTransaction(230) : >beginTransaction()
[SCEC] 2017-04-02 21:05:09,121 DEBUG edu.uag.iidis.scec.persistencia.hibernate.HibernateUtil.beginTransaction(237) : -Iniciando una nueva transacción de base de datos en este thread.
[SCEC] 2017-04-02 21:05:09,121 DEBUG edu.uag.iidis.scec.persistencia.hibernate.HibernateUtil.getSession(160) : >getSession()
[SCEC] 2017-04-02 21:05:09,121 DEBUG edu.uag.iidis.scec.persistencia.hibernate.HibernateUtil.getSession(167) : -Abriendo una nueva sesión para el thread.
[SCEC] 2017-04-02 21:05:09,121 DEBUG edu.uag.iidis.scec.persistencia.PerfilDAO.actualizaPerfil(262) : >hazPersistente(perfil)
[SCEC] 2017-04-02 21:05:09,121 DEBUG edu.uag.iidis.scec.persistencia.hibernate.HibernateUtil.getSession(160) : >getSession()
Hibernate: select perfil0_.id as id10_, perfil0_.usuario as usuario10_, perfil0_.contra as contra10_, perfil0_.nombre as nombre10_, perfil0_.apellido as apellido10_, perfil0_.telefono as telefono10_, perfil0_.email as email10_, perfil0_.cp as cp10_, perfil0_.pais as pais10_, perfil0_.ciudad as ciudad10_, perfil0_.estado as estado10_ from editarperfil perfil0_ where perfil0_.usuario=?
[SCEC] 2017-04-02 21:05:09,131 DEBUG edu.uag.iidis.scec.persistencia.hibernate.HibernateUtil.getSession(160) : >getSession()
[SCEC] 2017-04-02 21:05:09,132 DEBUG edu.uag.iidis.scec.persistencia.PerfilDAO.buscaPerfil(214) : > buscaPerfil(nombreUsuario)
[SCEC] 2017-04-02 21:05:09,132 DEBUG edu.uag.iidis.scec.persistencia.PerfilDAO.buscaPerfil(221) : from Perfil where usuario like 'joss%'joss
[SCEC] 2017-04-02 21:05:09,132 DEBUG edu.uag.iidis.scec.persistencia.hibernate.HibernateUtil.getSession(160) : >getSession()
[SCEC] 2017-04-02 21:05:09,137 DEBUG edu.uag.iidis.scec.persistencia.PerfilDAO.buscaPerfil(227) : <<<<<<<<< create query ok 
[SCEC] 2017-04-02 21:05:09,137 DEBUG edu.uag.iidis.scec.persistencia.PerfilDAO.buscaPerfil(232) : <<<<<<<<< set Parameter ok antes del query list >>>>>
Hibernate: update editarperfil set usuario=?, contra=?, nombre=?, apellido=?, telefono=?, email=?, cp=?, pais=?, ciudad=?, estado=? where id=?
Hibernate: select perfil0_.id as id10_, perfil0_.usuario as usuario10_, perfil0_.contra as contra10_, perfil0_.nombre as nombre10_, perfil0_.apellido as apellido10_, perfil0_.telefono as telefono10_, perfil0_.email as email10_, perfil0_.cp as cp10_, perfil0_.pais as pais10_, perfil0_.ciudad as ciudad10_, perfil0_.estado as estado10_ from editarperfil perfil0_ where perfil0_.usuario like 'joss%'
[SCEC] 2017-04-02 21:05:09,146 DEBUG edu.uag.iidis.scec.persistencia.PerfilDAO.buscaPerfil(237) : <<<<<<<<< Result size 1
[SCEC] 2017-04-02 21:05:09,146 DEBUG edu.uag.iidis.scec.persistencia.hibernate.HibernateUtil.commitTransaction(256) : >commitTransaction()
[SCEC] 2017-04-02 21:05:09,147 DEBUG edu.uag.iidis.scec.persistencia.hibernate.HibernateUtil.commitTransaction(264) : -Comprometiendo la transacción de este thread.
[SCEC] 2017-04-02 21:05:09,151 DEBUG edu.uag.iidis.scec.persistencia.hibernate.HibernateUtil.closeSession(204) : >closeSession()
[SCEC] 2017-04-02 21:05:09,151 DEBUG edu.uag.iidis.scec.persistencia.hibernate.HibernateUtil.closeSession(212) : -Cerrando la sesión local al thread.
[SCEC] 2017-04-02 21:05:09,152 DEBUG edu.uag.iidis.scec.persistencia.hibernate.HibernateUtil.beginTransaction(230) : >beginTransaction()
[SCEC] 2017-04-02 21:05:09,152 DEBUG edu.uag.iidis.scec.persistencia.hibernate.HibernateUtil.beginTransaction(237) : -Iniciando una nueva transacción de base de datos en este thread.
[SCEC] 2017-04-02 21:05:09,152 DEBUG edu.uag.iidis.scec.persistencia.hibernate.HibernateUtil.getSession(160) : >getSession()
[SCEC] 2017-04-02 21:05:09,152 DEBUG edu.uag.iidis.scec.persistencia.hibernate.HibernateUtil.getSession(167) : -Abriendo una nueva sesión para el thread.
[SCEC] 2017-04-02 21:05:09,152 DEBUG edu.uag.iidis.scec.persistencia.PerfilDAO.buscarTodos(38) : >buscarTodos()
[SCEC] 2017-04-02 21:05:09,152 DEBUG edu.uag.iidis.scec.persistencia.hibernate.HibernateUtil.getSession(160) : >getSession()
Hibernate: select this_.id as id10_0_, this_.usuario as usuario10_0_, this_.contra as contra10_0_, this_.nombre as nombre10_0_, this_.apellido as apellido10_0_, this_.telefono as telefono10_0_, this_.email as email10_0_, this_.cp as cp10_0_, this_.pais as pais10_0_, this_.ciudad as ciudad10_0_, this_.estado as estado10_0_ from editarperfil this_
[SCEC] 2017-04-02 21:05:09,218 DEBUG edu.uag.iidis.scec.persistencia.PerfilDAO.buscarTodos(46) : >buscarTodos() ---- list [edu.uag.iidis.scec.modelo.Perfil@53ab0286[
  id=1
  usuario=javier
  contra=1234
  nombre=javier
  apellido=flores
  telefono=9612990641
  email=javierfh1404@gmail.com
  cp=29049
  pais=México
  ciudad=Tuxtla Gutiérrez
  estado=Chiapas
], edu.uag.iidis.scec.modelo.Perfil@63c5efee[
  id=2
  usuario=jul
  contra=123
  nombre=juliane
  apellido=arreola
  telefono=9865188291
  email=jul@gmail.com
  cp=29000
  pais=México
  ciudad=Tuxtla Gutiérrez
  estado=Chiapas
], edu.uag.iidis.scec.modelo.Perfil@2d10e0b1[
  id=3
  usuario=joss
  contra=hola1234
  nombre=Josseline
  apellido=Arreola
  telefono=9613040524
  email=joss21@gmail.com
  cp=29000
  pais=MÃ©xico
  ciudad=Tuxtla Gutierrez
  estado=Chiapas
], edu.uag.iidis.scec.modelo.Perfil@1c98290c[
  id=5
  usuario=armando
  contra=123
  nombre=armando
  apellido=Arreola
  telefono=9615048594
  email=ar2@gmail.com
  cp=29004
  pais=MÃ©xico
  ciudad=Tuxtla Gutierrez
  estado=Chiapas
]]
[SCEC] 2017-04-02 21:05:09,219 DEBUG edu.uag.iidis.scec.persistencia.hibernate.HibernateUtil.commitTransaction(256) : >commitTransaction()
[SCEC] 2017-04-02 21:05:09,219 DEBUG edu.uag.iidis.scec.persistencia.hibernate.HibernateUtil.commitTransaction(264) : -Comprometiendo la transacción de este thread.
[SCEC] 2017-04-02 21:05:09,222 DEBUG edu.uag.iidis.scec.persistencia.hibernate.HibernateUtil.closeSession(204) : >closeSession()
[SCEC] 2017-04-02 21:05:09,223 DEBUG edu.uag.iidis.scec.persistencia.hibernate.HibernateUtil.closeSession(212) : -Cerrando la sesión local al thread.
[SCEC] 2017-04-02 21:05:09,223 DEBUG edu.uag.iidis.scec.persistencia.hibernate.HibernateUtil.beginTransaction(230) : >beginTransaction()
[SCEC] 2017-04-02 21:05:09,224 DEBUG edu.uag.iidis.scec.persistencia.hibernate.HibernateUtil.beginTransaction(237) : -Iniciando una nueva transacción de base de datos en este thread.
[SCEC] 2017-04-02 21:05:09,224 DEBUG edu.uag.iidis.scec.persistencia.hibernate.HibernateUtil.getSession(160) : >getSession()
[SCEC] 2017-04-02 21:05:09,224 DEBUG edu.uag.iidis.scec.persistencia.hibernate.HibernateUtil.getSession(167) : -Abriendo una nueva sesión para el thread.
[SCEC] 2017-04-02 21:05:09,224 DEBUG edu.uag.iidis.scec.persistencia.PerfilDAO.existePerfil(165) : >existeUsuario(nombreUsuario)
[SCEC] 2017-04-02 21:05:09,225 DEBUG edu.uag.iidis.scec.persistencia.PerfilDAO.existePerfil(173) : select usuario from Perfil where usuario = :usuariojoss
[SCEC] 2017-04-02 21:05:09,225 DEBUG edu.uag.iidis.scec.persistencia.hibernate.HibernateUtil.getSession(160) : >getSession()
[SCEC] 2017-04-02 21:05:09,230 DEBUG edu.uag.iidis.scec.persistencia.PerfilDAO.existePerfil(179) : <<<<<<<<< create query ok 
[SCEC] 2017-04-02 21:05:09,231 DEBUG edu.uag.iidis.scec.persistencia.PerfilDAO.existePerfil(183) : <<<<<<<<< set Parameter ok antes del query list >>>>>
Hibernate: select perfil0_.usuario as col_0_0_ from editarperfil perfil0_ where perfil0_.usuario=?
[SCEC] 2017-04-02 21:05:09,233 DEBUG edu.uag.iidis.scec.persistencia.PerfilDAO.existePerfil(188) : <<<<<<<<< Result size 1
[SCEC] 2017-04-02 21:05:09,233 DEBUG edu.uag.iidis.scec.persistencia.hibernate.HibernateUtil.commitTransaction(256) : >commitTransaction()
[SCEC] 2017-04-02 21:05:09,233 DEBUG edu.uag.iidis.scec.persistencia.hibernate.HibernateUtil.commitTransaction(264) : -Comprometiendo la transacción de este thread.
[SCEC] 2017-04-02 21:05:09,234 DEBUG edu.uag.iidis.scec.persistencia.hibernate.HibernateUtil.closeSession(204) : >closeSession()
[SCEC] 2017-04-02 21:05:09,234 DEBUG edu.uag.iidis.scec.persistencia.hibernate.HibernateUtil.closeSession(212) : -Cerrando la sesión local al thread.
[SCEC] 2017-04-02 21:05:09,235 DEBUG edu.uag.iidis.scec.persistencia.hibernate.HibernateUtil.beginTransaction(230) : >beginTransaction()
[SCEC] 2017-04-02 21:05:09,235 DEBUG edu.uag.iidis.scec.persistencia.hibernate.HibernateUtil.beginTransaction(237) : -Iniciando una nueva transacción de base de datos en este thread.
[SCEC] 2017-04-02 21:05:09,235 DEBUG edu.uag.iidis.scec.persistencia.hibernate.HibernateUtil.getSession(160) : >getSession()
[SCEC] 2017-04-02 21:05:09,235 DEBUG edu.uag.iidis.scec.persistencia.hibernate.HibernateUtil.getSession(167) : -Abriendo una nueva sesión para el thread.
[SCEC] 2017-04-02 21:05:09,236 DEBUG edu.uag.iidis.scec.persistencia.PerfilDAO.existePerfil(165) : >existeUsuario(nombreUsuario)
[SCEC] 2017-04-02 21:05:09,236 DEBUG edu.uag.iidis.scec.persistencia.PerfilDAO.existePerfil(173) : select usuario from Perfil where usuario = :usuariojoss1
[SCEC] 2017-04-02 21:05:09,236 DEBUG edu.uag.iidis.scec.persistencia.hibernate.HibernateUtil.getSession(160) : >getSession()
[SCEC] 2017-04-02 21:05:09,236 DEBUG edu.uag.iidis.scec.persistencia.PerfilDAO.existePerfil(179) : <<<<<<<<< create query ok 
[SCEC] 2017-04-02 21:05:09,237 DEBUG edu.uag.iidis.scec.persistencia.PerfilDAO.existePerfil(183) : <<<<<<<<< set Parameter ok antes del query list >>>>>
Hibernate: select perfil0_.usuario as col_0_0_ from editarperfil perfil0_ where perfil0_.usuario=?
[SCEC] 2017-04-02 21:05:09,238 DEBUG edu.uag.iidis.scec.persistencia.PerfilDAO.existePerfil(188) : <<<<<<<<< Result size 0
[SCEC] 2017-04-02 21:05:09,238 DEBUG edu.uag.iidis.scec.persistencia.hibernate.HibernateUtil.commitTransaction(256) : >commitTransaction()
[SCEC] 2017-04-02 21:05:09,238 DEBUG edu.uag.iidis.scec.persistencia.hibernate.HibernateUtil.commitTransaction(264) : -Comprometiendo la transacción de este thread.
[SCEC] 2017-04-02 21:05:09,238 DEBUG edu.uag.iidis.scec.persistencia.hibernate.HibernateUtil.closeSession(204) : >closeSession()
[SCEC] 2017-04-02 21:05:09,238 DEBUG edu.uag.iidis.scec.persistencia.hibernate.HibernateUtil.closeSession(212) : -Cerrando la sesión local al thread.
[SCEC] 2017-04-02 21:05:09,241 DEBUG edu.uag.iidis.scec.persistencia.hibernate.HibernateUtil.beginTransaction(230) : >beginTransaction()
[SCEC] 2017-04-02 21:05:09,241 DEBUG edu.uag.iidis.scec.persistencia.hibernate.HibernateUtil.beginTransaction(237) : -Iniciando una nueva transacción de base de datos en este thread.
[SCEC] 2017-04-02 21:05:09,241 DEBUG edu.uag.iidis.scec.persistencia.hibernate.HibernateUtil.getSession(160) : >getSession()
[SCEC] 2017-04-02 21:05:09,241 DEBUG edu.uag.iidis.scec.persistencia.hibernate.HibernateUtil.getSession(167) : -Abriendo una nueva sesión para el thread.
[SCEC] 2017-04-02 21:05:09,241 DEBUG edu.uag.iidis.scec.persistencia.PerfilDAO.eliminarPerfil(296) : >hazTransitorio(Perfil)
[SCEC] 2017-04-02 21:05:09,242 DEBUG edu.uag.iidis.scec.persistencia.hibernate.HibernateUtil.getSession(160) : >getSession()
Hibernate: select perfil0_.id as id10_, perfil0_.usuario as usuario10_, perfil0_.contra as contra10_, perfil0_.nombre as nombre10_, perfil0_.apellido as apellido10_, perfil0_.telefono as telefono10_, perfil0_.email as email10_, perfil0_.cp as cp10_, perfil0_.pais as pais10_, perfil0_.ciudad as ciudad10_, perfil0_.estado as estado10_ from editarperfil perfil0_ where perfil0_.usuario=?
[SCEC] 2017-04-02 21:05:09,243 DEBUG edu.uag.iidis.scec.persistencia.hibernate.HibernateUtil.getSession(160) : >getSession()
[SCEC] 2017-04-02 21:05:09,246 DEBUG edu.uag.iidis.scec.persistencia.PerfilDAO.buscaPerfil(214) : > buscaPerfil(nombreUsuario)
[SCEC] 2017-04-02 21:05:09,246 DEBUG edu.uag.iidis.scec.persistencia.PerfilDAO.buscaPerfil(221) : from Perfil where usuario like 'jul%'jul
[SCEC] 2017-04-02 21:05:09,246 DEBUG edu.uag.iidis.scec.persistencia.hibernate.HibernateUtil.getSession(160) : >getSession()
[SCEC] 2017-04-02 21:05:09,249 DEBUG edu.uag.iidis.scec.persistencia.PerfilDAO.buscaPerfil(227) : <<<<<<<<< create query ok 
[SCEC] 2017-04-02 21:05:09,250 DEBUG edu.uag.iidis.scec.persistencia.PerfilDAO.buscaPerfil(232) : <<<<<<<<< set Parameter ok antes del query list >>>>>
Hibernate: delete from editarperfil where id=?
Hibernate: select perfil0_.id as id10_, perfil0_.usuario as usuario10_, perfil0_.contra as contra10_, perfil0_.nombre as nombre10_, perfil0_.apellido as apellido10_, perfil0_.telefono as telefono10_, perfil0_.email as email10_, perfil0_.cp as cp10_, perfil0_.pais as pais10_, perfil0_.ciudad as ciudad10_, perfil0_.estado as estado10_ from editarperfil perfil0_ where perfil0_.usuario like 'jul%'
[SCEC] 2017-04-02 21:05:09,252 DEBUG edu.uag.iidis.scec.persistencia.PerfilDAO.buscaPerfil(237) : <<<<<<<<< Result size 0
[SCEC] 2017-04-02 21:05:09,252 DEBUG edu.uag.iidis.scec.persistencia.hibernate.HibernateUtil.commitTransaction(256) : >commitTransaction()
[SCEC] 2017-04-02 21:05:09,252 DEBUG edu.uag.iidis.scec.persistencia.hibernate.HibernateUtil.commitTransaction(264) : -Comprometiendo la transacción de este thread.
[SCEC] 2017-04-02 21:05:09,269 DEBUG edu.uag.iidis.scec.persistencia.hibernate.HibernateUtil.closeSession(204) : >closeSession()
[SCEC] 2017-04-02 21:05:09,270 DEBUG edu.uag.iidis.scec.persistencia.hibernate.HibernateUtil.closeSession(212) : -Cerrando la sesión local al thread.
]]></system-out>
  <system-err><![CDATA[]]></system-err>
</testsuite>
