<?xml version="1.0" encoding="UTF-8" ?>
<testsuite errors="1" failures="0" hostname="UPChiapas-PC" name="edu.uag.iidis.scec.pruebas.RolDAOTest" skipped="0" tests="1" time="1.7" timestamp="2017-03-30T14:57:21">
  <properties>
    <property name="java.vendor" value="Oracle Corporation" />
    <property name="sun.java.launcher" value="SUN_STANDARD" />
    <property name="sun.management.compiler" value="HotSpot 64-Bit Tiered Compilers" />
    <property name="os.name" value="Windows 7" />
    <property name="sun.boot.class.path" value="C:\Program Files\Java\jdk1.8.0_121\jre\lib\resources.jar;C:\Program Files\Java\jdk1.8.0_121\jre\lib\rt.jar;C:\Program Files\Java\jdk1.8.0_121\jre\lib\sunrsasign.jar;C:\Program Files\Java\jdk1.8.0_121\jre\lib\jsse.jar;C:\Program Files\Java\jdk1.8.0_121\jre\lib\jce.jar;C:\Program Files\Java\jdk1.8.0_121\jre\lib\charsets.jar;C:\Program Files\Java\jdk1.8.0_121\jre\lib\jfr.jar;C:\Program Files\Java\jdk1.8.0_121\jre\classes" />
    <property name="sun.desktop" value="windows" />
    <property name="java.vm.specification.vendor" value="Oracle Corporation" />
    <property name="ant.home" value="C:\apache-ant-1.9.9" />
    <property name="java.runtime.version" value="1.8.0_121-b13" />
    <property name="src.home" value="D:\UPChiapas\Documentos\JEJEManto/src" />
    <property name="user.name" value="UPChiapas" />
    <property name="web.home" value="D:\UPChiapas\Documentos\JEJEManto/web" />
    <property name="ant.file.type.USJ" value="file" />
    <property name="manager.password" value="root" />
    <property name="test.out.dir" value="D:\UPChiapas\Documentos\JEJEManto/testout" />
    <property name="user.language" value="es" />
    <property name="sun.boot.library.path" value="C:\Program Files\Java\jdk1.8.0_121\jre\bin" />
    <property name="ant.project.default-target" value="build" />
    <property name="docs.home" value="D:\UPChiapas\Documentos\JEJEManto/docs" />
    <property name="ant.project.name" value="USJ" />
    <property name="java.version" value="1.8.0_121" />
    <property name="lib.home" value="D:\UPChiapas\Documentos\JEJEManto/build/WEB-INF/lib" />
    <property name="user.timezone" value="" />
    <property name="sun.arch.data.model" value="64" />
    <property name="compile.optimize" value="true" />
    <property name="java.endorsed.dirs" value="C:\Program Files\Java\jdk1.8.0_121\jre\lib\endorsed" />
    <property name="sun.cpu.isalist" value="amd64" />
    <property name="sun.jnu.encoding" value="Cp1252" />
    <property name="file.encoding.pkg" value="sun.io" />
    <property name="file.separator" value="\" />
    <property name="java.specification.name" value="Java Platform API Specification" />
    <property name="java.class.version" value="52.0" />
    <property name="build.home" value="D:\UPChiapas\Documentos\JEJEManto/build" />
    <property name="manager.username" value="root" />
    <property name="user.country" value="ES" />
    <property name="java.home" value="C:\Program Files\Java\jdk1.8.0_121\jre" />
    <property name="java.vm.info" value="mixed mode" />
    <property name="ant.file" value="D:\UPChiapas\Documentos\JEJEManto\build.xml" />
    <property name="os.version" value="6.1" />
    <property name="classes.home" value="D:\UPChiapas\Documentos\JEJEManto/build/WEB-INF/classes" />
    <property name="path.separator" value=";" />
    <property name="manager.url" value="http://127.0.0.1:8080/manager/text" />
    <property name="java.vm.version" value="25.121-b13" />
    <property name="user.variant" value="" />
    <property name="ant.library.dir" value="C:\apache-ant-1.9.9\lib" />
    <property name="java.awt.printerjob" value="sun.awt.windows.WPrinterJob" />
    <property name="sun.io.unicode.encoding" value="UnicodeLittle" />
    <property name="awt.toolkit" value="sun.awt.windows.WToolkit" />
    <property name="sun.stdout.encoding" value="cp850" />
    <property name="user.script" value="" />
    <property name="user.home" value="C:\Users\UPChiapas" />
    <property name="java.specification.vendor" value="Oracle Corporation" />
    <property name="app.path" value="/JEJEv0.3" />
    <property name="java.library.path" value="C:\Program Files\Java\jdk1.8.0_121\bin;C:\Windows\Sun\Java\bin;C:\Windows\system32;C:\Windows;C:\Program Files\Java\jdk1.8.0_121\bin;C:\Program Files\Java\jdk1.8.0_121\jre\lib\ext\*;C:\ProgramData\Oracle\Java\javapath;C:\Windows\system32;C:\Windows;C:\Windows\System32\Wbem;C:\Windows\System32\WindowsPowerShell\v1.0\;C:\Program Files\Intel\WiFi\bin\;C:\Program Files\Common Files\Intel\WirelessCommon\;C:\Program Files\Microsoft SQL Server\110\Tools\Binn\;C:\apache-ant-1.9.9\bin;C:\Windows\system32\config\systemprofile\.dnx\bin;C:\Program Files\Microsoft DNX\Dnvm\;C:\Program Files\Microsoft SQL Server\130\Tools\Binn\;C:\Program Files\Git\cmd;C:\Program Files\MATLAB\MATLAB Production Server\R2015a\runtime\win64;C:\Program Files\MATLAB\MATLAB Production Server\R2015a\bin;C:\Program Files\MATLAB\MATLAB Production Server\R2015a\polyspace\bin;C:\Program Files\nodejs\;C:\Program Files (x86)\Windows Kits\8.1\Windows Performance Toolkit\;C:\Program Files\Intel\WiFi\bin\;C:\Program Files\Common Files\Intel\WirelessCommon\;C:\Apache Tomcat 8.0.27\bin;C:\Users\UPChiapas\AppData\Roaming\npm;." />
    <property name="java.vendor.url" value="http://java.oracle.com/" />
    <property name="java.vm.vendor" value="Oracle Corporation" />
    <property name="java.runtime.name" value="Java(TM) SE Runtime Environment" />
    <property name="sun.java.command" value="org.apache.tools.ant.launch.Launcher -cp C:\Program Files\Java\jdk1.8.0_121\src.zip; junit" />
    <property name="java.class.path" value="C:\apache-ant-1.9.9\lib\ant-launcher.jar;C:\Program Files\Java\jdk1.8.0_121\src.zip;C:\apache-ant-1.9.9\lib\ant-antlr.jar;C:\apache-ant-1.9.9\lib\ant-apache-bcel.jar;C:\apache-ant-1.9.9\lib\ant-apache-bsf.jar;C:\apache-ant-1.9.9\lib\ant-apache-log4j.jar;C:\apache-ant-1.9.9\lib\ant-apache-oro.jar;C:\apache-ant-1.9.9\lib\ant-apache-regexp.jar;C:\apache-ant-1.9.9\lib\ant-apache-resolver.jar;C:\apache-ant-1.9.9\lib\ant-apache-xalan2.jar;C:\apache-ant-1.9.9\lib\ant-commons-logging.jar;C:\apache-ant-1.9.9\lib\ant-commons-net.jar;C:\apache-ant-1.9.9\lib\ant-jai.jar;C:\apache-ant-1.9.9\lib\ant-javamail.jar;C:\apache-ant-1.9.9\lib\ant-jdepend.jar;C:\apache-ant-1.9.9\lib\ant-jmf.jar;C:\apache-ant-1.9.9\lib\ant-jsch.jar;C:\apache-ant-1.9.9\lib\ant-junit.jar;C:\apache-ant-1.9.9\lib\ant-junit4.jar;C:\apache-ant-1.9.9\lib\ant-launcher.jar;C:\apache-ant-1.9.9\lib\ant-netrexx.jar;C:\apache-ant-1.9.9\lib\ant-swing.jar;C:\apache-ant-1.9.9\lib\ant-testutil.jar;C:\apache-ant-1.9.9\lib\ant.jar;C:\Program Files\Java\jdk1.8.0_121\lib\tools.jar" />
    <property name="ant.version" value="Apache Ant(TM) version 1.9.9 compiled on February 2 2017" />
    <property name="app.name" value="JEJE" />
    <property name="java.vm.specification.name" value="Java Virtual Machine Specification" />
    <property name="ant.file.type" value="file" />
    <property name="java.vm.specification.version" value="1.8" />
    <property name="catalina.home" value="C:\Apache Tomcat 8.0.27" />
    <property name="sun.cpu.endian" value="little" />
    <property name="sun.os.patch.level" value="Service Pack 1" />
    <property name="compile.debug" value="true" />
    <property name="java.io.tmpdir" value="C:\Users\UPCHIA~1\AppData\Local\Temp\" />
    <property name="dist.home" value="D:\UPChiapas\Documentos\JEJEManto/dist" />
    <property name="java.vendor.url.bug" value="http://bugreport.sun.com/bugreport/" />
    <property name="java.awt.graphicsenv" value="sun.awt.Win32GraphicsEnvironment" />
    <property name="os.arch" value="amd64" />
    <property name="java.ext.dirs" value="C:\Program Files\Java\jdk1.8.0_121\jre\lib\ext;C:\Windows\Sun\Java\lib\ext" />
    <property name="user.dir" value="D:\UPChiapas\Documentos\JEJEManto" />
    <property name="ant.file.USJ" value="D:\UPChiapas\Documentos\JEJEManto\build.xml" />
    <property name="line.separator" value="&#xd;&#xa;" />
    <property name="java.vm.name" value="Java HotSpot(TM) 64-Bit Server VM" />
    <property name="app.version" value="0.3" />
    <property name="compile.deprecation" value="false" />
    <property name="basedir" value="D:\UPChiapas\Documentos\JEJEManto" />
    <property name="ant.java.version" value="1.8" />
    <property name="ant.core.lib" value="C:\apache-ant-1.9.9\lib\ant.jar" />
    <property name="file.encoding" value="Cp1252" />
    <property name="sun.stderr.encoding" value="cp850" />
    <property name="java.specification.version" value="1.8" />
    <property name="ant.project.invoked-targets" value="junit" />
  </properties>
  <testcase classname="edu.uag.iidis.scec.pruebas.RolDAOTest" name="testCrearRol" time="0.156">
    <error message="org.hibernate.exception.SQLGrammarException: Base table or view not found,  message from server: &quot;Table &apos;manto.roles&apos; doesn&apos;t exist&quot;" type="edu.uag.iidis.scec.excepciones.ExcepcionInfraestructura">edu.uag.iidis.scec.excepciones.ExcepcionInfraestructura: org.hibernate.exception.SQLGrammarException: Base table or view not found,  message from server: &quot;Table &apos;manto.roles&apos; doesn&apos;t exist&quot;
	at edu.uag.iidis.scec.persistencia.RolDAO.hazPersistente(RolDAO.java:118)
	at edu.uag.iidis.scec.pruebas.RolDAOTest.testCrearRol(RolDAOTest.java:37)
	at junit.extensions.TestDecorator.basicRun(TestDecorator.java:22)
	at junit.extensions.TestSetup$1.protect(TestSetup.java:19)
	at junit.extensions.TestSetup.run(TestSetup.java:23)
Caused by: org.hibernate.exception.SQLGrammarException: Base table or view not found,  message from server: &quot;Table &apos;manto.roles&apos; doesn&apos;t exist&quot;
	at org.hibernate.exception.internal.SQLStateConverter.convert(SQLStateConverter.java:100)
	at org.hibernate.engine.jdbc.spi.SqlExceptionHelper.convert(SqlExceptionHelper.java:125)
	at org.hibernate.engine.jdbc.spi.SqlExceptionHelper.convert(SqlExceptionHelper.java:110)
	at org.hibernate.engine.jdbc.internal.proxy.AbstractStatementProxyHandler.continueInvocation(AbstractStatementProxyHandler.java:129)
	at org.hibernate.engine.jdbc.internal.proxy.AbstractProxyHandler.invoke(AbstractProxyHandler.java:81)
	at com.sun.proxy.$Proxy3.executeQuery(Unknown Source)
	at org.hibernate.id.IncrementGenerator.initializePreviousValueHolder(IncrementGenerator.java:128)
	at org.hibernate.id.IncrementGenerator.generate(IncrementGenerator.java:68)
	at org.hibernate.event.internal.AbstractSaveEventListener.saveWithGeneratedId(AbstractSaveEventListener.java:120)
	at org.hibernate.event.internal.DefaultSaveOrUpdateEventListener.saveWithGeneratedOrRequestedId(DefaultSaveOrUpdateEventListener.java:204)
	at org.hibernate.event.internal.DefaultSaveOrUpdateEventListener.entityIsTransient(DefaultSaveOrUpdateEventListener.java:189)
	at org.hibernate.event.internal.DefaultSaveOrUpdateEventListener.performSaveOrUpdate(DefaultSaveOrUpdateEventListener.java:114)
	at org.hibernate.event.internal.DefaultSaveOrUpdateEventListener.onSaveOrUpdate(DefaultSaveOrUpdateEventListener.java:90)
	at org.hibernate.internal.SessionImpl.fireSaveOrUpdate(SessionImpl.java:615)
	at org.hibernate.internal.SessionImpl.saveOrUpdate(SessionImpl.java:608)
	at org.hibernate.internal.SessionImpl.saveOrUpdate(SessionImpl.java:604)
	at edu.uag.iidis.scec.persistencia.RolDAO.hazPersistente(RolDAO.java:113)
Caused by: java.sql.SQLException: Base table or view not found,  message from server: &quot;Table &apos;manto.roles&apos; doesn&apos;t exist&quot;
	at com.mysql.jdbc.MysqlIO.checkErrorPacket(MysqlIO.java:1977)
	at com.mysql.jdbc.MysqlIO.sendCommand(MysqlIO.java:1163)
	at com.mysql.jdbc.MysqlIO.sqlQueryDirect(MysqlIO.java:1272)
	at com.mysql.jdbc.Connection.execSQL(Connection.java:2236)
	at com.mysql.jdbc.PreparedStatement.executeQuery(PreparedStatement.java:1555)
	at org.hibernate.engine.jdbc.internal.proxy.AbstractStatementProxyHandler.continueInvocation(AbstractStatementProxyHandler.java:122)
</error>
  </testcase>
  <system-out><![CDATA[[SCEC] 2017-03-30 08:57:21,286 DEBUG edu.uag.iidis.scec.persistencia.hibernate.HibernateUtil.<clinit>(69) : >creando sessionFactory
[SCEC] 2017-03-30 08:57:22,690 ERROR org.hibernate.tool.hbm2ddl.SchemaExport.perform(426) : HHH000389: Unsuccessful: alter table UsuarioRol drop foreign key FK4CA33E1C7F566F0
[SCEC] 2017-03-30 08:57:22,690 ERROR org.hibernate.tool.hbm2ddl.SchemaExport.perform(427) : Base table or view not found,  message from server: "Table 'manto.usuariorol' doesn't exist"
[SCEC] 2017-03-30 08:57:22,705 ERROR org.hibernate.tool.hbm2ddl.SchemaExport.perform(426) : HHH000389: Unsuccessful: alter table UsuarioRol drop foreign key FK4CA33E1BC6DE0AE
[SCEC] 2017-03-30 08:57:22,705 ERROR org.hibernate.tool.hbm2ddl.SchemaExport.perform(427) : Base table or view not found,  message from server: "Table 'manto.usuariorol' doesn't exist"
[SCEC] 2017-03-30 08:57:22,705 ERROR org.hibernate.tool.hbm2ddl.SchemaExport.perform(426) : HHH000389: Unsuccessful: create table Estados (id bigint not null, Nombre varchar(255) not null unique, Descripcion varchar(255), primary key (id)) type=InnoDB
[SCEC] 2017-03-30 08:57:22,705 ERROR org.hibernate.tool.hbm2ddl.SchemaExport.perform(427) : Syntax error or access violation,  message from server: "You have an error in your SQL syntax; check the manual that corresponds to your MySQL server version for the right syntax to use near 'type=InnoDB' at line 6"
[SCEC] 2017-03-30 08:57:22,705 ERROR org.hibernate.tool.hbm2ddl.SchemaExport.perform(426) : HHH000389: Unsuccessful: create table Lugares (id bigint not null, Nombre varchar(255) not null unique, Descripcion varchar(255), Poblacion bigint, Coordenadas varchar(255), Estado varchar(255), Imagen varchar(255), Pais varchar(255), Moneda varchar(255), primary key (id)) type=InnoDB
[SCEC] 2017-03-30 08:57:22,705 ERROR org.hibernate.tool.hbm2ddl.SchemaExport.perform(427) : Syntax error or access violation,  message from server: "You have an error in your SQL syntax; check the manual that corresponds to your MySQL server version for the right syntax to use near 'type=InnoDB' at line 12"
[SCEC] 2017-03-30 08:57:22,705 ERROR org.hibernate.tool.hbm2ddl.SchemaExport.perform(426) : HHH000389: Unsuccessful: create table Pais (id bigint not null, Nombre varchar(255) not null unique, Descripcion varchar(255), primary key (id)) type=InnoDB
[SCEC] 2017-03-30 08:57:22,705 ERROR org.hibernate.tool.hbm2ddl.SchemaExport.perform(427) : Syntax error or access violation,  message from server: "You have an error in your SQL syntax; check the manual that corresponds to your MySQL server version for the right syntax to use near 'type=InnoDB' at line 6"
[SCEC] 2017-03-30 08:57:22,705 ERROR org.hibernate.tool.hbm2ddl.SchemaExport.perform(426) : HHH000389: Unsuccessful: create table Recomendaciones (id bigint not null, Nombre varchar(255) not null, Estado varchar(255), Usuario varchar(255), Fecha varchar(255), Comentario varchar(255), Calificacion bigint, primary key (id)) type=InnoDB
[SCEC] 2017-03-30 08:57:22,705 ERROR org.hibernate.tool.hbm2ddl.SchemaExport.perform(427) : Syntax error or access violation,  message from server: "You have an error in your SQL syntax; check the manual that corresponds to your MySQL server version for the right syntax to use near 'type=InnoDB' at line 10"
[SCEC] 2017-03-30 08:57:22,705 ERROR org.hibernate.tool.hbm2ddl.SchemaExport.perform(426) : HHH000389: Unsuccessful: create table Roles (idRol bigint not null, nombre varchar(255) not null unique, descripcion varchar(255), primary key (idRol)) type=InnoDB
[SCEC] 2017-03-30 08:57:22,705 ERROR org.hibernate.tool.hbm2ddl.SchemaExport.perform(427) : Syntax error or access violation,  message from server: "You have an error in your SQL syntax; check the manual that corresponds to your MySQL server version for the right syntax to use near 'type=InnoDB' at line 6"
[SCEC] 2017-03-30 08:57:22,705 ERROR org.hibernate.tool.hbm2ddl.SchemaExport.perform(426) : HHH000389: Unsuccessful: create table UsuarioRol (idUsuario bigint not null, idRol bigint not null) type=InnoDB
[SCEC] 2017-03-30 08:57:22,705 ERROR org.hibernate.tool.hbm2ddl.SchemaExport.perform(427) : Syntax error or access violation,  message from server: "You have an error in your SQL syntax; check the manual that corresponds to your MySQL server version for the right syntax to use near 'type=InnoDB' at line 4"
[SCEC] 2017-03-30 08:57:22,705 ERROR org.hibernate.tool.hbm2ddl.SchemaExport.perform(426) : HHH000389: Unsuccessful: create table Usuarios (idUsuario bigint not null, nombrePrefijo varchar(255), nombreNombre varchar(255), nombreApellidoPaterno varchar(255), nombreApellidoMaterno varchar(255), nombrePosfijo varchar(255), nombreIniciales varchar(255), nombreUsuario varchar(255) not null unique, claveAcceso varchar(255) not null, primary key (idUsuario)) type=InnoDB
[SCEC] 2017-03-30 08:57:22,705 ERROR org.hibernate.tool.hbm2ddl.SchemaExport.perform(427) : Syntax error or access violation,  message from server: "You have an error in your SQL syntax; check the manual that corresponds to your MySQL server version for the right syntax to use near 'type=InnoDB' at line 12"
[SCEC] 2017-03-30 08:57:22,705 ERROR org.hibernate.tool.hbm2ddl.SchemaExport.perform(426) : HHH000389: Unsuccessful: create table ciudades (idciudad bigint not null, nombre varchar(255) not null unique, descripcion varchar(255), primary key (idciudad)) type=InnoDB
[SCEC] 2017-03-30 08:57:22,705 ERROR org.hibernate.tool.hbm2ddl.SchemaExport.perform(427) : Syntax error or access violation,  message from server: "You have an error in your SQL syntax; check the manual that corresponds to your MySQL server version for the right syntax to use near 'type=InnoDB' at line 6"
[SCEC] 2017-03-30 08:57:22,705 ERROR org.hibernate.tool.hbm2ddl.SchemaExport.perform(426) : HHH000389: Unsuccessful: create table clima (idClima bigint not null, latitud varchar(255), longitud varchar(255), ciudad varchar(255) not null unique, primary key (idClima)) type=InnoDB
[SCEC] 2017-03-30 08:57:22,705 ERROR org.hibernate.tool.hbm2ddl.SchemaExport.perform(427) : Syntax error or access violation,  message from server: "You have an error in your SQL syntax; check the manual that corresponds to your MySQL server version for the right syntax to use near 'type=InnoDB' at line 7"
[SCEC] 2017-03-30 08:57:22,705 ERROR org.hibernate.tool.hbm2ddl.SchemaExport.perform(426) : HHH000389: Unsuccessful: create table editarperfil (id bigint not null, usuario varchar(255) not null unique, contra varchar(255) not null, nombre varchar(255) not null, apellido varchar(255) not null, telefono varchar(255) not null, email varchar(255) not null, cp varchar(255) not null, pais varchar(255), ciudad varchar(255), estado varchar(255), primary key (id)) type=InnoDB
[SCEC] 2017-03-30 08:57:22,705 ERROR org.hibernate.tool.hbm2ddl.SchemaExport.perform(427) : Syntax error or access violation,  message from server: "You have an error in your SQL syntax; check the manual that corresponds to your MySQL server version for the right syntax to use near 'type=InnoDB' at line 14"
[SCEC] 2017-03-30 08:57:22,705 ERROR org.hibernate.tool.hbm2ddl.SchemaExport.perform(426) : HHH000389: Unsuccessful: create table evento (idEvento bigint not null, nombre varchar(255) not null unique, fecha varchar(255), primary key (idEvento)) type=InnoDB
[SCEC] 2017-03-30 08:57:22,705 ERROR org.hibernate.tool.hbm2ddl.SchemaExport.perform(427) : Syntax error or access violation,  message from server: "You have an error in your SQL syntax; check the manual that corresponds to your MySQL server version for the right syntax to use near 'type=InnoDB' at line 6"
[SCEC] 2017-03-30 08:57:22,705 ERROR org.hibernate.tool.hbm2ddl.SchemaExport.perform(426) : HHH000389: Unsuccessful: create table vehiculos (idVehiculo bigint not null, tipo varchar(255), modelo varchar(255), marca varchar(255), placa varchar(255), color varchar(255), curp varchar(255), primary key (idVehiculo)) type=InnoDB
[SCEC] 2017-03-30 08:57:22,705 ERROR org.hibernate.tool.hbm2ddl.SchemaExport.perform(427) : Syntax error or access violation,  message from server: "You have an error in your SQL syntax; check the manual that corresponds to your MySQL server version for the right syntax to use near 'type=InnoDB' at line 10"
[SCEC] 2017-03-30 08:57:22,705 ERROR org.hibernate.tool.hbm2ddl.SchemaExport.perform(426) : HHH000389: Unsuccessful: alter table UsuarioRol add index FK4CA33E1C7F566F0 (idRol), add constraint FK4CA33E1C7F566F0 foreign key (idRol) references Roles (idRol)
[SCEC] 2017-03-30 08:57:22,705 ERROR org.hibernate.tool.hbm2ddl.SchemaExport.perform(427) : Base table or view not found,  message from server: "Table 'manto.usuariorol' doesn't exist"
[SCEC] 2017-03-30 08:57:22,705 ERROR org.hibernate.tool.hbm2ddl.SchemaExport.perform(426) : HHH000389: Unsuccessful: alter table UsuarioRol add index FK4CA33E1BC6DE0AE (idUsuario), add constraint FK4CA33E1BC6DE0AE foreign key (idUsuario) references Usuarios (idUsuario)
[SCEC] 2017-03-30 08:57:22,705 ERROR org.hibernate.tool.hbm2ddl.SchemaExport.perform(427) : Base table or view not found,  message from server: "Table 'manto.usuariorol' doesn't exist"
[SCEC] 2017-03-30 08:57:22,721 DEBUG edu.uag.iidis.scec.persistencia.hibernate.HibernateUtil.beginTransaction(230) : >beginTransaction()
[SCEC] 2017-03-30 08:57:22,721 DEBUG edu.uag.iidis.scec.persistencia.hibernate.HibernateUtil.beginTransaction(237) : -Iniciando una nueva transacción de base de datos en este thread.
[SCEC] 2017-03-30 08:57:22,721 DEBUG edu.uag.iidis.scec.persistencia.hibernate.HibernateUtil.getSession(160) : >getSession()
[SCEC] 2017-03-30 08:57:22,721 DEBUG edu.uag.iidis.scec.persistencia.hibernate.HibernateUtil.getSession(167) : -Abriendo una nueva sesión para el thread.
[SCEC] 2017-03-30 08:57:22,752 DEBUG edu.uag.iidis.scec.persistencia.RolDAO.hazPersistente(109) : >hazPersistente(rol)
[SCEC] 2017-03-30 08:57:22,752 DEBUG edu.uag.iidis.scec.persistencia.hibernate.HibernateUtil.getSession(160) : >getSession()
Hibernate: select max(idRol) from Roles
[SCEC] 2017-03-30 08:57:22,861  WARN org.hibernate.engine.jdbc.spi.SqlExceptionHelper.logExceptions(143) : SQL Error: 1146, SQLState: 42S02
[SCEC] 2017-03-30 08:57:22,861 ERROR org.hibernate.engine.jdbc.spi.SqlExceptionHelper.logExceptions(144) : Base table or view not found,  message from server: "Table 'manto.roles' doesn't exist"
[SCEC] 2017-03-30 08:57:22,861  WARN edu.uag.iidis.scec.persistencia.RolDAO.hazPersistente(116) : <HibernateException
[SCEC] 2017-03-30 08:57:22,861 DEBUG edu.uag.iidis.scec.persistencia.hibernate.HibernateUtil.rollbackTransaction(287) : >rollbackTransaction()
[SCEC] 2017-03-30 08:57:22,861 DEBUG edu.uag.iidis.scec.persistencia.hibernate.HibernateUtil.rollbackTransaction(295) : -Intentando deshacer la transacción para este thread.
[SCEC] 2017-03-30 08:57:22,861 DEBUG edu.uag.iidis.scec.persistencia.hibernate.HibernateUtil.rollbackTransaction(304) : -Intentando cerrar la sesión.
[SCEC] 2017-03-30 08:57:22,861 DEBUG edu.uag.iidis.scec.persistencia.hibernate.HibernateUtil.closeSession(204) : >closeSession()
[SCEC] 2017-03-30 08:57:22,861 DEBUG edu.uag.iidis.scec.persistencia.hibernate.HibernateUtil.closeSession(212) : -Cerrando la sesión local al thread.
[SCEC] 2017-03-30 08:57:22,861 DEBUG edu.uag.iidis.scec.persistencia.hibernate.HibernateUtil.closeSession(204) : >closeSession()
]]></system-out>
  <system-err><![CDATA[]]></system-err>
</testsuite>
